[2019-09-17 20:31:29.295] [25223] [INFO] Initilized logger in process with PID #25227
[2019-09-17 20:31:36.804] [25223] [INFO] Main system running in process with PID #25223.
[2019-09-17 20:31:36.806] [25223] [INFO] Distribution Center #1 running in process with PID #25232.
[2019-09-17 20:31:36.806] [25232] [INFO] Producer #1.1 running in process with PID #25233.
[2019-09-17 20:31:36.806] [25233] [DEBUG] Producer #1.1 (Mario Santos) current stock: 100 roses and 100 tulips.
[2019-09-17 20:31:36.806] [25233] [DEBUG] Producer #1.1 (Mario Santos) current stock: 96 roses and 94 tulips.
[2019-09-17 20:31:36.807] [25233] [INFO] Producer #1.1 (Mario Santos) sent a box with 4 roses and 6 tulips to the Distribution Center #1.
[2019-09-17 20:31:36.807] [25233] [DEBUG] Producer #1.1 (Mario Santos) current stock: 94 roses and 86 tulips.
[2019-09-17 20:31:36.807] [25233] [INFO] Producer #1.1 (Mario Santos) sent a box with 2 roses and 8 tulips to the Distribution Center #1.
[2019-09-17 20:31:36.807] [25233] [DEBUG] Producer #1.1 (Mario Santos) current stock: 91 roses and 79 tulips.
[2019-09-17 20:31:36.807] [25233] [INFO] Producer #1.1 (Mario Santos) sent a box with 3 roses and 7 tulips to the Distribution Center #1.
[2019-09-17 20:31:36.807] [25233] [DEBUG] Producer #1.1 (Mario Santos) current stock: 89 roses and 71 tulips.
[2019-09-17 20:31:36.807] [25233] [INFO] Producer #1.1 (Mario Santos) sent a box with 2 roses and 8 tulips to the Distribution Center #1.
[2019-09-17 20:31:36.807] [25233] [DEBUG] Producer #1.1 (Mario Santos) current stock: 85 roses and 65 tulips.
[2019-09-17 20:31:36.807] [25233] [INFO] Producer #1.1 (Mario Santos) sent a box with 4 roses and 6 tulips to the Distribution Center #1.
[2019-09-17 20:31:36.807] [25233] [DEBUG] Producer #1.1 (Mario Santos) current stock: 80 roses and 60 tulips.
[2019-09-17 20:31:36.807] [25232] [INFO] Producer #1.2 running in process with PID #25234.
[2019-09-17 20:31:36.807] [25233] [INFO] Producer #1.1 (Mario Santos) sent a box with 5 roses and 5 tulips to the Distribution Center #1.
[2019-09-17 20:31:36.807] [25233] [DEBUG] Producer #1.1 (Mario Santos) current stock: 73 roses and 57 tulips.
[2019-09-17 20:31:36.807] [25233] [INFO] Producer #1.1 (Mario Santos) sent a box with 7 roses and 3 tulips to the Distribution Center #1.
[2019-09-17 20:31:36.807] [25233] [DEBUG] Producer #1.1 (Mario Santos) current stock: 72 roses and 48 tulips.
[2019-09-17 20:31:36.807] [25233] [INFO] Producer #1.1 (Mario Santos) sent a box with 1 roses and 9 tulips to the Distribution Center #1.
[2019-09-17 20:31:36.807] [25233] [DEBUG] Producer #1.1 (Mario Santos) current stock: 71 roses and 39 tulips.
[2019-09-17 20:31:36.807] [25233] [INFO] Producer #1.1 (Mario Santos) sent a box with 1 roses and 9 tulips to the Distribution Center #1.
[2019-09-17 20:31:36.807] [25233] [DEBUG] Producer #1.1 (Mario Santos) current stock: 63 roses and 37 tulips.
[2019-09-17 20:31:36.807] [25233] [INFO] Producer #1.1 (Mario Santos) sent a box with 8 roses and 2 tulips to the Distribution Center #1.
[2019-09-17 20:31:36.807] [25233] [DEBUG] Producer #1.1 (Mario Santos) current stock: 63 roses and 27 tulips.
[2019-09-17 20:31:36.807] [25233] [INFO] Producer #1.1 (Mario Santos) sent a box with 0 roses and 10 tulips to the Distribution Center #1.
[2019-09-17 20:31:36.807] [25232] [INFO] Producer #1.3 running in process with PID #25235.
[2019-09-17 20:31:36.807] [25233] [DEBUG] Producer #1.1 (Mario Santos) current stock: 54 roses and 26 tulips.
[2019-09-17 20:31:36.807] [25233] [INFO] Producer #1.1 (Mario Santos) sent a box with 9 roses and 1 tulips to the Distribution Center #1.
[2019-09-17 20:31:36.807] [25233] [DEBUG] Producer #1.1 (Mario Santos) current stock: 45 roses and 25 tulips.
[2019-09-17 20:31:36.807] [25233] [INFO] Producer #1.1 (Mario Santos) sent a box with 9 roses and 1 tulips to the Distribution Center #1.
[2019-09-17 20:31:36.807] [25233] [DEBUG] Producer #1.1 (Mario Santos) current stock: 43 roses and 17 tulips.
[2019-09-17 20:31:36.807] [25234] [DEBUG] Producer #1.2 (Emilio Ravenna) current stock: 100 roses and 100 tulips.
[2019-09-17 20:31:36.807] [25233] [INFO] Producer #1.1 (Mario Santos) sent a box with 2 roses and 8 tulips to the Distribution Center #1.
[2019-09-17 20:31:36.807] [25234] [DEBUG] Producer #1.2 (Emilio Ravenna) current stock: 96 roses and 94 tulips.
[2019-09-17 20:31:36.807] [25233] [DEBUG] Producer #1.1 (Mario Santos) current stock: 39 roses and 11 tulips.
[2019-09-17 20:31:36.807] [25233] [INFO] Producer #1.1 (Mario Santos) sent a box with 4 roses and 6 tulips to the Distribution Center #1.
[2019-09-17 20:31:36.807] [25234] [INFO] Producer #1.2 (Emilio Ravenna) sent a box with 4 roses and 6 tulips to the Distribution Center #1.
[2019-09-17 20:31:36.807] [25233] [DEBUG] Producer #1.1 (Mario Santos) current stock: 35 roses and 5 tulips.
[2019-09-17 20:31:36.807] [25234] [DEBUG] Producer #1.2 (Emilio Ravenna) current stock: 87 roses and 93 tulips.
[2019-09-17 20:31:36.807] [25233] [INFO] Producer #1.1 (Mario Santos) sent a box with 4 roses and 6 tulips to the Distribution Center #1.
[2019-09-17 20:31:36.807] [25234] [INFO] Producer #1.2 (Emilio Ravenna) sent a box with 9 roses and 1 tulips to the Distribution Center #1.
[2019-09-17 20:31:36.807] [25233] [DEBUG] Producer #1.1 (Mario Santos) current stock: 30 roses and 0 tulips.
[2019-09-17 20:31:36.807] [25234] [DEBUG] Producer #1.2 (Emilio Ravenna) current stock: 81 roses and 89 tulips.
[2019-09-17 20:31:36.807] [25233] [INFO] Producer #1.1 (Mario Santos) sent a box with 5 roses and 5 tulips to the Distribution Center #1.
[2019-09-17 20:31:36.807] [25234] [INFO] Producer #1.2 (Emilio Ravenna) sent a box with 6 roses and 4 tulips to the Distribution Center #1.
[2019-09-17 20:31:36.807] [25233] [DEBUG] Producer #1.1 (Mario Santos) current stock: 20 roses and 0 tulips.
[2019-09-17 20:31:36.807] [25234] [DEBUG] Producer #1.2 (Emilio Ravenna) current stock: 80 roses and 80 tulips.
[2019-09-17 20:31:36.807] [25233] [INFO] Producer #1.1 (Mario Santos) sent a box with 10 roses and 0 tulips to the Distribution Center #1.
[2019-09-17 20:31:36.807] [25232] [INFO] Producer #1.4 running in process with PID #25236.
[2019-09-17 20:31:36.807] [25234] [INFO] Producer #1.2 (Emilio Ravenna) sent a box with 1 roses and 9 tulips to the Distribution Center #1.
[2019-09-17 20:31:36.807] [25233] [DEBUG] Producer #1.1 (Mario Santos) current stock: 10 roses and 0 tulips.
[2019-09-17 20:31:36.807] [25234] [DEBUG] Producer #1.2 (Emilio Ravenna) current stock: 78 roses and 72 tulips.
[2019-09-17 20:31:36.807] [25233] [INFO] Producer #1.1 (Mario Santos) sent a box with 10 roses and 0 tulips to the Distribution Center #1.
[2019-09-17 20:31:36.807] [25234] [INFO] Producer #1.2 (Emilio Ravenna) sent a box with 2 roses and 8 tulips to the Distribution Center #1.
[2019-09-17 20:31:36.807] [25233] [DEBUG] Producer #1.1 (Mario Santos) current stock: 0 roses and 0 tulips.
[2019-09-17 20:31:36.807] [25234] [DEBUG] Producer #1.2 (Emilio Ravenna) current stock: 77 roses and 63 tulips.
[2019-09-17 20:31:36.807] [25233] [INFO] Producer #1.1 (Mario Santos) sent a box with 10 roses and 0 tulips to the Distribution Center #1.
[2019-09-17 20:31:36.807] [25234] [INFO] Producer #1.2 (Emilio Ravenna) sent a box with 1 roses and 9 tulips to the Distribution Center #1.
[2019-09-17 20:31:36.807] [25234] [DEBUG] Producer #1.2 (Emilio Ravenna) current stock: 77 roses and 53 tulips.
[2019-09-17 20:31:36.807] [25233] [INFO] Producer #1.1 (Mario Santos) pipe destroyed.
[2019-09-17 20:31:36.807] [25234] [INFO] Producer #1.2 (Emilio Ravenna) sent a box with 0 roses and 10 tulips to the Distribution Center #1.
[2019-09-17 20:31:36.808] [25234] [DEBUG] Producer #1.2 (Emilio Ravenna) current stock: 73 roses and 47 tulips.
[2019-09-17 20:31:36.808] [25234] [INFO] Producer #1.2 (Emilio Ravenna) sent a box with 4 roses and 6 tulips to the Distribution Center #1.
[2019-09-17 20:31:36.808] [25234] [DEBUG] Producer #1.2 (Emilio Ravenna) current stock: 71 roses and 39 tulips.
[2019-09-17 20:31:36.808] [25234] [INFO] Producer #1.2 (Emilio Ravenna) sent a box with 2 roses and 8 tulips to the Distribution Center #1.
[2019-09-17 20:31:36.808] [25234] [DEBUG] Producer #1.2 (Emilio Ravenna) current stock: 69 roses and 31 tulips.
[2019-09-17 20:31:36.808] [25234] [INFO] Producer #1.2 (Emilio Ravenna) sent a box with 2 roses and 8 tulips to the Distribution Center #1.
[2019-09-17 20:31:36.808] [25236] [DEBUG] Producer #1.4 (Gabriel Medina) current stock: 100 roses and 100 tulips.
[2019-09-17 20:31:36.808] [25234] [DEBUG] Producer #1.2 (Emilio Ravenna) current stock: 62 roses and 28 tulips.
[2019-09-17 20:31:36.808] [25234] [INFO] Producer #1.2 (Emilio Ravenna) sent a box with 7 roses and 3 tulips to the Distribution Center #1.
[2019-09-17 20:31:36.808] [25232] [INFO] Producer #1.5 running in process with PID #25237.
[2019-09-17 20:31:36.808] [25236] [DEBUG] Producer #1.4 (Gabriel Medina) current stock: 91 roses and 99 tulips.
[2019-09-17 20:31:36.808] [25234] [DEBUG] Producer #1.2 (Emilio Ravenna) current stock: 61 roses and 19 tulips.
[2019-09-17 20:31:36.808] [25236] [INFO] Producer #1.4 (Gabriel Medina) sent a box with 9 roses and 1 tulips to the Distribution Center #1.
[2019-09-17 20:31:36.808] [25234] [INFO] Producer #1.2 (Emilio Ravenna) sent a box with 1 roses and 9 tulips to the Distribution Center #1.
[2019-09-17 20:31:36.808] [25236] [DEBUG] Producer #1.4 (Gabriel Medina) current stock: 83 roses and 97 tulips.
[2019-09-17 20:31:36.808] [25234] [DEBUG] Producer #1.2 (Emilio Ravenna) current stock: 56 roses and 14 tulips.
[2019-09-17 20:31:36.808] [25236] [INFO] Producer #1.4 (Gabriel Medina) sent a box with 8 roses and 2 tulips to the Distribution Center #1.
[2019-09-17 20:31:36.808] [25234] [INFO] Producer #1.2 (Emilio Ravenna) sent a box with 5 roses and 5 tulips to the Distribution Center #1.
[2019-09-17 20:31:36.808] [25236] [DEBUG] Producer #1.4 (Gabriel Medina) current stock: 80 roses and 90 tulips.
[2019-09-17 20:31:36.808] [25234] [DEBUG] Producer #1.2 (Emilio Ravenna) current stock: 52 roses and 8 tulips.
[2019-09-17 20:31:36.808] [25236] [INFO] Producer #1.4 (Gabriel Medina) sent a box with 3 roses and 7 tulips to the Distribution Center #1.
[2019-09-17 20:31:36.808] [25234] [INFO] Producer #1.2 (Emilio Ravenna) sent a box with 4 roses and 6 tulips to the Distribution Center #1.
[2019-09-17 20:31:36.808] [25236] [DEBUG] Producer #1.4 (Gabriel Medina) current stock: 76 roses and 84 tulips.
[2019-09-17 20:31:36.808] [25234] [DEBUG] Producer #1.2 (Emilio Ravenna) current stock: 50 roses and 0 tulips.
[2019-09-17 20:31:36.808] [25236] [INFO] Producer #1.4 (Gabriel Medina) sent a box with 4 roses and 6 tulips to the Distribution Center #1.
[2019-09-17 20:31:36.808] [25234] [INFO] Producer #1.2 (Emilio Ravenna) sent a box with 2 roses and 8 tulips to the Distribution Center #1.
[2019-09-17 20:31:36.808] [25236] [DEBUG] Producer #1.4 (Gabriel Medina) current stock: 70 roses and 80 tulips.
[2019-09-17 20:31:36.808] [25234] [DEBUG] Producer #1.2 (Emilio Ravenna) current stock: 40 roses and 0 tulips.
[2019-09-17 20:31:36.808] [25237] [DEBUG] Producer #1.5 (Franco Milazzo) current stock: 100 roses and 100 tulips.
[2019-09-17 20:31:36.808] [25236] [INFO] Producer #1.4 (Gabriel Medina) sent a box with 6 roses and 4 tulips to the Distribution Center #1.
[2019-09-17 20:31:36.808] [25234] [INFO] Producer #1.2 (Emilio Ravenna) sent a box with 10 roses and 0 tulips to the Distribution Center #1.
[2019-09-17 20:31:36.808] [25237] [DEBUG] Producer #1.5 (Franco Milazzo) current stock: 100 roses and 90 tulips.
[2019-09-17 20:31:36.808] [25236] [DEBUG] Producer #1.4 (Gabriel Medina) current stock: 61 roses and 79 tulips.
[2019-09-17 20:31:36.808] [25234] [DEBUG] Producer #1.2 (Emilio Ravenna) current stock: 30 roses and 0 tulips.
[2019-09-17 20:31:36.808] [25237] [INFO] Producer #1.5 (Franco Milazzo) sent a box with 0 roses and 10 tulips to the Distribution Center #1.
[2019-09-17 20:31:36.808] [25236] [INFO] Producer #1.4 (Gabriel Medina) sent a box with 9 roses and 1 tulips to the Distribution Center #1.
[2019-09-17 20:31:36.808] [25234] [INFO] Producer #1.2 (Emilio Ravenna) sent a box with 10 roses and 0 tulips to the Distribution Center #1.
[2019-09-17 20:31:36.808] [25232] [INFO] Seller #1.1 running in process with PID #25238.
[2019-09-17 20:31:36.808] [25237] [DEBUG] Producer #1.5 (Franco Milazzo) current stock: 92 roses and 88 tulips.
[2019-09-17 20:31:36.808] [25236] [DEBUG] Producer #1.4 (Gabriel Medina) current stock: 58 roses and 72 tulips.
[2019-09-17 20:31:36.808] [25234] [DEBUG] Producer #1.2 (Emilio Ravenna) current stock: 20 roses and 0 tulips.
[2019-09-17 20:31:36.808] [25237] [INFO] Producer #1.5 (Franco Milazzo) sent a box with 8 roses and 2 tulips to the Distribution Center #1.
[2019-09-17 20:31:36.808] [25236] [INFO] Producer #1.4 (Gabriel Medina) sent a box with 3 roses and 7 tulips to the Distribution Center #1.
[2019-09-17 20:31:36.808] [25234] [INFO] Producer #1.2 (Emilio Ravenna) sent a box with 10 roses and 0 tulips to the Distribution Center #1.
[2019-09-17 20:31:36.808] [25237] [DEBUG] Producer #1.5 (Franco Milazzo) current stock: 91 roses and 79 tulips.
[2019-09-17 20:31:36.808] [25236] [DEBUG] Producer #1.4 (Gabriel Medina) current stock: 56 roses and 64 tulips.
[2019-09-17 20:31:36.808] [25234] [DEBUG] Producer #1.2 (Emilio Ravenna) current stock: 10 roses and 0 tulips.
[2019-09-17 20:31:36.808] [25237] [INFO] Producer #1.5 (Franco Milazzo) sent a box with 1 roses and 9 tulips to the Distribution Center #1.
[2019-09-17 20:31:36.808] [25236] [INFO] Producer #1.4 (Gabriel Medina) sent a box with 2 roses and 8 tulips to the Distribution Center #1.
[2019-09-17 20:31:36.808] [25234] [INFO] Producer #1.2 (Emilio Ravenna) sent a box with 10 roses and 0 tulips to the Distribution Center #1.
[2019-09-17 20:31:36.808] [25237] [DEBUG] Producer #1.5 (Franco Milazzo) current stock: 85 roses and 75 tulips.
[2019-09-17 20:31:36.808] [25236] [DEBUG] Producer #1.4 (Gabriel Medina) current stock: 55 roses and 55 tulips.
[2019-09-17 20:31:36.808] [25234] [DEBUG] Producer #1.2 (Emilio Ravenna) current stock: 0 roses and 0 tulips.
[2019-09-17 20:31:36.808] [25237] [INFO] Producer #1.5 (Franco Milazzo) sent a box with 6 roses and 4 tulips to the Distribution Center #1.
[2019-09-17 20:31:36.808] [25236] [INFO] Producer #1.4 (Gabriel Medina) sent a box with 1 roses and 9 tulips to the Distribution Center #1.
[2019-09-17 20:31:36.808] [25234] [INFO] Producer #1.2 (Emilio Ravenna) sent a box with 10 roses and 0 tulips to the Distribution Center #1.
[2019-09-17 20:31:36.808] [25236] [DEBUG] Producer #1.4 (Gabriel Medina) current stock: 52 roses and 48 tulips.
[2019-09-17 20:31:36.808] [25237] [DEBUG] Producer #1.5 (Franco Milazzo) current stock: 79 roses and 71 tulips.
[2019-09-17 20:31:36.808] [25234] [INFO] Producer #1.2 (Emilio Ravenna) pipe destroyed.
[2019-09-17 20:31:36.808] [25236] [INFO] Producer #1.4 (Gabriel Medina) sent a box with 3 roses and 7 tulips to the Distribution Center #1.
[2019-09-17 20:31:36.808] [25237] [INFO] Producer #1.5 (Franco Milazzo) sent a box with 6 roses and 4 tulips to the Distribution Center #1.
[2019-09-17 20:31:36.808] [25236] [DEBUG] Producer #1.4 (Gabriel Medina) current stock: 50 roses and 40 tulips.
[2019-09-17 20:31:36.808] [25237] [DEBUG] Producer #1.5 (Franco Milazzo) current stock: 71 roses and 69 tulips.
[2019-09-17 20:31:36.808] [25236] [INFO] Producer #1.4 (Gabriel Medina) sent a box with 2 roses and 8 tulips to the Distribution Center #1.
[2019-09-17 20:31:36.808] [25237] [INFO] Producer #1.5 (Franco Milazzo) sent a box with 8 roses and 2 tulips to the Distribution Center #1.
[2019-09-17 20:31:36.809] [25236] [DEBUG] Producer #1.4 (Gabriel Medina) current stock: 48 roses and 32 tulips.
[2019-09-17 20:31:36.809] [25237] [DEBUG] Producer #1.5 (Franco Milazzo) current stock: 63 roses and 67 tulips.
[2019-09-17 20:31:36.809] [25232] [INFO] Seller #1.2 running in process with PID #25239.
[2019-09-17 20:31:36.809] [25236] [INFO] Producer #1.4 (Gabriel Medina) sent a box with 2 roses and 8 tulips to the Distribution Center #1.
[2019-09-17 20:31:36.809] [25237] [INFO] Producer #1.5 (Franco Milazzo) sent a box with 8 roses and 2 tulips to the Distribution Center #1.
[2019-09-17 20:31:36.809] [25236] [DEBUG] Producer #1.4 (Gabriel Medina) current stock: 46 roses and 24 tulips.
[2019-09-17 20:31:36.809] [25237] [DEBUG] Producer #1.5 (Franco Milazzo) current stock: 54 roses and 66 tulips.
[2019-09-17 20:31:36.809] [25236] [INFO] Producer #1.4 (Gabriel Medina) sent a box with 2 roses and 8 tulips to the Distribution Center #1.
[2019-09-17 20:31:36.809] [25237] [INFO] Producer #1.5 (Franco Milazzo) sent a box with 9 roses and 1 tulips to the Distribution Center #1.
[2019-09-17 20:31:36.809] [25236] [DEBUG] Producer #1.4 (Gabriel Medina) current stock: 44 roses and 16 tulips.
[2019-09-17 20:31:36.809] [25237] [DEBUG] Producer #1.5 (Franco Milazzo) current stock: 48 roses and 62 tulips.
[2019-09-17 20:31:36.809] [25236] [INFO] Producer #1.4 (Gabriel Medina) sent a box with 2 roses and 8 tulips to the Distribution Center #1.
[2019-09-17 20:31:36.809] [25237] [INFO] Producer #1.5 (Franco Milazzo) sent a box with 6 roses and 4 tulips to the Distribution Center #1.
[2019-09-17 20:31:36.809] [25236] [DEBUG] Producer #1.4 (Gabriel Medina) current stock: 41 roses and 9 tulips.
[2019-09-17 20:31:36.809] [25237] [DEBUG] Producer #1.5 (Franco Milazzo) current stock: 39 roses and 61 tulips.
[2019-09-17 20:31:36.809] [25238] [INFO] Client Simulator # 1.1 running in process 25240.
[2019-09-17 20:31:36.809] [25236] [INFO] Producer #1.4 (Gabriel Medina) sent a box with 3 roses and 7 tulips to the Distribution Center #1.
[2019-09-17 20:31:36.809] [25237] [INFO] Producer #1.5 (Franco Milazzo) sent a box with 9 roses and 1 tulips to the Distribution Center #1.
[2019-09-17 20:31:36.809] [25238] [INFO] Seller # 1.1 started to listen for requests.
[2019-09-17 20:31:36.809] [25236] [DEBUG] Producer #1.4 (Gabriel Medina) current stock: 35 roses and 5 tulips.
[2019-09-17 20:31:36.809] [25237] [DEBUG] Producer #1.5 (Franco Milazzo) current stock: 34 roses and 56 tulips.
[2019-09-17 20:31:36.809] [25236] [INFO] Producer #1.4 (Gabriel Medina) sent a box with 6 roses and 4 tulips to the Distribution Center #1.
[2019-09-17 20:31:36.809] [25237] [INFO] Producer #1.5 (Franco Milazzo) sent a box with 5 roses and 5 tulips to the Distribution Center #1.
[2019-09-17 20:31:36.809] [25236] [DEBUG] Producer #1.4 (Gabriel Medina) current stock: 26 roses and 4 tulips.
[2019-09-17 20:31:36.809] [25237] [DEBUG] Producer #1.5 (Franco Milazzo) current stock: 33 roses and 47 tulips.
[2019-09-17 20:31:36.809] [25236] [INFO] Producer #1.4 (Gabriel Medina) sent a box with 9 roses and 1 tulips to the Distribution Center #1.
[2019-09-17 20:31:36.809] [25237] [INFO] Producer #1.5 (Franco Milazzo) sent a box with 1 roses and 9 tulips to the Distribution Center #1.
[2019-09-17 20:31:36.809] [25232] [INFO] Seller #1.3 running in process with PID #25241.
[2019-09-17 20:31:36.809] [25237] [DEBUG] Producer #1.5 (Franco Milazzo) current stock: 31 roses and 39 tulips.
[2019-09-17 20:31:36.809] [25236] [DEBUG] Producer #1.4 (Gabriel Medina) current stock: 19 roses and 1 tulips.
[2019-09-17 20:31:36.809] [25237] [INFO] Producer #1.5 (Franco Milazzo) sent a box with 2 roses and 8 tulips to the Distribution Center #1.
[2019-09-17 20:31:36.809] [25236] [INFO] Producer #1.4 (Gabriel Medina) sent a box with 7 roses and 3 tulips to the Distribution Center #1.
[2019-09-17 20:31:36.809] [25237] [DEBUG] Producer #1.5 (Franco Milazzo) current stock: 22 roses and 38 tulips.
[2019-09-17 20:31:36.809] [25236] [DEBUG] Producer #1.4 (Gabriel Medina) current stock: 10 roses and 0 tulips.
[2019-09-17 20:31:36.809] [25237] [INFO] Producer #1.5 (Franco Milazzo) sent a box with 9 roses and 1 tulips to the Distribution Center #1.
[2019-09-17 20:31:36.809] [25236] [INFO] Producer #1.4 (Gabriel Medina) sent a box with 9 roses and 1 tulips to the Distribution Center #1.
[2019-09-17 20:31:36.809] [25237] [DEBUG] Producer #1.5 (Franco Milazzo) current stock: 13 roses and 37 tulips.
[2019-09-17 20:31:36.809] [25236] [DEBUG] Producer #1.4 (Gabriel Medina) current stock: 0 roses and 0 tulips.
[2019-09-17 20:31:36.809] [25237] [INFO] Producer #1.5 (Franco Milazzo) sent a box with 9 roses and 1 tulips to the Distribution Center #1.
[2019-09-17 20:31:36.809] [25236] [INFO] Producer #1.4 (Gabriel Medina) sent a box with 10 roses and 0 tulips to the Distribution Center #1.
[2019-09-17 20:31:36.809] [25237] [DEBUG] Producer #1.5 (Franco Milazzo) current stock: 9 roses and 31 tulips.
[2019-09-17 20:31:36.809] [25237] [INFO] Producer #1.5 (Franco Milazzo) sent a box with 4 roses and 6 tulips to the Distribution Center #1.
[2019-09-17 20:31:36.809] [25236] [INFO] Producer #1.4 (Gabriel Medina) pipe destroyed.
[2019-09-17 20:31:36.809] [25239] [INFO] Client Simulator # 1.2 running in process 25242.
[2019-09-17 20:31:36.809] [25237] [DEBUG] Producer #1.5 (Franco Milazzo) current stock: 8 roses and 22 tulips.
[2019-09-17 20:31:36.809] [25240] [INFO] Generating request for Client #1 in Sale Point #1.1: 5 roses and 9 tulips.
[2019-09-17 20:31:36.809] [25239] [INFO] Seller # 1.2 started to listen for requests.
[2019-09-17 20:31:36.809] [25237] [INFO] Producer #1.5 (Franco Milazzo) sent a box with 1 roses and 9 tulips to the Distribution Center #1.
[2019-09-17 20:31:36.809] [25237] [DEBUG] Producer #1.5 (Franco Milazzo) current stock: 1 roses and 19 tulips.
[2019-09-17 20:31:36.809] [25237] [INFO] Producer #1.5 (Franco Milazzo) sent a box with 7 roses and 3 tulips to the Distribution Center #1.
[2019-09-17 20:31:36.809] [25238] [INFO] Seller # 1.1 received a request for 4 roses and 5 tulips.
[2019-09-17 20:31:36.809] [25237] [DEBUG] Producer #1.5 (Franco Milazzo) current stock: 0 roses and 10 tulips.
[2019-09-17 20:31:36.809] [25232] [INFO] Seller #1.4 running in process with PID #25243.
[2019-09-17 20:31:36.809] [25237] [INFO] Producer #1.5 (Franco Milazzo) sent a box with 1 roses and 9 tulips to the Distribution Center #1.
[2019-09-17 20:31:36.809] [25240] [INFO] Generating request for Client #2 in Sale Point #1.1: 3 roses and 1 tulips.
[2019-09-17 20:31:36.809] [25237] [DEBUG] Producer #1.5 (Franco Milazzo) current stock: 0 roses and 0 tulips.
[2019-09-17 20:31:36.809] [25237] [INFO] Producer #1.5 (Franco Milazzo) sent a box with 0 roses and 10 tulips to the Distribution Center #1.
[2019-09-17 20:31:36.809] [25238] [INFO] Seller # 1.1 received a request for 4 roses and 3 tulips.
[2019-09-17 20:31:36.810] [25237] [INFO] Producer #1.5 (Franco Milazzo) pipe destroyed.
[2019-09-17 20:31:36.810] [25240] [INFO] Generating request for Client #3 in Sale Point #1.1: 1 roses and 3 tulips.
[2019-09-17 20:31:36.810] [25242] [INFO] Generating request for Client #1 in Sale Point #1.2: 1 roses and 1 tulips.
[2019-09-17 20:31:36.810] [25238] [INFO] Seller # 1.1 received a request for 4 roses and 1 tulips.
[2019-09-17 20:31:36.810] [25240] [INFO] Generating request for Client #4 in Sale Point #1.1: 4 roses and 9 tulips.
[2019-09-17 20:31:36.810] [25239] [INFO] Seller # 1.2 received a request for 4 roses and 1 tulips.
[2019-09-17 20:31:36.810] [25238] [INFO] Seller # 1.1 received a request for 4 roses and 4 tulips.
[2019-09-17 20:31:36.810] [25242] [INFO] Generating request for Client #2 in Sale Point #1.2: 2 roses and 1 tulips.
[2019-09-17 20:31:36.810] [25232] [INFO] Seller #1.5 running in process with PID #25244.
[2019-09-17 20:31:36.810] [25240] [INFO] Generating request for Client #5 in Sale Point #1.1: 4 roses and 3 tulips.
[2019-09-17 20:31:36.810] [25239] [INFO] Seller # 1.2 received a request for 4 roses and 2 tulips.
[2019-09-17 20:31:36.810] [25238] [INFO] Seller # 1.1 received a request for 4 roses and 4 tulips.
[2019-09-17 20:31:36.810] [25242] [INFO] Generating request for Client #3 in Sale Point #1.2: 6 roses and 0 tulips.
[2019-09-17 20:31:36.810] [25239] [INFO] Seller # 1.2 received a request for 4 roses and 6 tulips.
[2019-09-17 20:31:36.810] [25242] [INFO] Generating request for Client #4 in Sale Point #1.2: 5 roses and 0 tulips.
[2019-09-17 20:31:36.810] [25242] [INFO] Generating request for Client #5 in Sale Point #1.2: 3 roses and 4 tulips.
[2019-09-17 20:31:36.810] [25243] [INFO] Client Simulator # 1.4 running in process 25245.
[2019-09-17 20:31:36.810] [25239] [INFO] Seller # 1.2 received a request for 4 roses and 5 tulips.
[2019-09-17 20:31:36.810] [25243] [INFO] Seller # 1.4 started to listen for requests.
[2019-09-17 20:31:36.810] [25232] [INFO] Classifier #1 running in process with PID #25246.
[2019-09-17 20:31:36.810] [25239] [INFO] Seller # 1.2 received a request for 4 roses and 3 tulips.
[2019-09-17 20:31:36.810] [25245] [INFO] Generating request for Client #1 in Sale Point #1.4: 5 roses and 4 tulips.
[2019-09-17 20:31:36.811] [25246] [INFO] Classifier #1 received a box with 4 roses and 6 tulips from provider #1 (Mario Santos).
[2019-09-17 20:31:36.811] [25243] [INFO] Seller # 1.4 received a request for 4 roses and 5 tulips.
[2019-09-17 20:31:36.811] [25246] [DEBUG] Current stock in Distribution Center #1: 4 roses and 6 tulips.
[2019-09-17 20:31:36.811] [25245] [INFO] Generating request for Client #2 in Sale Point #1.4: 2 roses and 9 tulips.
[2019-09-17 20:31:36.811] [25238] [INFO] Client Simulator #1.1 successfully ended without errors.
[2019-09-17 20:31:36.811] [25235] [DEBUG] Producer #1.3 (Pablo Lamponne) current stock: 100 roses and 100 tulips.
[2019-09-17 20:31:36.811] [25246] [INFO] Classifier #1 received a box with 2 roses and 8 tulips from provider #1 (Mario Santos).
[2019-09-17 20:31:36.811] [25235] [DEBUG] Producer #1.3 (Pablo Lamponne) current stock: 91 roses and 99 tulips.
[2019-09-17 20:31:36.811] [25246] [DEBUG] Current stock in Distribution Center #1: 6 roses and 14 tulips.
[2019-09-17 20:31:36.811] [25243] [INFO] Seller # 1.4 received a request for 4 roses and 2 tulips.
[2019-09-17 20:31:36.811] [25239] [INFO] Client Simulator #1.2 successfully ended without errors.
[2019-09-17 20:31:36.811] [25235] [INFO] Producer #1.3 (Pablo Lamponne) sent a box with 9 roses and 1 tulips to the Distribution Center #1.
[2019-09-17 20:31:36.811] [25245] [INFO] Generating request for Client #3 in Sale Point #1.4: 7 roses and 5 tulips.
[2019-09-17 20:31:36.811] [25246] [INFO] Classifier #1 received a box with 3 roses and 7 tulips from provider #1 (Mario Santos).
[2019-09-17 20:31:36.811] [25235] [DEBUG] Producer #1.3 (Pablo Lamponne) current stock: 83 roses and 97 tulips.
[2019-09-17 20:31:36.811] [25235] [INFO] Producer #1.3 (Pablo Lamponne) sent a box with 8 roses and 2 tulips to the Distribution Center #1.
[2019-09-17 20:31:36.811] [25246] [DEBUG] Current stock in Distribution Center #1: 9 roses and 21 tulips.
[2019-09-17 20:31:36.811] [25243] [INFO] Seller # 1.4 received a request for 4 roses and 7 tulips.
[2019-09-17 20:31:36.811] [25244] [INFO] Client Simulator # 1.5 running in process 25247.
[2019-09-17 20:31:36.811] [25235] [DEBUG] Producer #1.3 (Pablo Lamponne) current stock: 76 roses and 94 tulips.
[2019-09-17 20:31:36.811] [25235] [INFO] Producer #1.3 (Pablo Lamponne) sent a box with 7 roses and 3 tulips to the Distribution Center #1.
[2019-09-17 20:31:36.811] [25246] [INFO] Classifier #1 received a box with 2 roses and 8 tulips from provider #1 (Mario Santos).
[2019-09-17 20:31:36.811] [25245] [INFO] Generating request for Client #4 in Sale Point #1.4: 6 roses and 3 tulips.
[2019-09-17 20:31:36.811] [25244] [INFO] Seller # 1.5 started to listen for requests.
[2019-09-17 20:31:36.811] [25235] [DEBUG] Producer #1.3 (Pablo Lamponne) current stock: 68 roses and 92 tulips.
[2019-09-17 20:31:36.811] [25246] [DEBUG] Current stock in Distribution Center #1: 11 roses and 29 tulips.
[2019-09-17 20:31:36.811] [25235] [INFO] Producer #1.3 (Pablo Lamponne) sent a box with 8 roses and 2 tulips to the Distribution Center #1.
[2019-09-17 20:31:36.811] [25243] [INFO] Seller # 1.4 received a request for 4 roses and 6 tulips.
[2019-09-17 20:31:36.811] [25246] [INFO] Classifier #1 received a box with 4 roses and 6 tulips from provider #1 (Mario Santos).
[2019-09-17 20:31:36.811] [25235] [DEBUG] Producer #1.3 (Pablo Lamponne) current stock: 65 roses and 85 tulips.
[2019-09-17 20:31:36.811] [25245] [INFO] Generating request for Client #5 in Sale Point #1.4: 2 roses and 5 tulips.
[2019-09-17 20:31:36.811] [25246] [DEBUG] Current stock in Distribution Center #1: 15 roses and 35 tulips.
[2019-09-17 20:31:36.811] [25235] [INFO] Producer #1.3 (Pablo Lamponne) sent a box with 3 roses and 7 tulips to the Distribution Center #1.
[2019-09-17 20:31:36.811] [25235] [DEBUG] Producer #1.3 (Pablo Lamponne) current stock: 62 roses and 78 tulips.
[2019-09-17 20:31:36.811] [25243] [INFO] Seller # 1.4 received a request for 4 roses and 2 tulips.
[2019-09-17 20:31:36.811] [25246] [INFO] Classifier #1 received a box with 5 roses and 5 tulips from provider #1 (Mario Santos).
[2019-09-17 20:31:36.811] [25235] [INFO] Producer #1.3 (Pablo Lamponne) sent a box with 3 roses and 7 tulips to the Distribution Center #1.
[2019-09-17 20:31:36.811] [25246] [DEBUG] Current stock in Distribution Center #1: 20 roses and 40 tulips.
[2019-09-17 20:31:36.811] [25235] [DEBUG] Producer #1.3 (Pablo Lamponne) current stock: 61 roses and 69 tulips.
[2019-09-17 20:31:36.811] [25235] [INFO] Producer #1.3 (Pablo Lamponne) sent a box with 1 roses and 9 tulips to the Distribution Center #1.
[2019-09-17 20:31:36.811] [25246] [INFO] Classifier #1 received a box with 7 roses and 3 tulips from provider #1 (Mario Santos).
[2019-09-17 20:31:36.811] [25235] [DEBUG] Producer #1.3 (Pablo Lamponne) current stock: 55 roses and 65 tulips.
[2019-09-17 20:31:36.811] [25246] [DEBUG] Current stock in Distribution Center #1: 27 roses and 43 tulips.
[2019-09-17 20:31:36.811] [25235] [INFO] Producer #1.3 (Pablo Lamponne) sent a box with 6 roses and 4 tulips to the Distribution Center #1.
[2019-09-17 20:31:36.811] [25247] [INFO] Generating request for Client #1 in Sale Point #1.5: 1 roses and 7 tulips.
[2019-09-17 20:31:36.811] [25246] [INFO] Classifier #1 received a box with 1 roses and 9 tulips from provider #1 (Mario Santos).
[2019-09-17 20:31:36.811] [25235] [DEBUG] Producer #1.3 (Pablo Lamponne) current stock: 46 roses and 64 tulips.
[2019-09-17 20:31:36.811] [25246] [DEBUG] Current stock in Distribution Center #1: 28 roses and 52 tulips.
[2019-09-17 20:31:36.811] [25235] [INFO] Producer #1.3 (Pablo Lamponne) sent a box with 9 roses and 1 tulips to the Distribution Center #1.
[2019-09-17 20:31:36.812] [25235] [DEBUG] Producer #1.3 (Pablo Lamponne) current stock: 43 roses and 57 tulips.
[2019-09-17 20:31:36.812] [25244] [INFO] Seller # 1.5 received a request for 4 roses and 1 tulips.
[2019-09-17 20:31:36.812] [25246] [INFO] Classifier #1 received a box with 1 roses and 9 tulips from provider #1 (Mario Santos).
[2019-09-17 20:31:36.812] [25235] [INFO] Producer #1.3 (Pablo Lamponne) sent a box with 3 roses and 7 tulips to the Distribution Center #1.
[2019-09-17 20:31:36.812] [25246] [DEBUG] Current stock in Distribution Center #1: 29 roses and 61 tulips.
[2019-09-17 20:31:36.812] [25247] [INFO] Generating request for Client #2 in Sale Point #1.5: 0 roses and 5 tulips.
[2019-09-17 20:31:36.812] [25235] [DEBUG] Producer #1.3 (Pablo Lamponne) current stock: 38 roses and 52 tulips.
[2019-09-17 20:31:36.812] [25235] [INFO] Producer #1.3 (Pablo Lamponne) sent a box with 5 roses and 5 tulips to the Distribution Center #1.
[2019-09-17 20:31:36.812] [25246] [INFO] Classifier #1 received a box with 8 roses and 2 tulips from provider #1 (Mario Santos).
[2019-09-17 20:31:36.812] [25247] [INFO] Generating request for Client #3 in Sale Point #1.5: 0 roses and 9 tulips.
[2019-09-17 20:31:36.812] [25235] [DEBUG] Producer #1.3 (Pablo Lamponne) current stock: 32 roses and 48 tulips.
[2019-09-17 20:31:36.812] [25247] [INFO] Generating request for Client #4 in Sale Point #1.5: 1 roses and 1 tulips.
[2019-09-17 20:31:36.812] [25246] [DEBUG] Current stock in Distribution Center #1: 37 roses and 63 tulips.
[2019-09-17 20:31:36.812] [25244] [INFO] Seller # 1.5 received a request for 4 roses and 0 tulips.
[2019-09-17 20:31:36.812] [25235] [INFO] Producer #1.3 (Pablo Lamponne) sent a box with 6 roses and 4 tulips to the Distribution Center #1.
[2019-09-17 20:31:36.812] [25247] [INFO] Generating request for Client #5 in Sale Point #1.5: 5 roses and 1 tulips.
[2019-09-17 20:31:36.812] [25244] [INFO] Seller # 1.5 received a request for 4 roses and 0 tulips.
[2019-09-17 20:31:36.812] [25235] [DEBUG] Producer #1.3 (Pablo Lamponne) current stock: 27 roses and 43 tulips.
[2019-09-17 20:31:36.812] [25246] [INFO] Classifier #1 received a box with 0 roses and 10 tulips from provider #1 (Mario Santos).
[2019-09-17 20:31:36.812] [25244] [INFO] Seller # 1.5 received a request for 4 roses and 1 tulips.
[2019-09-17 20:31:36.812] [25235] [INFO] Producer #1.3 (Pablo Lamponne) sent a box with 5 roses and 5 tulips to the Distribution Center #1.
[2019-09-17 20:31:36.812] [25246] [DEBUG] Current stock in Distribution Center #1: 37 roses and 73 tulips.
[2019-09-17 20:31:36.812] [25244] [INFO] Seller # 1.5 received a request for 4 roses and 5 tulips.
[2019-09-17 20:31:36.812] [25235] [DEBUG] Producer #1.3 (Pablo Lamponne) current stock: 24 roses and 36 tulips.
[2019-09-17 20:31:36.812] [25246] [INFO] Classifier #1 received a box with 9 roses and 1 tulips from provider #1 (Mario Santos).
[2019-09-17 20:31:36.812] [25235] [INFO] Producer #1.3 (Pablo Lamponne) sent a box with 3 roses and 7 tulips to the Distribution Center #1.
[2019-09-17 20:31:36.812] [25246] [DEBUG] Current stock in Distribution Center #1: 46 roses and 74 tulips.
[2019-09-17 20:31:36.812] [25235] [DEBUG] Producer #1.3 (Pablo Lamponne) current stock: 15 roses and 35 tulips.
[2019-09-17 20:31:36.812] [25235] [INFO] Producer #1.3 (Pablo Lamponne) sent a box with 9 roses and 1 tulips to the Distribution Center #1.
[2019-09-17 20:31:36.812] [25246] [INFO] Classifier #1 received a box with 9 roses and 1 tulips from provider #1 (Mario Santos).
[2019-09-17 20:31:36.812] [25235] [DEBUG] Producer #1.3 (Pablo Lamponne) current stock: 14 roses and 26 tulips.
[2019-09-17 20:31:36.812] [25246] [DEBUG] Current stock in Distribution Center #1: 55 roses and 75 tulips.
[2019-09-17 20:31:36.812] [25235] [INFO] Producer #1.3 (Pablo Lamponne) sent a box with 1 roses and 9 tulips to the Distribution Center #1.
[2019-09-17 20:31:36.812] [25243] [INFO] Client Simulator #1.4 successfully ended without errors.
[2019-09-17 20:31:36.812] [25235] [DEBUG] Producer #1.3 (Pablo Lamponne) current stock: 10 roses and 20 tulips.
[2019-09-17 20:31:36.812] [25246] [INFO] Classifier #1 received a box with 2 roses and 8 tulips from provider #1 (Mario Santos).
[2019-09-17 20:31:36.812] [25235] [INFO] Producer #1.3 (Pablo Lamponne) sent a box with 4 roses and 6 tulips to the Distribution Center #1.
[2019-09-17 20:31:36.812] [25246] [DEBUG] Current stock in Distribution Center #1: 57 roses and 83 tulips.
[2019-09-17 20:31:36.812] [25235] [DEBUG] Producer #1.3 (Pablo Lamponne) current stock: 7 roses and 13 tulips.
[2019-09-17 20:31:36.812] [25246] [INFO] Classifier #1 received a box with 4 roses and 6 tulips from provider #1 (Mario Santos).
[2019-09-17 20:31:36.812] [25235] [INFO] Producer #1.3 (Pablo Lamponne) sent a box with 3 roses and 7 tulips to the Distribution Center #1.
[2019-09-17 20:31:36.812] [25246] [DEBUG] Current stock in Distribution Center #1: 61 roses and 89 tulips.
[2019-09-17 20:31:36.812] [25235] [DEBUG] Producer #1.3 (Pablo Lamponne) current stock: 3 roses and 7 tulips.
[2019-09-17 20:31:36.812] [25235] [INFO] Producer #1.3 (Pablo Lamponne) sent a box with 4 roses and 6 tulips to the Distribution Center #1.
[2019-09-17 20:31:36.812] [25246] [INFO] Classifier #1 received a box with 4 roses and 6 tulips from provider #2 (Emilio Ravenna).
[2019-09-17 20:31:36.812] [25235] [DEBUG] Producer #1.3 (Pablo Lamponne) current stock: 0 roses and 0 tulips.
[2019-09-17 20:31:36.812] [25246] [DEBUG] Current stock in Distribution Center #1: 65 roses and 95 tulips.
[2019-09-17 20:31:36.812] [25235] [INFO] Producer #1.3 (Pablo Lamponne) sent a box with 3 roses and 7 tulips to the Distribution Center #1.
[2019-09-17 20:31:36.812] [25244] [INFO] Client Simulator #1.5 successfully ended without errors.
[2019-09-17 20:31:36.812] [25235] [INFO] Producer #1.3 (Pablo Lamponne) pipe destroyed.
[2019-09-17 20:31:36.812] [25246] [INFO] Classifier #1 received a box with 4 roses and 6 tulips from provider #1 (Mario Santos).
[2019-09-17 20:31:36.812] [25246] [DEBUG] Current stock in Distribution Center #1: 69 roses and 101 tulips.
[2019-09-17 20:31:36.812] [25246] [INFO] Classifier #1 received a box with 9 roses and 1 tulips from provider #2 (Emilio Ravenna).
[2019-09-17 20:31:36.812] [25246] [DEBUG] Current stock in Distribution Center #1: 78 roses and 102 tulips.
[2019-09-17 20:31:36.813] [25246] [INFO] Classifier #1 received a box with 5 roses and 5 tulips from provider #1 (Mario Santos).
[2019-09-17 20:31:36.813] [25246] [DEBUG] Current stock in Distribution Center #1: 83 roses and 107 tulips.
[2019-09-17 20:31:36.813] [25246] [INFO] Classifier #1 received a box with 6 roses and 4 tulips from provider #2 (Emilio Ravenna).
[2019-09-17 20:31:36.813] [25246] [DEBUG] Current stock in Distribution Center #1: 89 roses and 111 tulips.
[2019-09-17 20:31:36.813] [25246] [INFO] Classifier #1 received a box with 10 roses and 0 tulips from provider #1 (Mario Santos).
[2019-09-17 20:31:36.813] [25246] [DEBUG] Current stock in Distribution Center #1: 99 roses and 111 tulips.
[2019-09-17 20:31:36.813] [25246] [INFO] Classifier #1 received a box with 1 roses and 9 tulips from provider #2 (Emilio Ravenna).
[2019-09-17 20:31:36.813] [25246] [DEBUG] Current stock in Distribution Center #1: 100 roses and 120 tulips.
[2019-09-17 20:31:36.813] [25246] [INFO] Classifier #1 received a box with 10 roses and 0 tulips from provider #1 (Mario Santos).
[2019-09-17 20:31:36.813] [25246] [DEBUG] Current stock in Distribution Center #1: 110 roses and 120 tulips.
[2019-09-17 20:31:36.813] [25246] [INFO] Classifier #1 received a box with 2 roses and 8 tulips from provider #2 (Emilio Ravenna).
[2019-09-17 20:31:36.813] [25246] [DEBUG] Current stock in Distribution Center #1: 112 roses and 128 tulips.
[2019-09-17 20:31:36.813] [25246] [INFO] Classifier #1 received a box with 10 roses and 0 tulips from provider #1 (Mario Santos).
[2019-09-17 20:31:36.813] [25246] [DEBUG] Current stock in Distribution Center #1: 122 roses and 128 tulips.
[2019-09-17 20:31:36.813] [25232] [INFO] Every Producer in Center # 1 finished successfully without errors.
[2019-09-17 20:31:36.813] [25246] [INFO] Classifier #1 received a box with 1 roses and 9 tulips from provider #2 (Emilio Ravenna).
[2019-09-17 20:31:36.813] [25246] [DEBUG] Current stock in Distribution Center #1: 123 roses and 137 tulips.
[2019-09-17 20:31:36.813] [25246] [INFO] Classifier #1 received a box with 0 roses and 10 tulips from provider #2 (Emilio Ravenna).
[2019-09-17 20:31:36.813] [25246] [DEBUG] Current stock in Distribution Center #1: 123 roses and 147 tulips.
[2019-09-17 20:31:36.813] [25246] [INFO] Classifier #1 received a box with 4 roses and 6 tulips from provider #2 (Emilio Ravenna).
[2019-09-17 20:31:36.813] [25246] [DEBUG] Current stock in Distribution Center #1: 127 roses and 153 tulips.
[2019-09-17 20:31:36.813] [25246] [INFO] Classifier #1 received a box with 2 roses and 8 tulips from provider #2 (Emilio Ravenna).
[2019-09-17 20:31:36.813] [25246] [DEBUG] Current stock in Distribution Center #1: 129 roses and 161 tulips.
[2019-09-17 20:31:36.813] [25246] [INFO] Classifier #1 received a box with 2 roses and 8 tulips from provider #2 (Emilio Ravenna).
[2019-09-17 20:31:36.813] [25246] [DEBUG] Current stock in Distribution Center #1: 131 roses and 169 tulips.
[2019-09-17 20:31:36.813] [25246] [INFO] Classifier #1 received a box with 7 roses and 3 tulips from provider #2 (Emilio Ravenna).
[2019-09-17 20:31:36.814] [25246] [DEBUG] Current stock in Distribution Center #1: 138 roses and 172 tulips.
[2019-09-17 20:31:36.814] [25246] [INFO] Classifier #1 received a box with 9 roses and 1 tulips from provider #4 (Gabriel Medina).
[2019-09-17 20:31:36.814] [25246] [DEBUG] Current stock in Distribution Center #1: 147 roses and 173 tulips.
[2019-09-17 20:31:36.814] [25246] [INFO] Classifier #1 received a box with 1 roses and 9 tulips from provider #2 (Emilio Ravenna).
[2019-09-17 20:31:36.814] [25246] [DEBUG] Current stock in Distribution Center #1: 148 roses and 182 tulips.
[2019-09-17 20:31:36.814] [25246] [INFO] Classifier #1 received a box with 8 roses and 2 tulips from provider #4 (Gabriel Medina).
[2019-09-17 20:31:36.814] [25246] [DEBUG] Current stock in Distribution Center #1: 156 roses and 184 tulips.
[2019-09-17 20:31:36.814] [25246] [INFO] Classifier #1 received a box with 5 roses and 5 tulips from provider #2 (Emilio Ravenna).
[2019-09-17 20:31:36.814] [25241] [INFO] Client Simulator # 1.3 running in process 25248.
[2019-09-17 20:31:36.814] [25246] [DEBUG] Current stock in Distribution Center #1: 161 roses and 189 tulips.
[2019-09-17 20:31:36.814] [25246] [INFO] Classifier #1 received a box with 3 roses and 7 tulips from provider #4 (Gabriel Medina).
[2019-09-17 20:31:36.814] [25241] [INFO] Seller # 1.3 started to listen for requests.
[2019-09-17 20:31:36.814] [25246] [DEBUG] Current stock in Distribution Center #1: 164 roses and 196 tulips.
[2019-09-17 20:31:36.814] [25248] [INFO] Generating request for Client #1 in Sale Point #1.3: 5 roses and 3 tulips.
[2019-09-17 20:31:36.814] [25246] [INFO] Classifier #1 received a box with 4 roses and 6 tulips from provider #2 (Emilio Ravenna).
[2019-09-17 20:31:36.814] [25246] [DEBUG] Current stock in Distribution Center #1: 168 roses and 202 tulips.
[2019-09-17 20:31:36.814] [25246] [INFO] Classifier #1 received a box with 4 roses and 6 tulips from provider #4 (Gabriel Medina).
[2019-09-17 20:31:36.814] [25248] [INFO] Generating request for Client #2 in Sale Point #1.3: 5 roses and 0 tulips.
[2019-09-17 20:31:36.814] [25246] [DEBUG] Current stock in Distribution Center #1: 172 roses and 208 tulips.
[2019-09-17 20:31:36.814] [25248] [INFO] Generating request for Client #3 in Sale Point #1.3: 5 roses and 7 tulips.
[2019-09-17 20:31:36.814] [25246] [INFO] Classifier #1 received a box with 2 roses and 8 tulips from provider #2 (Emilio Ravenna).
[2019-09-17 20:31:36.814] [25248] [INFO] Generating request for Client #4 in Sale Point #1.3: 6 roses and 4 tulips.
[2019-09-17 20:31:36.814] [25246] [DEBUG] Current stock in Distribution Center #1: 174 roses and 216 tulips.
[2019-09-17 20:31:36.814] [25241] [INFO] Seller # 1.3 received a request for 4 roses and 5 tulips.
[2019-09-17 20:31:36.814] [25248] [INFO] Generating request for Client #5 in Sale Point #1.3: 6 roses and 0 tulips.
[2019-09-17 20:31:36.814] [25246] [INFO] Classifier #1 received a box with 6 roses and 4 tulips from provider #4 (Gabriel Medina).
[2019-09-17 20:31:36.814] [25246] [DEBUG] Current stock in Distribution Center #1: 180 roses and 220 tulips.
[2019-09-17 20:31:36.814] [25241] [INFO] Seller # 1.3 received a request for 4 roses and 5 tulips.
[2019-09-17 20:31:36.814] [25246] [INFO] Classifier #1 received a box with 10 roses and 0 tulips from provider #2 (Emilio Ravenna).
[2019-09-17 20:31:36.814] [25246] [DEBUG] Current stock in Distribution Center #1: 190 roses and 220 tulips.
[2019-09-17 20:31:36.814] [25241] [INFO] Seller # 1.3 received a request for 4 roses and 5 tulips.
[2019-09-17 20:31:36.814] [25246] [INFO] Classifier #1 received a box with 0 roses and 10 tulips from provider #5 (Franco Milazzo).
[2019-09-17 20:31:36.814] [25246] [DEBUG] Current stock in Distribution Center #1: 190 roses and 230 tulips.
[2019-09-17 20:31:36.814] [25241] [INFO] Seller # 1.3 received a request for 4 roses and 6 tulips.
[2019-09-17 20:31:36.814] [25246] [INFO] Classifier #1 received a box with 9 roses and 1 tulips from provider #4 (Gabriel Medina).
[2019-09-17 20:31:36.814] [25241] [INFO] Seller # 1.3 received a request for 4 roses and 6 tulips.
[2019-09-17 20:31:36.814] [25246] [DEBUG] Current stock in Distribution Center #1: 199 roses and 231 tulips.
[2019-09-17 20:31:36.814] [25246] [INFO] Classifier #1 received a box with 10 roses and 0 tulips from provider #2 (Emilio Ravenna).
[2019-09-17 20:31:36.814] [25246] [DEBUG] Current stock in Distribution Center #1: 209 roses and 231 tulips.
[2019-09-17 20:31:36.814] [25246] [INFO] Classifier #1 received a box with 8 roses and 2 tulips from provider #5 (Franco Milazzo).
[2019-09-17 20:31:36.814] [25246] [DEBUG] Current stock in Distribution Center #1: 217 roses and 233 tulips.
[2019-09-17 20:31:36.814] [25246] [INFO] Classifier #1 received a box with 3 roses and 7 tulips from provider #4 (Gabriel Medina).
[2019-09-17 20:31:36.814] [25246] [DEBUG] Current stock in Distribution Center #1: 220 roses and 240 tulips.
[2019-09-17 20:31:36.815] [25246] [INFO] Classifier #1 received a box with 10 roses and 0 tulips from provider #2 (Emilio Ravenna).
[2019-09-17 20:31:36.815] [25246] [DEBUG] Current stock in Distribution Center #1: 230 roses and 240 tulips.
[2019-09-17 20:31:36.815] [25246] [INFO] Classifier #1 received a box with 1 roses and 9 tulips from provider #5 (Franco Milazzo).
[2019-09-17 20:31:36.815] [25246] [DEBUG] Current stock in Distribution Center #1: 231 roses and 249 tulips.
[2019-09-17 20:31:36.815] [25246] [INFO] Classifier #1 received a box with 2 roses and 8 tulips from provider #4 (Gabriel Medina).
[2019-09-17 20:31:36.815] [25246] [DEBUG] Current stock in Distribution Center #1: 233 roses and 257 tulips.
[2019-09-17 20:31:36.815] [25241] [INFO] Client Simulator #1.3 successfully ended without errors.
[2019-09-17 20:31:36.815] [25246] [INFO] Classifier #1 received a box with 10 roses and 0 tulips from provider #2 (Emilio Ravenna).
[2019-09-17 20:31:36.815] [25246] [DEBUG] Current stock in Distribution Center #1: 243 roses and 257 tulips.
[2019-09-17 20:31:36.815] [25246] [INFO] Classifier #1 received a box with 6 roses and 4 tulips from provider #5 (Franco Milazzo).
[2019-09-17 20:31:36.815] [25246] [DEBUG] Current stock in Distribution Center #1: 249 roses and 261 tulips.
[2019-09-17 20:31:36.815] [25246] [INFO] Classifier #1 received a box with 1 roses and 9 tulips from provider #4 (Gabriel Medina).
[2019-09-17 20:31:36.815] [25246] [DEBUG] Current stock in Distribution Center #1: 250 roses and 270 tulips.
[2019-09-17 20:31:36.815] [25246] [INFO] Classifier #1 received a box with 10 roses and 0 tulips from provider #2 (Emilio Ravenna).
[2019-09-17 20:31:36.815] [25246] [DEBUG] Current stock in Distribution Center #1: 260 roses and 270 tulips.
[2019-09-17 20:31:36.815] [25246] [INFO] Classifier #1 received a box with 3 roses and 7 tulips from provider #4 (Gabriel Medina).
[2019-09-17 20:31:36.815] [25246] [DEBUG] Current stock in Distribution Center #1: 263 roses and 277 tulips.
[2019-09-17 20:31:36.815] [25246] [INFO] Classifier #1 received a box with 6 roses and 4 tulips from provider #5 (Franco Milazzo).
[2019-09-17 20:31:36.815] [25246] [DEBUG] Current stock in Distribution Center #1: 269 roses and 281 tulips.
[2019-09-17 20:31:36.815] [25246] [INFO] Classifier #1 received a box with 2 roses and 8 tulips from provider #4 (Gabriel Medina).
[2019-09-17 20:31:36.815] [25246] [DEBUG] Current stock in Distribution Center #1: 271 roses and 289 tulips.
[2019-09-17 20:31:36.815] [25246] [INFO] Classifier #1 received a box with 8 roses and 2 tulips from provider #5 (Franco Milazzo).
[2019-09-17 20:31:36.815] [25246] [DEBUG] Current stock in Distribution Center #1: 279 roses and 291 tulips.
[2019-09-17 20:31:36.815] [25246] [INFO] Classifier #1 received a box with 2 roses and 8 tulips from provider #4 (Gabriel Medina).
[2019-09-17 20:31:36.815] [25246] [DEBUG] Current stock in Distribution Center #1: 281 roses and 299 tulips.
[2019-09-17 20:31:36.815] [25246] [INFO] Classifier #1 received a box with 8 roses and 2 tulips from provider #5 (Franco Milazzo).
[2019-09-17 20:31:36.815] [25246] [DEBUG] Current stock in Distribution Center #1: 289 roses and 301 tulips.
[2019-09-17 20:31:36.815] [25246] [INFO] Classifier #1 received a box with 2 roses and 8 tulips from provider #4 (Gabriel Medina).
[2019-09-17 20:31:36.815] [25246] [DEBUG] Current stock in Distribution Center #1: 291 roses and 309 tulips.
[2019-09-17 20:31:36.815] [25246] [INFO] Classifier #1 received a box with 9 roses and 1 tulips from provider #5 (Franco Milazzo).
[2019-09-17 20:31:36.815] [25246] [DEBUG] Current stock in Distribution Center #1: 300 roses and 310 tulips.
[2019-09-17 20:31:36.816] [25246] [INFO] Classifier #1 received a box with 2 roses and 8 tulips from provider #4 (Gabriel Medina).
[2019-09-17 20:31:36.816] [25232] [INFO] Every Seller in Center # 1 finished successfully without errors.
[2019-09-17 20:31:36.816] [25246] [DEBUG] Current stock in Distribution Center #1: 302 roses and 318 tulips.
[2019-09-17 20:31:36.816] [25246] [INFO] Classifier #1 received a box with 6 roses and 4 tulips from provider #5 (Franco Milazzo).
[2019-09-17 20:31:36.816] [25246] [DEBUG] Current stock in Distribution Center #1: 308 roses and 322 tulips.
[2019-09-17 20:31:36.816] [25246] [INFO] Classifier #1 received a box with 3 roses and 7 tulips from provider #4 (Gabriel Medina).
[2019-09-17 20:31:36.816] [25246] [DEBUG] Current stock in Distribution Center #1: 311 roses and 329 tulips.
[2019-09-17 20:31:36.816] [25246] [INFO] Classifier #1 received a box with 9 roses and 1 tulips from provider #5 (Franco Milazzo).
[2019-09-17 20:31:36.816] [25246] [DEBUG] Current stock in Distribution Center #1: 320 roses and 330 tulips.
[2019-09-17 20:31:36.816] [25246] [INFO] Classifier #1 received a box with 6 roses and 4 tulips from provider #4 (Gabriel Medina).
[2019-09-17 20:31:36.816] [25246] [DEBUG] Current stock in Distribution Center #1: 326 roses and 334 tulips.
[2019-09-17 20:31:36.816] [25246] [INFO] Classifier #1 received a box with 5 roses and 5 tulips from provider #5 (Franco Milazzo).
[2019-09-17 20:31:36.816] [25246] [DEBUG] Current stock in Distribution Center #1: 331 roses and 339 tulips.
[2019-09-17 20:31:36.816] [25246] [INFO] Classifier #1 received a box with 9 roses and 1 tulips from provider #4 (Gabriel Medina).
[2019-09-17 20:31:36.816] [25246] [DEBUG] Current stock in Distribution Center #1: 340 roses and 340 tulips.
[2019-09-17 20:31:36.816] [25246] [INFO] Classifier #1 received a box with 1 roses and 9 tulips from provider #5 (Franco Milazzo).
[2019-09-17 20:31:36.816] [25246] [DEBUG] Current stock in Distribution Center #1: 341 roses and 349 tulips.
[2019-09-17 20:31:36.816] [25246] [INFO] Classifier #1 received a box with 2 roses and 8 tulips from provider #5 (Franco Milazzo).
[2019-09-17 20:31:36.816] [25246] [DEBUG] Current stock in Distribution Center #1: 343 roses and 357 tulips.
[2019-09-17 20:31:36.816] [25246] [INFO] Classifier #1 received a box with 7 roses and 3 tulips from provider #4 (Gabriel Medina).
[2019-09-17 20:31:36.816] [25246] [DEBUG] Current stock in Distribution Center #1: 350 roses and 360 tulips.
[2019-09-17 20:31:36.816] [25246] [INFO] Classifier #1 received a box with 9 roses and 1 tulips from provider #5 (Franco Milazzo).
[2019-09-17 20:31:36.816] [25246] [DEBUG] Current stock in Distribution Center #1: 359 roses and 361 tulips.
[2019-09-17 20:31:36.816] [25246] [INFO] Classifier #1 received a box with 9 roses and 1 tulips from provider #4 (Gabriel Medina).
[2019-09-17 20:31:36.816] [25246] [DEBUG] Current stock in Distribution Center #1: 368 roses and 362 tulips.
[2019-09-17 20:31:36.816] [25246] [INFO] Classifier #1 received a box with 9 roses and 1 tulips from provider #5 (Franco Milazzo).
[2019-09-17 20:31:36.816] [25246] [DEBUG] Current stock in Distribution Center #1: 377 roses and 363 tulips.
[2019-09-17 20:31:36.816] [25246] [INFO] Classifier #1 received a box with 10 roses and 0 tulips from provider #4 (Gabriel Medina).
[2019-09-17 20:31:36.816] [25246] [DEBUG] Current stock in Distribution Center #1: 387 roses and 363 tulips.
[2019-09-17 20:31:36.816] [25246] [INFO] Classifier #1 received a box with 4 roses and 6 tulips from provider #5 (Franco Milazzo).
[2019-09-17 20:31:36.816] [25246] [DEBUG] Current stock in Distribution Center #1: 391 roses and 369 tulips.
[2019-09-17 20:31:36.817] [25246] [INFO] Classifier #1 received a box with 1 roses and 9 tulips from provider #5 (Franco Milazzo).
[2019-09-17 20:31:36.817] [25246] [DEBUG] Current stock in Distribution Center #1: 392 roses and 378 tulips.
[2019-09-17 20:31:36.817] [25246] [INFO] Classifier #1 received a box with 7 roses and 3 tulips from provider #5 (Franco Milazzo).
[2019-09-17 20:31:36.817] [25246] [DEBUG] Current stock in Distribution Center #1: 399 roses and 381 tulips.
[2019-09-17 20:31:36.817] [25246] [INFO] Classifier #1 received a box with 1 roses and 9 tulips from provider #5 (Franco Milazzo).
[2019-09-17 20:31:36.817] [25246] [DEBUG] Current stock in Distribution Center #1: 400 roses and 390 tulips.
[2019-09-17 20:31:36.817] [25246] [INFO] Classifier #1 received a box with 0 roses and 10 tulips from provider #5 (Franco Milazzo).
[2019-09-17 20:31:36.817] [25246] [DEBUG] Current stock in Distribution Center #1: 400 roses and 400 tulips.
[2019-09-17 20:31:36.817] [25246] [INFO] Classifier #1 received a box with 9 roses and 1 tulips from provider #3 (Pablo Lamponne).
[2019-09-17 20:31:36.817] [25246] [DEBUG] Current stock in Distribution Center #1: 409 roses and 401 tulips.
[2019-09-17 20:31:36.817] [25246] [INFO] Classifier #1 received a box with 8 roses and 2 tulips from provider #3 (Pablo Lamponne).
[2019-09-17 20:31:36.817] [25246] [DEBUG] Current stock in Distribution Center #1: 417 roses and 403 tulips.
[2019-09-17 20:31:36.817] [25246] [INFO] Classifier #1 received a box with 7 roses and 3 tulips from provider #3 (Pablo Lamponne).
[2019-09-17 20:31:36.817] [25246] [DEBUG] Current stock in Distribution Center #1: 424 roses and 406 tulips.
[2019-09-17 20:31:36.817] [25246] [INFO] Classifier #1 received a box with 8 roses and 2 tulips from provider #3 (Pablo Lamponne).
[2019-09-17 20:31:36.817] [25246] [DEBUG] Current stock in Distribution Center #1: 432 roses and 408 tulips.
[2019-09-17 20:31:36.817] [25246] [INFO] Classifier #1 received a box with 3 roses and 7 tulips from provider #3 (Pablo Lamponne).
[2019-09-17 20:31:36.817] [25246] [DEBUG] Current stock in Distribution Center #1: 435 roses and 415 tulips.
[2019-09-17 20:31:36.817] [25246] [INFO] Classifier #1 received a box with 3 roses and 7 tulips from provider #3 (Pablo Lamponne).
[2019-09-17 20:31:36.817] [25246] [DEBUG] Current stock in Distribution Center #1: 438 roses and 422 tulips.
[2019-09-17 20:31:36.817] [25246] [INFO] Classifier #1 received a box with 1 roses and 9 tulips from provider #3 (Pablo Lamponne).
[2019-09-17 20:31:36.817] [25246] [DEBUG] Current stock in Distribution Center #1: 439 roses and 431 tulips.
[2019-09-17 20:31:36.817] [25246] [INFO] Classifier #1 received a box with 6 roses and 4 tulips from provider #3 (Pablo Lamponne).
[2019-09-17 20:31:36.818] [25246] [DEBUG] Current stock in Distribution Center #1: 445 roses and 435 tulips.
[2019-09-17 20:31:36.818] [25246] [INFO] Classifier #1 received a box with 9 roses and 1 tulips from provider #3 (Pablo Lamponne).
[2019-09-17 20:31:36.818] [25246] [DEBUG] Current stock in Distribution Center #1: 454 roses and 436 tulips.
[2019-09-17 20:31:36.818] [25246] [INFO] Classifier #1 received a box with 3 roses and 7 tulips from provider #3 (Pablo Lamponne).
[2019-09-17 20:31:36.818] [25246] [DEBUG] Current stock in Distribution Center #1: 457 roses and 443 tulips.
[2019-09-17 20:31:36.818] [25246] [INFO] Classifier #1 received a box with 5 roses and 5 tulips from provider #3 (Pablo Lamponne).
[2019-09-17 20:31:36.818] [25246] [DEBUG] Current stock in Distribution Center #1: 462 roses and 448 tulips.
[2019-09-17 20:31:36.818] [25246] [INFO] Classifier #1 received a box with 6 roses and 4 tulips from provider #3 (Pablo Lamponne).
[2019-09-17 20:31:36.818] [25246] [DEBUG] Current stock in Distribution Center #1: 468 roses and 452 tulips.
[2019-09-17 20:31:36.818] [25246] [INFO] Classifier #1 received a box with 5 roses and 5 tulips from provider #3 (Pablo Lamponne).
[2019-09-17 20:31:36.818] [25246] [DEBUG] Current stock in Distribution Center #1: 473 roses and 457 tulips.
[2019-09-17 20:31:36.818] [25246] [INFO] Classifier #1 received a box with 3 roses and 7 tulips from provider #3 (Pablo Lamponne).
[2019-09-17 20:31:36.818] [25246] [DEBUG] Current stock in Distribution Center #1: 476 roses and 464 tulips.
[2019-09-17 20:31:36.818] [25246] [INFO] Classifier #1 received a box with 9 roses and 1 tulips from provider #3 (Pablo Lamponne).
[2019-09-17 20:31:36.818] [25246] [DEBUG] Current stock in Distribution Center #1: 485 roses and 465 tulips.
[2019-09-17 20:31:36.819] [25246] [INFO] Classifier #1 received a box with 1 roses and 9 tulips from provider #3 (Pablo Lamponne).
[2019-09-17 20:31:36.819] [25246] [DEBUG] Current stock in Distribution Center #1: 486 roses and 474 tulips.
[2019-09-17 20:31:36.819] [25246] [INFO] Classifier #1 received a box with 4 roses and 6 tulips from provider #3 (Pablo Lamponne).
[2019-09-17 20:31:36.819] [25246] [DEBUG] Current stock in Distribution Center #1: 490 roses and 480 tulips.
[2019-09-17 20:31:36.819] [25246] [INFO] Classifier #1 received a box with 3 roses and 7 tulips from provider #3 (Pablo Lamponne).
[2019-09-17 20:31:36.819] [25246] [DEBUG] Current stock in Distribution Center #1: 493 roses and 487 tulips.
[2019-09-17 20:31:36.819] [25246] [INFO] Classifier #1 received a box with 4 roses and 6 tulips from provider #3 (Pablo Lamponne).
[2019-09-17 20:31:36.819] [25246] [DEBUG] Current stock in Distribution Center #1: 497 roses and 493 tulips.
[2019-09-17 20:31:36.819] [25246] [INFO] Classifier #1 received a box with 3 roses and 7 tulips from provider #3 (Pablo Lamponne).
[2019-09-17 20:31:36.819] [25246] [DEBUG] Current stock in Distribution Center #1: 500 roses and 500 tulips.
[2019-09-17 20:31:36.819] [25246] [INFO] Classifier #1 pipe destroyed.
[2019-09-17 20:31:36.820] [25232] [INFO] Classifier in Center #1 successfully ended without errors.
[2019-09-17 20:31:36.820] [25232] [INFO] Producers pipe in Distribution Center #1 destroyed.
[2019-09-17 20:31:36.820] [25232] [INFO] Requests pipe in Distribution Center #1 destroyed.
[2019-09-17 20:31:36.820] [25232] [INFO] Distribution pipe #1 in Distribution Center #1 destroyed.
[2019-09-17 20:31:36.820] [25232] [INFO] Distribution pipe #2 in Distribution Center #1 destroyed.
[2019-09-17 20:31:36.820] [25232] [INFO] Distribution pipe #3 in Distribution Center #1 destroyed.
[2019-09-17 20:31:36.820] [25232] [INFO] Distribution pipe #4 in Distribution Center #1 destroyed.
[2019-09-17 20:31:36.820] [25232] [INFO] Distribution pipe #5 in Distribution Center #1 destroyed.
[2019-09-17 20:31:36.821] [25223] [INFO] Every Distribution Center finished successfully without errors.
[2019-09-17 20:31:36.821] [25223] [INFO] System finished successfully.
[2019-09-17 20:31:39.281] [25223] [INFO] Main program finished.
[2019-09-17 20:31:39.281] [25227] [INFO] Closing log.
[2019-09-17 21:03:40.782] [27411] [INFO] Initilized logger in process with PID #27422
[2019-09-17 21:04:04.537] [27422] [INFO] Closing log.
