[2019-09-14.04:49:56] [32395] [INFO] Initilized logger in process with PID #32396
[2019-09-14.04:49:59] [32395] [INFO] Main system running in process with PID #32395.
[2019-09-14.04:49:59] [32395] [INFO] Distribution Center #1 running in process with PID #32397.
[2019-09-14.04:49:59] [32397] [INFO] Producer #1-1 running in process with PID #32398.
[2019-09-14.04:49:59] [32398] [INFO] Producer #1 (Mario Santos) sent a box with 9 roses and 1 tulips to the Distribution Center #1.
[2019-09-14.04:49:59] [32398] [INFO] Producer #1 (Mario Santos) sent a box with 9 roses and 1 tulips to the Distribution Center #1.
[2019-09-14.04:49:59] [32397] [INFO] Producer #1-2 running in process with PID #32399.
[2019-09-14.04:49:59] [32398] [INFO] Producer #1 (Mario Santos) sent a box with 3 roses and 7 tulips to the Distribution Center #1.
[2019-09-14.04:49:59] [32398] [INFO] Producer #1 (Mario Santos) sent a box with 9 roses and 1 tulips to the Distribution Center #1.
[2019-09-14.04:49:59] [32398] [INFO] Producer #1 (Mario Santos) sent a box with 8 roses and 2 tulips to the Distribution Center #1.
[2019-09-14.04:49:59] [32398] [INFO] Producer #1 (Mario Santos) sent a box with 7 roses and 3 tulips to the Distribution Center #1.
[2019-09-14.04:49:59] [32398] [INFO] Producer #1 (Mario Santos) sent a box with 8 roses and 2 tulips to the Distribution Center #1.
[2019-09-14.04:49:59] [32399] [INFO] Producer #2 (Emilio Ravenna) sent a box with 3 roses and 7 tulips to the Distribution Center #1.
[2019-09-14.04:49:59] [32398] [INFO] Producer #1 (Mario Santos) sent a box with 3 roses and 7 tulips to the Distribution Center #1.
[2019-09-14.04:49:59] [32399] [INFO] Producer #2 (Emilio Ravenna) sent a box with 5 roses and 5 tulips to the Distribution Center #1.
[2019-09-14.04:49:59] [32399] [INFO] Producer #2 (Emilio Ravenna) sent a box with 7 roses and 3 tulips to the Distribution Center #1.
[2019-09-14.04:49:59] [32398] [INFO] Producer #1 (Mario Santos) sent a box with 6 roses and 4 tulips to the Distribution Center #1.
[2019-09-14.04:49:59] [32399] [INFO] Producer #2 (Emilio Ravenna) sent a box with 9 roses and 1 tulips to the Distribution Center #1.
[2019-09-14.04:49:59] [32398] [INFO] Producer #1 (Mario Santos) sent a box with 0 roses and 10 tulips to the Distribution Center #1.
[2019-09-14.04:49:59] [32399] [INFO] Producer #2 (Emilio Ravenna) sent a box with 6 roses and 4 tulips to the Distribution Center #1.
[2019-09-14.04:49:59] [32399] [INFO] Producer #2 (Emilio Ravenna) sent a box with 3 roses and 7 tulips to the Distribution Center #1.
[2019-09-14.04:49:59] [32399] [INFO] Producer #2 (Emilio Ravenna) sent a box with 5 roses and 5 tulips to the Distribution Center #1.
[2019-09-14.04:49:59] [32399] [INFO] Producer #2 (Emilio Ravenna) sent a box with 2 roses and 8 tulips to the Distribution Center #1.
[2019-09-14.04:49:59] [32399] [INFO] Producer #2 (Emilio Ravenna) sent a box with 7 roses and 3 tulips to the Distribution Center #1.
[2019-09-14.04:49:59] [32399] [INFO] Producer #2 (Emilio Ravenna) sent a box with 10 roses and 0 tulips to the Distribution Center #1.
[2019-09-14.04:49:59] [32397] [INFO] Producer #1-3 running in process with PID #32400.
[2019-09-14.04:49:59] [32400] [INFO] Producer #3 (Pablo Lamponne) sent a box with 7 roses and 3 tulips to the Distribution Center #1.
[2019-09-14.04:49:59] [32400] [INFO] Producer #3 (Pablo Lamponne) sent a box with 2 roses and 8 tulips to the Distribution Center #1.
[2019-09-14.04:49:59] [32397] [INFO] Producer #1-4 running in process with PID #32401.
[2019-09-14.04:49:59] [32400] [INFO] Producer #3 (Pablo Lamponne) sent a box with 3 roses and 7 tulips to the Distribution Center #1.
[2019-09-14.04:49:59] [32400] [INFO] Producer #3 (Pablo Lamponne) sent a box with 5 roses and 5 tulips to the Distribution Center #1.
[2019-09-14.04:49:59] [32400] [INFO] Producer #3 (Pablo Lamponne) sent a box with 4 roses and 6 tulips to the Distribution Center #1.
[2019-09-14.04:49:59] [32400] [INFO] Producer #3 (Pablo Lamponne) sent a box with 5 roses and 5 tulips to the Distribution Center #1.
[2019-09-14.04:49:59] [32400] [INFO] Producer #3 (Pablo Lamponne) sent a box with 8 roses and 2 tulips to the Distribution Center #1.
[2019-09-14.04:49:59] [32400] [INFO] Producer #3 (Pablo Lamponne) sent a box with 5 roses and 5 tulips to the Distribution Center #1.
[2019-09-14.04:49:59] [32400] [INFO] Producer #3 (Pablo Lamponne) sent a box with 7 roses and 3 tulips to the Distribution Center #1.
[2019-09-14.04:49:59] [32400] [INFO] Producer #3 (Pablo Lamponne) sent a box with 10 roses and 0 tulips to the Distribution Center #1.
[2019-09-14.04:49:59] [32397] [INFO] Producer #1-5 running in process with PID #32402.
[2019-09-14.04:49:59] [32397] [INFO] Distribution Center received a box with 7 roses and 3 tulips from provider #1 (Mario Santos).
[2019-09-14.04:49:59] [32401] [INFO] Producer #4 (Gabriel Medina) sent a box with 7 roses and 3 tulips to the Distribution Center #1.
[2019-09-14.04:49:59] [32397] [INFO] Distribution Center received a box with 3 roses and 7 tulips from provider #1 (Mario Santos).
[2019-09-14.04:49:59] [32401] [INFO] Producer #4 (Gabriel Medina) sent a box with 4 roses and 6 tulips to the Distribution Center #1.
[2019-09-14.04:49:59] [32401] [INFO] Producer #4 (Gabriel Medina) sent a box with 0 roses and 10 tulips to the Distribution Center #1.
[2019-09-14.04:49:59] [32397] [INFO] Distribution Center received a box with 2 roses and 8 tulips from provider #1 (Mario Santos).
[2019-09-14.04:49:59] [32401] [INFO] Producer #4 (Gabriel Medina) sent a box with 3 roses and 7 tulips to the Distribution Center #1.
[2019-09-14.04:49:59] [32397] [INFO] Distribution Center received a box with 1 roses and 9 tulips from provider #1 (Mario Santos).
[2019-09-14.04:49:59] [32401] [INFO] Producer #4 (Gabriel Medina) sent a box with 4 roses and 6 tulips to the Distribution Center #1.
[2019-09-14.04:49:59] [32401] [INFO] Producer #4 (Gabriel Medina) sent a box with 0 roses and 10 tulips to the Distribution Center #1.
[2019-09-14.04:49:59] [32397] [INFO] Distribution Center received a box with 5 roses and 5 tulips from provider #1 (Mario Santos).
[2019-09-14.04:49:59] [32401] [INFO] Producer #4 (Gabriel Medina) sent a box with 8 roses and 2 tulips to the Distribution Center #1.
[2019-09-14.04:49:59] [32397] [INFO] Distribution Center received a box with 6 roses and 4 tulips from provider #1 (Mario Santos).
[2019-09-14.04:49:59] [32401] [INFO] Producer #4 (Gabriel Medina) sent a box with 4 roses and 6 tulips to the Distribution Center #1.
[2019-09-14.04:49:59] [32397] [INFO] Distribution Center received a box with 8 roses and 2 tulips from provider #1 (Mario Santos).
[2019-09-14.04:49:59] [32401] [INFO] Producer #4 (Gabriel Medina) sent a box with 7 roses and 3 tulips to the Distribution Center #1.
[2019-09-14.04:49:59] [32401] [INFO] Producer #4 (Gabriel Medina) sent a box with 10 roses and 0 tulips to the Distribution Center #1.
[2019-09-14.04:49:59] [32397] [INFO] Distribution Center received a box with 0 roses and 10 tulips from provider #2 (Emilio Ravenna).
[2019-09-14.04:49:59] [32402] [INFO] Producer #5 (Franco Milazzo) sent a box with 2 roses and 8 tulips to the Distribution Center #1.
[2019-09-14.04:49:59] [32397] [INFO] Distribution Center received a box with 6 roses and 4 tulips from provider #1 (Mario Santos).
[2019-09-14.04:49:59] [32402] [INFO] Producer #5 (Franco Milazzo) sent a box with 7 roses and 3 tulips to the Distribution Center #1.
[2019-09-14.04:49:59] [32397] [INFO] Distribution Center received a box with 0 roses and 10 tulips from provider #2 (Emilio Ravenna).
[2019-09-14.04:49:59] [32402] [INFO] Producer #5 (Franco Milazzo) sent a box with 4 roses and 6 tulips to the Distribution Center #1.
[2019-09-14.04:49:59] [32402] [INFO] Producer #5 (Franco Milazzo) sent a box with 0 roses and 10 tulips to the Distribution Center #1.
[2019-09-14.04:49:59] [32397] [INFO] Distribution Center received a box with 2 roses and 8 tulips from provider #2 (Emilio Ravenna).
[2019-09-14.04:49:59] [32402] [INFO] Producer #5 (Franco Milazzo) sent a box with 9 roses and 1 tulips to the Distribution Center #1.
[2019-09-14.04:49:59] [32397] [INFO] Distribution Center received a box with 0 roses and 10 tulips from provider #1 (Mario Santos).
[2019-09-14.04:49:59] [32402] [INFO] Producer #5 (Franco Milazzo) sent a box with 7 roses and 3 tulips to the Distribution Center #1.
[2019-09-14.04:49:59] [32402] [INFO] Producer #5 (Franco Milazzo) sent a box with 7 roses and 3 tulips to the Distribution Center #1.
[2019-09-14.04:49:59] [32397] [INFO] Distribution Center received a box with 0 roses and 10 tulips from provider #2 (Emilio Ravenna).
[2019-09-14.04:49:59] [32402] [INFO] Producer #5 (Franco Milazzo) sent a box with 8 roses and 2 tulips to the Distribution Center #1.
[2019-09-14.04:49:59] [32402] [INFO] Producer #5 (Franco Milazzo) sent a box with 4 roses and 6 tulips to the Distribution Center #1.
[2019-09-14.04:49:59] [32397] [INFO] Distribution Center received a box with 6 roses and 4 tulips from provider #2 (Emilio Ravenna).
[2019-09-14.04:49:59] [32402] [INFO] Producer #5 (Franco Milazzo) sent a box with 5 roses and 5 tulips to the Distribution Center #1.
[2019-09-14.04:49:59] [32397] [INFO] Distribution Center received a box with 0 roses and 10 tulips from provider #1 (Mario Santos).
[2019-09-14.04:49:59] [32397] [INFO] Distribution Center received a box with 9 roses and 1 tulips from provider #2 (Emilio Ravenna).
[2019-09-14.04:49:59] [32397] [INFO] Distribution Center received a box with 0 roses and 10 tulips from provider #2 (Emilio Ravenna).
[2019-09-14.04:49:59] [32397] [INFO] Distribution Center received a box with 8 roses and 2 tulips from provider #2 (Emilio Ravenna).
[2019-09-14.04:49:59] [32397] [INFO] Distribution Center received a box with 8 roses and 2 tulips from provider #2 (Emilio Ravenna).
[2019-09-14.04:49:59] [32397] [INFO] Distribution Center received a box with 10 roses and 0 tulips from provider #2 (Emilio Ravenna).
[2019-09-14.04:49:59] [32397] [INFO] Distribution Center received a box with 5 roses and 5 tulips from provider #3 (Pablo Lamponne).
[2019-09-14.04:49:59] [32397] [INFO] Distribution Center received a box with 2 roses and 8 tulips from provider #3 (Pablo Lamponne).
[2019-09-14.04:49:59] [32397] [INFO] Distribution Center received a box with 6 roses and 4 tulips from provider #3 (Pablo Lamponne).
[2019-09-14.04:49:59] [32397] [INFO] Distribution Center received a box with 5 roses and 5 tulips from provider #3 (Pablo Lamponne).
[2019-09-14.04:49:59] [32397] [INFO] Distribution Center received a box with 0 roses and 10 tulips from provider #3 (Pablo Lamponne).
[2019-09-14.04:49:59] [32397] [INFO] Distribution Center received a box with 5 roses and 5 tulips from provider #3 (Pablo Lamponne).
[2019-09-14.04:49:59] [32397] [INFO] Distribution Center received a box with 2 roses and 8 tulips from provider #3 (Pablo Lamponne).
[2019-09-14.04:49:59] [32397] [INFO] Distribution Center received a box with 4 roses and 6 tulips from provider #3 (Pablo Lamponne).
[2019-09-14.04:49:59] [32397] [INFO] Distribution Center received a box with 5 roses and 5 tulips from provider #3 (Pablo Lamponne).
[2019-09-14.04:49:59] [32397] [INFO] Distribution Center received a box with 10 roses and 0 tulips from provider #3 (Pablo Lamponne).
[2019-09-14.04:49:59] [32397] [INFO] Distribution Center received a box with 8 roses and 2 tulips from provider #4 (Gabriel Medina).
[2019-09-14.04:49:59] [32397] [INFO] Distribution Center received a box with 1 roses and 9 tulips from provider #4 (Gabriel Medina).
[2019-09-14.04:49:59] [32397] [INFO] Distribution Center received a box with 0 roses and 10 tulips from provider #4 (Gabriel Medina).
[2019-09-14.04:49:59] [32397] [INFO] Distribution Center received a box with 3 roses and 7 tulips from provider #4 (Gabriel Medina).
[2019-09-14.04:49:59] [32397] [INFO] Distribution Center received a box with 8 roses and 2 tulips from provider #4 (Gabriel Medina).
[2019-09-14.04:49:59] [32397] [INFO] Distribution Center received a box with 8 roses and 2 tulips from provider #4 (Gabriel Medina).
[2019-09-14.04:49:59] [32397] [INFO] Distribution Center received a box with 5 roses and 5 tulips from provider #4 (Gabriel Medina).
[2019-09-14.04:49:59] [32397] [INFO] Distribution Center received a box with 1 roses and 9 tulips from provider #4 (Gabriel Medina).
[2019-09-14.04:49:59] [32397] [INFO] Distribution Center received a box with 9 roses and 1 tulips from provider #4 (Gabriel Medina).
[2019-09-14.04:49:59] [32397] [INFO] Distribution Center received a box with 10 roses and 0 tulips from provider #4 (Gabriel Medina).
[2019-09-14.04:49:59] [32397] [INFO] Distribution Center received a box with 1 roses and 9 tulips from provider #5 (Franco Milazzo).
[2019-09-14.04:49:59] [32397] [INFO] Distribution Center received a box with 3 roses and 7 tulips from provider #5 (Franco Milazzo).
[2019-09-14.04:49:59] [32397] [INFO] Distribution Center received a box with 3 roses and 7 tulips from provider #5 (Franco Milazzo).
[2019-09-14.04:49:59] [32397] [INFO] Distribution Center received a box with 6 roses and 4 tulips from provider #5 (Franco Milazzo).
[2019-09-14.04:49:59] [32397] [INFO] Distribution Center received a box with 6 roses and 4 tulips from provider #5 (Franco Milazzo).
[2019-09-14.04:49:59] [32397] [INFO] Distribution Center received a box with 9 roses and 1 tulips from provider #5 (Franco Milazzo).
[2019-09-14.04:49:59] [32397] [INFO] Distribution Center received a box with 3 roses and 7 tulips from provider #5 (Franco Milazzo).
[2019-09-14.04:49:59] [32397] [INFO] Distribution Center received a box with 8 roses and 2 tulips from provider #5 (Franco Milazzo).
[2019-09-14.04:49:59] [32397] [INFO] Distribution Center received a box with 8 roses and 2 tulips from provider #5 (Franco Milazzo).
[2019-09-14.04:49:59] [32397] [INFO] Distribution Center received a box with 0 roses and 10 tulips from provider #5 (Franco Milazzo).
[2019-09-14 04:59:53:980] [1276] [INFO] Initilized logger in process with PID #1285
[2019-09-14 04:59:55:390] [1276] [INFO] Main system running in process with PID #1276.
[2019-09-14 04:59:55:391] [1276] [INFO] Distribution Center #1 running in process with PID #1286.
[2019-09-14 04:59:55:391] [1286] [INFO] Producer #1.1 running in process with PID #1287.
[2019-09-14 04:59:55:391] [1287] [INFO] Producer #1.1 (Mario Santos) sent a box with 7 roses and 3 tulips to the Distribution Center #1.
[2019-09-14 04:59:55:392] [1287] [INFO] Producer #1.1 (Mario Santos) sent a box with 8 roses and 2 tulips to the Distribution Center #1.
[2019-09-14 04:59:55:392] [1287] [INFO] Producer #1.1 (Mario Santos) sent a box with 8 roses and 2 tulips to the Distribution Center #1.
[2019-09-14 04:59:55:392] [1287] [INFO] Producer #1.1 (Mario Santos) sent a box with 0 roses and 10 tulips to the Distribution Center #1.
[2019-09-14 04:59:55:392] [1287] [INFO] Producer #1.1 (Mario Santos) sent a box with 6 roses and 4 tulips to the Distribution Center #1.
[2019-09-14 04:59:55:392] [1287] [INFO] Producer #1.1 (Mario Santos) sent a box with 8 roses and 2 tulips to the Distribution Center #1.
[2019-09-14 04:59:55:392] [1287] [INFO] Producer #1.1 (Mario Santos) sent a box with 5 roses and 5 tulips to the Distribution Center #1.
[2019-09-14 04:59:55:392] [1287] [INFO] Producer #1.1 (Mario Santos) sent a box with 4 roses and 6 tulips to the Distribution Center #1.
[2019-09-14 04:59:55:392] [1287] [INFO] Producer #1.1 (Mario Santos) sent a box with 2 roses and 8 tulips to the Distribution Center #1.
[2019-09-14 04:59:55:392] [1286] [INFO] Producer #1.2 running in process with PID #1288.
[2019-09-14 04:59:55:392] [1287] [INFO] Producer #1.1 (Mario Santos) sent a box with 9 roses and 1 tulips to the Distribution Center #1.
[2019-09-14 04:59:55:392] [1286] [INFO] Producer #1.3 running in process with PID #1289.
[2019-09-14 04:59:55:392] [1288] [INFO] Producer #1.2 (Emilio Ravenna) sent a box with 9 roses and 1 tulips to the Distribution Center #1.
[2019-09-14 04:59:55:392] [1288] [INFO] Producer #1.2 (Emilio Ravenna) sent a box with 9 roses and 1 tulips to the Distribution Center #1.
[2019-09-14 04:59:55:392] [1288] [INFO] Producer #1.2 (Emilio Ravenna) sent a box with 3 roses and 7 tulips to the Distribution Center #1.
[2019-09-14 04:59:55:392] [1288] [INFO] Producer #1.2 (Emilio Ravenna) sent a box with 8 roses and 2 tulips to the Distribution Center #1.
[2019-09-14 04:59:55:392] [1288] [INFO] Producer #1.2 (Emilio Ravenna) sent a box with 6 roses and 4 tulips to the Distribution Center #1.
[2019-09-14 04:59:55:392] [1286] [INFO] Producer #1.4 running in process with PID #1290.
[2019-09-14 04:59:55:392] [1288] [INFO] Producer #1.2 (Emilio Ravenna) sent a box with 5 roses and 5 tulips to the Distribution Center #1.
[2019-09-14 04:59:55:392] [1289] [INFO] Producer #1.3 (Pablo Lamponne) sent a box with 3 roses and 7 tulips to the Distribution Center #1.
[2019-09-14 04:59:55:393] [1288] [INFO] Producer #1.2 (Emilio Ravenna) sent a box with 9 roses and 1 tulips to the Distribution Center #1.
[2019-09-14 04:59:55:393] [1289] [INFO] Producer #1.3 (Pablo Lamponne) sent a box with 0 roses and 10 tulips to the Distribution Center #1.
[2019-09-14 04:59:55:393] [1288] [INFO] Producer #1.2 (Emilio Ravenna) sent a box with 5 roses and 5 tulips to the Distribution Center #1.
[2019-09-14 04:59:55:393] [1289] [INFO] Producer #1.3 (Pablo Lamponne) sent a box with 1 roses and 9 tulips to the Distribution Center #1.
[2019-09-14 04:59:55:393] [1288] [INFO] Producer #1.2 (Emilio Ravenna) sent a box with 6 roses and 4 tulips to the Distribution Center #1.
[2019-09-14 04:59:55:393] [1289] [INFO] Producer #1.3 (Pablo Lamponne) sent a box with 3 roses and 7 tulips to the Distribution Center #1.
[2019-09-14 04:59:55:393] [1288] [INFO] Producer #1.2 (Emilio Ravenna) sent a box with 1 roses and 9 tulips to the Distribution Center #1.
[2019-09-14 04:59:55:393] [1289] [INFO] Producer #1.3 (Pablo Lamponne) sent a box with 3 roses and 7 tulips to the Distribution Center #1.
[2019-09-14 04:59:55:393] [1289] [INFO] Producer #1.3 (Pablo Lamponne) sent a box with 1 roses and 9 tulips to the Distribution Center #1.
[2019-09-14 04:59:55:393] [1290] [INFO] Producer #1.4 (Gabriel Medina) sent a box with 2 roses and 8 tulips to the Distribution Center #1.
[2019-09-14 04:59:55:393] [1289] [INFO] Producer #1.3 (Pablo Lamponne) sent a box with 6 roses and 4 tulips to the Distribution Center #1.
[2019-09-14 04:59:55:393] [1290] [INFO] Producer #1.4 (Gabriel Medina) sent a box with 6 roses and 4 tulips to the Distribution Center #1.
[2019-09-14 04:59:55:393] [1289] [INFO] Producer #1.3 (Pablo Lamponne) sent a box with 8 roses and 2 tulips to the Distribution Center #1.
[2019-09-14 04:59:55:393] [1290] [INFO] Producer #1.4 (Gabriel Medina) sent a box with 4 roses and 6 tulips to the Distribution Center #1.
[2019-09-14 04:59:55:393] [1289] [INFO] Producer #1.3 (Pablo Lamponne) sent a box with 8 roses and 2 tulips to the Distribution Center #1.
[2019-09-14 04:59:55:393] [1290] [INFO] Producer #1.4 (Gabriel Medina) sent a box with 1 roses and 9 tulips to the Distribution Center #1.
[2019-09-14 04:59:55:393] [1286] [INFO] Producer #1.5 running in process with PID #1291.
[2019-09-14 04:59:55:393] [1290] [INFO] Producer #1.4 (Gabriel Medina) sent a box with 9 roses and 1 tulips to the Distribution Center #1.
[2019-09-14 04:59:55:393] [1289] [INFO] Producer #1.3 (Pablo Lamponne) sent a box with 5 roses and 5 tulips to the Distribution Center #1.
[2019-09-14 04:59:55:393] [1290] [INFO] Producer #1.4 (Gabriel Medina) sent a box with 7 roses and 3 tulips to the Distribution Center #1.
[2019-09-14 04:59:55:393] [1290] [INFO] Producer #1.4 (Gabriel Medina) sent a box with 1 roses and 9 tulips to the Distribution Center #1.
[2019-09-14 04:59:55:393] [1290] [INFO] Producer #1.4 (Gabriel Medina) sent a box with 9 roses and 1 tulips to the Distribution Center #1.
[2019-09-14 04:59:55:393] [1290] [INFO] Producer #1.4 (Gabriel Medina) sent a box with 2 roses and 8 tulips to the Distribution Center #1.
[2019-09-14 04:59:55:393] [1286] [INFO] Distribution Center received a box with 7 roses and 3 tulips from provider #1 (Mario Santos).
[2019-09-14 04:59:55:393] [1290] [INFO] Producer #1.4 (Gabriel Medina) sent a box with 8 roses and 2 tulips to the Distribution Center #1.
[2019-09-14 04:59:55:393] [1286] [INFO] Distribution Center received a box with 1 roses and 9 tulips from provider #1 (Mario Santos).
[2019-09-14 04:59:55:393] [1286] [INFO] Distribution Center received a box with 6 roses and 4 tulips from provider #1 (Mario Santos).
[2019-09-14 04:59:55:393] [1286] [INFO] Distribution Center received a box with 9 roses and 1 tulips from provider #1 (Mario Santos).
[2019-09-14 04:59:55:393] [1286] [INFO] Distribution Center received a box with 2 roses and 8 tulips from provider #1 (Mario Santos).
[2019-09-14 04:59:55:393] [1286] [INFO] Distribution Center received a box with 6 roses and 4 tulips from provider #1 (Mario Santos).
[2019-09-14 04:59:55:393] [1286] [INFO] Distribution Center received a box with 5 roses and 5 tulips from provider #1 (Mario Santos).
[2019-09-14 04:59:55:393] [1286] [INFO] Distribution Center received a box with 5 roses and 5 tulips from provider #1 (Mario Santos).
[2019-09-14 04:59:55:394] [1286] [INFO] Distribution Center received a box with 1 roses and 9 tulips from provider #1 (Mario Santos).
[2019-09-14 04:59:55:394] [1286] [INFO] Distribution Center received a box with 1 roses and 9 tulips from provider #1 (Mario Santos).
[2019-09-14 04:59:55:394] [1291] [INFO] Producer #1.5 (Franco Milazzo) sent a box with 0 roses and 10 tulips to the Distribution Center #1.
[2019-09-14 04:59:55:394] [1286] [INFO] Distribution Center received a box with 7 roses and 3 tulips from provider #2 (Emilio Ravenna).
[2019-09-14 04:59:55:394] [1291] [INFO] Producer #1.5 (Franco Milazzo) sent a box with 8 roses and 2 tulips to the Distribution Center #1.
[2019-09-14 04:59:55:394] [1291] [INFO] Producer #1.5 (Franco Milazzo) sent a box with 2 roses and 8 tulips to the Distribution Center #1.
[2019-09-14 04:59:55:394] [1286] [INFO] Distribution Center received a box with 7 roses and 3 tulips from provider #2 (Emilio Ravenna).
[2019-09-14 04:59:55:394] [1291] [INFO] Producer #1.5 (Franco Milazzo) sent a box with 8 roses and 2 tulips to the Distribution Center #1.
[2019-09-14 04:59:55:394] [1291] [INFO] Producer #1.5 (Franco Milazzo) sent a box with 8 roses and 2 tulips to the Distribution Center #1.
[2019-09-14 04:59:55:394] [1291] [INFO] Producer #1.5 (Franco Milazzo) sent a box with 3 roses and 7 tulips to the Distribution Center #1.
[2019-09-14 04:59:55:394] [1286] [INFO] Distribution Center received a box with 5 roses and 5 tulips from provider #2 (Emilio Ravenna).
[2019-09-14 04:59:55:394] [1291] [INFO] Producer #1.5 (Franco Milazzo) sent a box with 0 roses and 10 tulips to the Distribution Center #1.
[2019-09-14 04:59:55:394] [1291] [INFO] Producer #1.5 (Franco Milazzo) sent a box with 2 roses and 8 tulips to the Distribution Center #1.
[2019-09-14 04:59:55:394] [1291] [INFO] Producer #1.5 (Franco Milazzo) sent a box with 3 roses and 7 tulips to the Distribution Center #1.
[2019-09-14 04:59:55:394] [1286] [INFO] Distribution Center received a box with 0 roses and 10 tulips from provider #2 (Emilio Ravenna).
[2019-09-14 04:59:55:394] [1291] [INFO] Producer #1.5 (Franco Milazzo) sent a box with 10 roses and 0 tulips to the Distribution Center #1.
[2019-09-14 04:59:55:394] [1286] [INFO] Distribution Center received a box with 1 roses and 9 tulips from provider #2 (Emilio Ravenna).
[2019-09-14 04:59:55:394] [1286] [INFO] Distribution Center received a box with 5 roses and 5 tulips from provider #2 (Emilio Ravenna).
[2019-09-14 04:59:55:394] [1286] [INFO] Distribution Center received a box with 9 roses and 1 tulips from provider #3 (Pablo Lamponne).
[2019-09-14 04:59:55:394] [1286] [INFO] Distribution Center received a box with 5 roses and 5 tulips from provider #2 (Emilio Ravenna).
[2019-09-14 04:59:55:394] [1286] [INFO] Distribution Center received a box with 8 roses and 2 tulips from provider #3 (Pablo Lamponne).
[2019-09-14 04:59:55:394] [1286] [INFO] Distribution Center received a box with 8 roses and 2 tulips from provider #2 (Emilio Ravenna).
[2019-09-14 04:59:55:394] [1286] [INFO] Distribution Center received a box with 2 roses and 8 tulips from provider #3 (Pablo Lamponne).
[2019-09-14 04:59:55:395] [1286] [INFO] Distribution Center received a box with 0 roses and 10 tulips from provider #2 (Emilio Ravenna).
[2019-09-14 04:59:55:395] [1286] [INFO] Distribution Center received a box with 6 roses and 4 tulips from provider #3 (Pablo Lamponne).
[2019-09-14 04:59:55:395] [1286] [INFO] Distribution Center received a box with 1 roses and 9 tulips from provider #2 (Emilio Ravenna).
[2019-09-14 04:59:55:395] [1286] [INFO] Distribution Center received a box with 5 roses and 5 tulips from provider #3 (Pablo Lamponne).
[2019-09-14 04:59:55:395] [1286] [INFO] Distribution Center received a box with 8 roses and 2 tulips from provider #3 (Pablo Lamponne).
[2019-09-14 04:59:55:395] [1286] [INFO] Distribution Center received a box with 3 roses and 7 tulips from provider #4 (Gabriel Medina).
[2019-09-14 04:59:55:395] [1286] [INFO] Distribution Center received a box with 3 roses and 7 tulips from provider #3 (Pablo Lamponne).
[2019-09-14 04:59:55:395] [1286] [INFO] Distribution Center received a box with 6 roses and 4 tulips from provider #4 (Gabriel Medina).
[2019-09-14 04:59:55:395] [1286] [INFO] Distribution Center received a box with 9 roses and 1 tulips from provider #3 (Pablo Lamponne).
[2019-09-14 04:59:55:395] [1286] [INFO] Distribution Center received a box with 5 roses and 5 tulips from provider #4 (Gabriel Medina).
[2019-09-14 04:59:55:395] [1286] [INFO] Distribution Center received a box with 5 roses and 5 tulips from provider #3 (Pablo Lamponne).
[2019-09-14 04:59:55:395] [1286] [INFO] Distribution Center received a box with 3 roses and 7 tulips from provider #4 (Gabriel Medina).
[2019-09-14 04:59:55:395] [1286] [INFO] Distribution Center received a box with 8 roses and 2 tulips from provider #4 (Gabriel Medina).
[2019-09-14 04:59:55:395] [1286] [INFO] Distribution Center received a box with 7 roses and 3 tulips from provider #3 (Pablo Lamponne).
[2019-09-14 04:59:55:395] [1286] [INFO] Distribution Center received a box with 2 roses and 8 tulips from provider #4 (Gabriel Medina).
[2019-09-14 04:59:55:396] [1286] [INFO] Distribution Center received a box with 1 roses and 9 tulips from provider #4 (Gabriel Medina).
[2019-09-14 04:59:55:396] [1286] [INFO] Distribution Center received a box with 7 roses and 3 tulips from provider #4 (Gabriel Medina).
[2019-09-14 04:59:55:396] [1286] [INFO] Distribution Center received a box with 6 roses and 4 tulips from provider #4 (Gabriel Medina).
[2019-09-14 04:59:55:396] [1286] [INFO] Distribution Center received a box with 10 roses and 0 tulips from provider #4 (Gabriel Medina).
[2019-09-14 04:59:55:396] [1286] [INFO] Distribution Center received a box with 0 roses and 10 tulips from provider #5 (Franco Milazzo).
[2019-09-14 04:59:55:396] [1286] [INFO] Distribution Center received a box with 3 roses and 7 tulips from provider #5 (Franco Milazzo).
[2019-09-14 04:59:55:396] [1286] [INFO] Distribution Center received a box with 3 roses and 7 tulips from provider #5 (Franco Milazzo).
[2019-09-14 04:59:55:396] [1286] [INFO] Distribution Center received a box with 9 roses and 1 tulips from provider #5 (Franco Milazzo).
[2019-09-14 04:59:55:396] [1286] [INFO] Distribution Center received a box with 7 roses and 3 tulips from provider #5 (Franco Milazzo).
[2019-09-14 04:59:55:396] [1286] [INFO] Distribution Center received a box with 9 roses and 1 tulips from provider #5 (Franco Milazzo).
[2019-09-14 04:59:55:396] [1286] [INFO] Distribution Center received a box with 4 roses and 6 tulips from provider #5 (Franco Milazzo).
[2019-09-14 04:59:55:396] [1286] [INFO] Distribution Center received a box with 1 roses and 9 tulips from provider #5 (Franco Milazzo).
[2019-09-14 04:59:55:396] [1286] [INFO] Distribution Center received a box with 10 roses and 0 tulips from provider #5 (Franco Milazzo).
[2019-09-14 04:59:55:396] [1286] [INFO] Distribution Center received a box with 10 roses and 0 tulips from provider #5 (Franco Milazzo).
[2019-09-14 05:01:34:578] [1393] [INFO] Initilized logger in process with PID #1399
[2019-09-14 05:01:37:262] [1393] [INFO] Main system running in process with PID #1393.
[2019-09-14 05:01:37:262] [1393] [INFO] Distribution Center #1 running in process with PID #1405.
[2019-09-14 05:01:37:262] [1405] [INFO] Producer #1.1 running in process with PID #1406.
[2019-09-14 05:01:37:262] [1406] [INFO] Producer #1.1 (Mario Santos) sent a box with 4 roses and 6 tulips to the Distribution Center #1.
[2019-09-14 05:01:37:262] [1406] [INFO] Producer #1.1 (Mario Santos) sent a box with 2 roses and 8 tulips to the Distribution Center #1.
[2019-09-14 05:01:37:262] [1406] [INFO] Producer #1.1 (Mario Santos) sent a box with 6 roses and 4 tulips to the Distribution Center #1.
[2019-09-14 05:01:37:262] [1406] [INFO] Producer #1.1 (Mario Santos) sent a box with 4 roses and 6 tulips to the Distribution Center #1.
[2019-09-14 05:01:37:262] [1405] [INFO] Producer #1.2 running in process with PID #1407.
[2019-09-14 05:01:37:262] [1406] [INFO] Producer #1.1 (Mario Santos) sent a box with 1 roses and 9 tulips to the Distribution Center #1.
[2019-09-14 05:01:37:262] [1406] [INFO] Producer #1.1 (Mario Santos) sent a box with 4 roses and 6 tulips to the Distribution Center #1.
[2019-09-14 05:01:37:263] [1406] [INFO] Producer #1.1 (Mario Santos) sent a box with 6 roses and 4 tulips to the Distribution Center #1.
[2019-09-14 05:01:37:263] [1406] [INFO] Producer #1.1 (Mario Santos) sent a box with 1 roses and 9 tulips to the Distribution Center #1.
[2019-09-14 05:01:37:263] [1406] [INFO] Producer #1.1 (Mario Santos) sent a box with 6 roses and 4 tulips to the Distribution Center #1.
[2019-09-14 05:01:37:263] [1406] [INFO] Producer #1.1 (Mario Santos) sent a box with 10 roses and 0 tulips to the Distribution Center #1.
[2019-09-14 05:01:37:263] [1405] [INFO] Producer #1.3 running in process with PID #1408.
[2019-09-14 05:01:37:263] [1407] [INFO] Producer #1.2 (Emilio Ravenna) sent a box with 7 roses and 3 tulips to the Distribution Center #1.
[2019-09-14 05:01:37:263] [1407] [INFO] Producer #1.2 (Emilio Ravenna) sent a box with 6 roses and 4 tulips to the Distribution Center #1.
[2019-09-14 05:01:37:263] [1407] [INFO] Producer #1.2 (Emilio Ravenna) sent a box with 8 roses and 2 tulips to the Distribution Center #1.
[2019-09-14 05:01:37:263] [1407] [INFO] Producer #1.2 (Emilio Ravenna) sent a box with 1 roses and 9 tulips to the Distribution Center #1.
[2019-09-14 05:01:37:263] [1407] [INFO] Producer #1.2 (Emilio Ravenna) sent a box with 6 roses and 4 tulips to the Distribution Center #1.
[2019-09-14 05:01:37:263] [1407] [INFO] Producer #1.2 (Emilio Ravenna) sent a box with 1 roses and 9 tulips to the Distribution Center #1.
[2019-09-14 05:01:37:263] [1407] [INFO] Producer #1.2 (Emilio Ravenna) sent a box with 2 roses and 8 tulips to the Distribution Center #1.
[2019-09-14 05:01:37:263] [1405] [INFO] Producer #1.4 running in process with PID #1413.
[2019-09-14 05:01:37:263] [1407] [INFO] Producer #1.2 (Emilio Ravenna) sent a box with 4 roses and 6 tulips to the Distribution Center #1.
[2019-09-14 05:01:37:263] [1407] [INFO] Producer #1.2 (Emilio Ravenna) sent a box with 1 roses and 9 tulips to the Distribution Center #1.
[2019-09-14 05:01:37:263] [1407] [INFO] Producer #1.2 (Emilio Ravenna) sent a box with 10 roses and 0 tulips to the Distribution Center #1.
[2019-09-14 05:01:37:263] [1405] [INFO] Producer #1.5 running in process with PID #1414.
[2019-09-14 05:01:37:263] [1405] [INFO] Distribution Center received a box with 7 roses and 3 tulips from provider #1 (Mario Santos).
[2019-09-14 05:01:37:263] [1405] [INFO] Distribution Center received a box with 0 roses and 10 tulips from provider #1 (Mario Santos).
[2019-09-14 05:01:37:263] [1405] [INFO] Distribution Center received a box with 5 roses and 5 tulips from provider #1 (Mario Santos).
[2019-09-14 05:01:37:263] [1414] [INFO] Producer #1.5 (Franco Milazzo) sent a box with 5 roses and 5 tulips to the Distribution Center #1.
[2019-09-14 05:01:37:263] [1414] [INFO] Producer #1.5 (Franco Milazzo) sent a box with 4 roses and 6 tulips to the Distribution Center #1.
[2019-09-14 05:01:37:263] [1405] [INFO] Distribution Center received a box with 6 roses and 4 tulips from provider #1 (Mario Santos).
[2019-09-14 05:01:37:263] [1414] [INFO] Producer #1.5 (Franco Milazzo) sent a box with 9 roses and 1 tulips to the Distribution Center #1.
[2019-09-14 05:01:37:263] [1405] [INFO] Distribution Center received a box with 6 roses and 4 tulips from provider #1 (Mario Santos).
[2019-09-14 05:01:37:263] [1414] [INFO] Producer #1.5 (Franco Milazzo) sent a box with 6 roses and 4 tulips to the Distribution Center #1.
[2019-09-14 05:01:37:263] [1405] [INFO] Distribution Center received a box with 6 roses and 4 tulips from provider #1 (Mario Santos).
[2019-09-14 05:01:37:263] [1414] [INFO] Producer #1.5 (Franco Milazzo) sent a box with 5 roses and 5 tulips to the Distribution Center #1.
[2019-09-14 05:01:37:263] [1414] [INFO] Producer #1.5 (Franco Milazzo) sent a box with 0 roses and 10 tulips to the Distribution Center #1.
[2019-09-14 05:01:37:263] [1405] [INFO] Distribution Center received a box with 4 roses and 6 tulips from provider #1 (Mario Santos).
[2019-09-14 05:01:37:263] [1414] [INFO] Producer #1.5 (Franco Milazzo) sent a box with 3 roses and 7 tulips to the Distribution Center #1.
[2019-09-14 05:01:37:263] [1405] [INFO] Distribution Center received a box with 2 roses and 8 tulips from provider #1 (Mario Santos).
[2019-09-14 05:01:37:263] [1414] [INFO] Producer #1.5 (Franco Milazzo) sent a box with 2 roses and 8 tulips to the Distribution Center #1.
[2019-09-14 05:01:37:263] [1405] [INFO] Distribution Center received a box with 10 roses and 0 tulips from provider #1 (Mario Santos).
[2019-09-14 05:01:37:263] [1414] [INFO] Producer #1.5 (Franco Milazzo) sent a box with 3 roses and 7 tulips to the Distribution Center #1.
[2019-09-14 05:01:37:263] [1414] [INFO] Producer #1.5 (Franco Milazzo) sent a box with 10 roses and 0 tulips to the Distribution Center #1.
[2019-09-14 05:01:37:263] [1405] [INFO] Distribution Center received a box with 10 roses and 0 tulips from provider #1 (Mario Santos).
[2019-09-14 05:01:37:263] [1405] [INFO] Distribution Center received a box with 1 roses and 9 tulips from provider #2 (Emilio Ravenna).
[2019-09-14 05:01:37:263] [1405] [INFO] Distribution Center received a box with 5 roses and 5 tulips from provider #2 (Emilio Ravenna).
[2019-09-14 05:01:37:263] [1405] [INFO] Distribution Center received a box with 8 roses and 2 tulips from provider #2 (Emilio Ravenna).
[2019-09-14 05:01:37:263] [1405] [INFO] Distribution Center received a box with 4 roses and 6 tulips from provider #2 (Emilio Ravenna).
[2019-09-14 05:01:37:263] [1405] [INFO] Distribution Center received a box with 8 roses and 2 tulips from provider #2 (Emilio Ravenna).
[2019-09-14 05:01:37:263] [1405] [INFO] Distribution Center received a box with 2 roses and 8 tulips from provider #2 (Emilio Ravenna).
[2019-09-14 05:01:37:263] [1405] [INFO] Distribution Center received a box with 6 roses and 4 tulips from provider #2 (Emilio Ravenna).
[2019-09-14 05:01:37:263] [1405] [INFO] Distribution Center received a box with 5 roses and 5 tulips from provider #2 (Emilio Ravenna).
[2019-09-14 05:01:37:263] [1405] [INFO] Distribution Center received a box with 5 roses and 5 tulips from provider #2 (Emilio Ravenna).
[2019-09-14 05:01:37:263] [1405] [INFO] Distribution Center received a box with 10 roses and 0 tulips from provider #2 (Emilio Ravenna).
[2019-09-14 05:01:37:263] [1405] [INFO] Distribution Center received a box with 4 roses and 6 tulips from provider #5 (Franco Milazzo).
[2019-09-14 05:01:37:263] [1405] [INFO] Distribution Center received a box with 4 roses and 6 tulips from provider #5 (Franco Milazzo).
[2019-09-14 05:01:37:263] [1405] [INFO] Distribution Center received a box with 3 roses and 7 tulips from provider #5 (Franco Milazzo).
[2019-09-14 05:01:37:263] [1405] [INFO] Distribution Center received a box with 7 roses and 3 tulips from provider #5 (Franco Milazzo).
[2019-09-14 05:01:37:263] [1405] [INFO] Distribution Center received a box with 3 roses and 7 tulips from provider #5 (Franco Milazzo).
[2019-09-14 05:01:37:263] [1405] [INFO] Distribution Center received a box with 1 roses and 9 tulips from provider #5 (Franco Milazzo).
[2019-09-14 05:01:37:263] [1405] [INFO] Distribution Center received a box with 2 roses and 8 tulips from provider #5 (Franco Milazzo).
[2019-09-14 05:01:37:263] [1405] [INFO] Distribution Center received a box with 9 roses and 1 tulips from provider #5 (Franco Milazzo).
[2019-09-14 05:01:37:263] [1405] [INFO] Distribution Center received a box with 10 roses and 0 tulips from provider #5 (Franco Milazzo).
[2019-09-14 05:01:37:263] [1405] [INFO] Distribution Center received a box with 10 roses and 0 tulips from provider #5 (Franco Milazzo).
[2019-09-14 05:01:37:263] [1408] [INFO] Producer #1.3 (Pablo Lamponne) sent a box with 5 roses and 5 tulips to the Distribution Center #1.
[2019-09-14 05:01:37:263] [1408] [INFO] Producer #1.3 (Pablo Lamponne) sent a box with 1 roses and 9 tulips to the Distribution Center #1.
[2019-09-14 05:01:37:263] [1408] [INFO] Producer #1.3 (Pablo Lamponne) sent a box with 7 roses and 3 tulips to the Distribution Center #1.
[2019-09-14 05:01:37:263] [1405] [INFO] Distribution Center received a box with 7 roses and 3 tulips from provider #3 (Pablo Lamponne).
[2019-09-14 05:01:37:264] [1408] [INFO] Producer #1.3 (Pablo Lamponne) sent a box with 6 roses and 4 tulips to the Distribution Center #1.
[2019-09-14 05:01:37:264] [1405] [INFO] Distribution Center received a box with 8 roses and 2 tulips from provider #3 (Pablo Lamponne).
[2019-09-14 05:01:37:264] [1408] [INFO] Producer #1.3 (Pablo Lamponne) sent a box with 8 roses and 2 tulips to the Distribution Center #1.
[2019-09-14 05:01:37:264] [1408] [INFO] Producer #1.3 (Pablo Lamponne) sent a box with 0 roses and 10 tulips to the Distribution Center #1.
[2019-09-14 05:01:37:264] [1405] [INFO] Distribution Center received a box with 2 roses and 8 tulips from provider #3 (Pablo Lamponne).
[2019-09-14 05:01:37:264] [1408] [INFO] Producer #1.3 (Pablo Lamponne) sent a box with 8 roses and 2 tulips to the Distribution Center #1.
[2019-09-14 05:01:37:264] [1408] [INFO] Producer #1.3 (Pablo Lamponne) sent a box with 0 roses and 10 tulips to the Distribution Center #1.
[2019-09-14 05:01:37:264] [1405] [INFO] Distribution Center received a box with 4 roses and 6 tulips from provider #3 (Pablo Lamponne).
[2019-09-14 05:01:37:264] [1408] [INFO] Producer #1.3 (Pablo Lamponne) sent a box with 3 roses and 7 tulips to the Distribution Center #1.
[2019-09-14 05:01:37:264] [1405] [INFO] Distribution Center received a box with 8 roses and 2 tulips from provider #3 (Pablo Lamponne).
[2019-09-14 05:01:37:264] [1408] [INFO] Producer #1.3 (Pablo Lamponne) sent a box with 3 roses and 7 tulips to the Distribution Center #1.
[2019-09-14 05:01:37:264] [1405] [INFO] Distribution Center received a box with 9 roses and 1 tulips from provider #3 (Pablo Lamponne).
[2019-09-14 05:01:37:264] [1405] [INFO] Distribution Center received a box with 1 roses and 9 tulips from provider #3 (Pablo Lamponne).
[2019-09-14 05:01:37:264] [1405] [INFO] Distribution Center received a box with 7 roses and 3 tulips from provider #3 (Pablo Lamponne).
[2019-09-14 05:01:37:264] [1405] [INFO] Distribution Center received a box with 9 roses and 1 tulips from provider #3 (Pablo Lamponne).
[2019-09-14 05:01:37:264] [1405] [INFO] Distribution Center received a box with 4 roses and 6 tulips from provider #3 (Pablo Lamponne).
[2019-09-14 05:01:37:264] [1413] [INFO] Producer #1.4 (Gabriel Medina) sent a box with 4 roses and 6 tulips to the Distribution Center #1.
[2019-09-14 05:01:37:264] [1413] [INFO] Producer #1.4 (Gabriel Medina) sent a box with 4 roses and 6 tulips to the Distribution Center #1.
[2019-09-14 05:01:37:264] [1405] [INFO] Distribution Center received a box with 9 roses and 1 tulips from provider #4 (Gabriel Medina).
[2019-09-14 05:01:37:264] [1413] [INFO] Producer #1.4 (Gabriel Medina) sent a box with 7 roses and 3 tulips to the Distribution Center #1.
[2019-09-14 05:01:37:264] [1405] [INFO] Distribution Center received a box with 9 roses and 1 tulips from provider #4 (Gabriel Medina).
[2019-09-14 05:01:37:264] [1413] [INFO] Producer #1.4 (Gabriel Medina) sent a box with 8 roses and 2 tulips to the Distribution Center #1.
[2019-09-14 05:01:37:264] [1413] [INFO] Producer #1.4 (Gabriel Medina) sent a box with 5 roses and 5 tulips to the Distribution Center #1.
[2019-09-14 05:01:37:264] [1405] [INFO] Distribution Center received a box with 4 roses and 6 tulips from provider #4 (Gabriel Medina).
[2019-09-14 05:01:37:264] [1413] [INFO] Producer #1.4 (Gabriel Medina) sent a box with 7 roses and 3 tulips to the Distribution Center #1.
[2019-09-14 05:01:37:264] [1413] [INFO] Producer #1.4 (Gabriel Medina) sent a box with 7 roses and 3 tulips to the Distribution Center #1.
[2019-09-14 05:01:37:264] [1405] [INFO] Distribution Center received a box with 3 roses and 7 tulips from provider #4 (Gabriel Medina).
[2019-09-14 05:01:37:264] [1413] [INFO] Producer #1.4 (Gabriel Medina) sent a box with 7 roses and 3 tulips to the Distribution Center #1.
[2019-09-14 05:01:37:264] [1405] [INFO] Distribution Center received a box with 0 roses and 10 tulips from provider #4 (Gabriel Medina).
[2019-09-14 05:01:37:264] [1413] [INFO] Producer #1.4 (Gabriel Medina) sent a box with 0 roses and 10 tulips to the Distribution Center #1.
[2019-09-14 05:01:37:264] [1413] [INFO] Producer #1.4 (Gabriel Medina) sent a box with 1 roses and 9 tulips to the Distribution Center #1.
[2019-09-14 05:01:37:264] [1405] [INFO] Distribution Center received a box with 2 roses and 8 tulips from provider #4 (Gabriel Medina).
[2019-09-14 05:01:37:264] [1405] [INFO] Distribution Center received a box with 8 roses and 2 tulips from provider #4 (Gabriel Medina).
[2019-09-14 05:01:37:264] [1405] [INFO] Distribution Center received a box with 9 roses and 1 tulips from provider #4 (Gabriel Medina).
[2019-09-14 05:01:37:264] [1405] [INFO] Distribution Center received a box with 1 roses and 9 tulips from provider #4 (Gabriel Medina).
[2019-09-14 05:01:37:264] [1405] [INFO] Distribution Center received a box with 5 roses and 5 tulips from provider #4 (Gabriel Medina).
[2019-09-14 05:01:45:840] [1393] [INFO] Main system running in process with PID #1393.
[2019-09-14 05:01:45:841] [1393] [INFO] Distribution Center #1 running in process with PID #1459.
[2019-09-14 05:01:45:842] [1459] [INFO] Producer #1.1 running in process with PID #1460.
[2019-09-14 05:01:45:842] [1460] [INFO] Producer #1.1 (Mario Santos) sent a box with 8 roses and 2 tulips to the Distribution Center #1.
[2019-09-14 05:01:45:842] [1460] [INFO] Producer #1.1 (Mario Santos) sent a box with 0 roses and 10 tulips to the Distribution Center #1.
[2019-09-14 05:01:45:842] [1460] [INFO] Producer #1.1 (Mario Santos) sent a box with 8 roses and 2 tulips to the Distribution Center #1.
[2019-09-14 05:01:45:842] [1460] [INFO] Producer #1.1 (Mario Santos) sent a box with 1 roses and 9 tulips to the Distribution Center #1.
[2019-09-14 05:01:45:842] [1460] [INFO] Producer #1.1 (Mario Santos) sent a box with 1 roses and 9 tulips to the Distribution Center #1.
[2019-09-14 05:01:45:843] [1460] [INFO] Producer #1.1 (Mario Santos) sent a box with 3 roses and 7 tulips to the Distribution Center #1.
[2019-09-14 05:01:45:842] [1459] [INFO] Producer #1.2 running in process with PID #1462.
[2019-09-14 05:01:45:843] [1460] [INFO] Producer #1.1 (Mario Santos) sent a box with 0 roses and 10 tulips to the Distribution Center #1.
[2019-09-14 05:01:45:843] [1460] [INFO] Producer #1.1 (Mario Santos) sent a box with 8 roses and 2 tulips to the Distribution Center #1.
[2019-09-14 05:01:45:843] [1460] [INFO] Producer #1.1 (Mario Santos) sent a box with 9 roses and 1 tulips to the Distribution Center #1.
[2019-09-14 05:01:45:843] [1393] [INFO] Distribution Center #2 running in process with PID #1461.
[2019-09-14 05:01:45:843] [1460] [INFO] Producer #1.1 (Mario Santos) sent a box with 9 roses and 1 tulips to the Distribution Center #1.
[2019-09-14 05:01:45:843] [1459] [INFO] Producer #1.3 running in process with PID #1463.
[2019-09-14 05:01:45:843] [1461] [INFO] Producer #2.1 running in process with PID #1464.
[2019-09-14 05:01:45:843] [1459] [INFO] Producer #1.4 running in process with PID #1466.
[2019-09-14 05:01:45:843] [1463] [INFO] Producer #1.3 (Pablo Lamponne) sent a box with 9 roses and 1 tulips to the Distribution Center #1.
[2019-09-14 05:01:45:843] [1464] [INFO] Producer #2.1 (Mario Santos) sent a box with 0 roses and 10 tulips to the Distribution Center #2.
[2019-09-14 05:01:45:843] [1463] [INFO] Producer #1.3 (Pablo Lamponne) sent a box with 8 roses and 2 tulips to the Distribution Center #1.
[2019-09-14 05:01:45:843] [1463] [INFO] Producer #1.3 (Pablo Lamponne) sent a box with 3 roses and 7 tulips to the Distribution Center #1.
[2019-09-14 05:01:45:843] [1464] [INFO] Producer #2.1 (Mario Santos) sent a box with 1 roses and 9 tulips to the Distribution Center #2.
[2019-09-14 05:01:45:843] [1463] [INFO] Producer #1.3 (Pablo Lamponne) sent a box with 2 roses and 8 tulips to the Distribution Center #1.
[2019-09-14 05:01:45:843] [1464] [INFO] Producer #2.1 (Mario Santos) sent a box with 3 roses and 7 tulips to the Distribution Center #2.
[2019-09-14 05:01:45:844] [1463] [INFO] Producer #1.3 (Pablo Lamponne) sent a box with 1 roses and 9 tulips to the Distribution Center #1.
[2019-09-14 05:01:45:844] [1464] [INFO] Producer #2.1 (Mario Santos) sent a box with 3 roses and 7 tulips to the Distribution Center #2.
[2019-09-14 05:01:45:844] [1464] [INFO] Producer #2.1 (Mario Santos) sent a box with 8 roses and 2 tulips to the Distribution Center #2.
[2019-09-14 05:01:45:844] [1463] [INFO] Producer #1.3 (Pablo Lamponne) sent a box with 3 roses and 7 tulips to the Distribution Center #1.
[2019-09-14 05:01:45:844] [1464] [INFO] Producer #2.1 (Mario Santos) sent a box with 5 roses and 5 tulips to the Distribution Center #2.
[2019-09-14 05:01:45:844] [1463] [INFO] Producer #1.3 (Pablo Lamponne) sent a box with 0 roses and 10 tulips to the Distribution Center #1.
[2019-09-14 05:01:45:844] [1461] [INFO] Producer #2.2 running in process with PID #1467.
[2019-09-14 05:01:45:844] [1464] [INFO] Producer #2.1 (Mario Santos) sent a box with 6 roses and 4 tulips to the Distribution Center #2.
[2019-09-14 05:01:45:844] [1463] [INFO] Producer #1.3 (Pablo Lamponne) sent a box with 9 roses and 1 tulips to the Distribution Center #1.
[2019-09-14 05:01:45:844] [1464] [INFO] Producer #2.1 (Mario Santos) sent a box with 0 roses and 10 tulips to the Distribution Center #2.
[2019-09-14 05:01:45:844] [1463] [INFO] Producer #1.3 (Pablo Lamponne) sent a box with 6 roses and 4 tulips to the Distribution Center #1.
[2019-09-14 05:01:45:844] [1459] [INFO] Producer #1.5 running in process with PID #1468.
[2019-09-14 05:01:45:844] [1464] [INFO] Producer #2.1 (Mario Santos) sent a box with 10 roses and 0 tulips to the Distribution Center #2.
[2019-09-14 05:01:45:844] [1463] [INFO] Producer #1.3 (Pablo Lamponne) sent a box with 10 roses and 0 tulips to the Distribution Center #1.
[2019-09-14 05:01:45:844] [1464] [INFO] Producer #2.1 (Mario Santos) sent a box with 10 roses and 0 tulips to the Distribution Center #2.
[2019-09-14 05:01:45:844] [1459] [INFO] Distribution Center received a box with 7 roses and 3 tulips from provider #1 (Mario Santos).
[2019-09-14 05:01:45:844] [1459] [INFO] Distribution Center received a box with 6 roses and 4 tulips from provider #1 (Mario Santos).
[2019-09-14 05:01:45:844] [1467] [INFO] Producer #2.2 (Emilio Ravenna) sent a box with 9 roses and 1 tulips to the Distribution Center #2.
[2019-09-14 05:01:45:844] [1467] [INFO] Producer #2.2 (Emilio Ravenna) sent a box with 9 roses and 1 tulips to the Distribution Center #2.
[2019-09-14 05:01:45:844] [1461] [INFO] Producer #2.3 running in process with PID #1469.
[2019-09-14 05:01:45:844] [1459] [INFO] Distribution Center received a box with 6 roses and 4 tulips from provider #1 (Mario Santos).
[2019-09-14 05:01:45:844] [1467] [INFO] Producer #2.2 (Emilio Ravenna) sent a box with 7 roses and 3 tulips to the Distribution Center #2.
[2019-09-14 05:01:45:844] [1467] [INFO] Producer #2.2 (Emilio Ravenna) sent a box with 9 roses and 1 tulips to the Distribution Center #2.
[2019-09-14 05:01:45:844] [1459] [INFO] Distribution Center received a box with 3 roses and 7 tulips from provider #1 (Mario Santos).
[2019-09-14 05:01:45:844] [1467] [INFO] Producer #2.2 (Emilio Ravenna) sent a box with 5 roses and 5 tulips to the Distribution Center #2.
[2019-09-14 05:01:45:844] [1459] [INFO] Distribution Center received a box with 6 roses and 4 tulips from provider #1 (Mario Santos).
[2019-09-14 05:01:45:844] [1467] [INFO] Producer #2.2 (Emilio Ravenna) sent a box with 2 roses and 8 tulips to the Distribution Center #2.
[2019-09-14 05:01:45:844] [1467] [INFO] Producer #2.2 (Emilio Ravenna) sent a box with 2 roses and 8 tulips to the Distribution Center #2.
[2019-09-14 05:01:45:844] [1459] [INFO] Distribution Center received a box with 0 roses and 10 tulips from provider #1 (Mario Santos).
[2019-09-14 05:01:45:844] [1467] [INFO] Producer #2.2 (Emilio Ravenna) sent a box with 8 roses and 2 tulips to the Distribution Center #2.
[2019-09-14 05:01:45:844] [1467] [INFO] Producer #2.2 (Emilio Ravenna) sent a box with 1 roses and 9 tulips to the Distribution Center #2.
[2019-09-14 05:01:45:844] [1459] [INFO] Distribution Center received a box with 8 roses and 2 tulips from provider #1 (Mario Santos).
[2019-09-14 05:01:45:844] [1467] [INFO] Producer #2.2 (Emilio Ravenna) sent a box with 1 roses and 9 tulips to the Distribution Center #2.
[2019-09-14 05:01:45:844] [1468] [INFO] Producer #1.5 (Franco Milazzo) sent a box with 9 roses and 1 tulips to the Distribution Center #1.
[2019-09-14 05:01:45:844] [1459] [INFO] Distribution Center received a box with 5 roses and 5 tulips from provider #1 (Mario Santos).
[2019-09-14 05:01:45:844] [1461] [INFO] Producer #2.4 running in process with PID #1470.
[2019-09-14 05:01:45:844] [1468] [INFO] Producer #1.5 (Franco Milazzo) sent a box with 1 roses and 9 tulips to the Distribution Center #1.
[2019-09-14 05:01:45:844] [1459] [INFO] Distribution Center received a box with 2 roses and 8 tulips from provider #1 (Mario Santos).
[2019-09-14 05:01:45:844] [1468] [INFO] Producer #1.5 (Franco Milazzo) sent a box with 5 roses and 5 tulips to the Distribution Center #1.
[2019-09-14 05:01:45:844] [1468] [INFO] Producer #1.5 (Franco Milazzo) sent a box with 3 roses and 7 tulips to the Distribution Center #1.
[2019-09-14 05:01:45:844] [1459] [INFO] Distribution Center received a box with 10 roses and 0 tulips from provider #1 (Mario Santos).
[2019-09-14 05:01:45:845] [1468] [INFO] Producer #1.5 (Franco Milazzo) sent a box with 7 roses and 3 tulips to the Distribution Center #1.
[2019-09-14 05:01:45:845] [1459] [INFO] Distribution Center received a box with 3 roses and 7 tulips from provider #3 (Pablo Lamponne).
[2019-09-14 05:01:45:845] [1468] [INFO] Producer #1.5 (Franco Milazzo) sent a box with 7 roses and 3 tulips to the Distribution Center #1.
[2019-09-14 05:01:45:845] [1468] [INFO] Producer #1.5 (Franco Milazzo) sent a box with 8 roses and 2 tulips to the Distribution Center #1.
[2019-09-14 05:01:45:845] [1459] [INFO] Distribution Center received a box with 4 roses and 6 tulips from provider #3 (Pablo Lamponne).
[2019-09-14 05:01:45:845] [1468] [INFO] Producer #1.5 (Franco Milazzo) sent a box with 4 roses and 6 tulips to the Distribution Center #1.
[2019-09-14 05:01:45:845] [1459] [INFO] Distribution Center received a box with 3 roses and 7 tulips from provider #3 (Pablo Lamponne).
[2019-09-14 05:01:45:845] [1468] [INFO] Producer #1.5 (Franco Milazzo) sent a box with 2 roses and 8 tulips to the Distribution Center #1.
[2019-09-14 05:01:45:845] [1461] [INFO] Producer #2.5 running in process with PID #1471.
[2019-09-14 05:01:45:845] [1468] [INFO] Producer #1.5 (Franco Milazzo) sent a box with 2 roses and 8 tulips to the Distribution Center #1.
[2019-09-14 05:01:45:845] [1459] [INFO] Distribution Center received a box with 1 roses and 9 tulips from provider #3 (Pablo Lamponne).
[2019-09-14 05:01:45:845] [1459] [INFO] Distribution Center received a box with 0 roses and 10 tulips from provider #3 (Pablo Lamponne).
[2019-09-14 05:01:45:845] [1461] [INFO] Distribution Center received a box with 3 roses and 7 tulips from provider #1 (Mario Santos).
[2019-09-14 05:01:45:845] [1466] [INFO] Producer #1.4 (Gabriel Medina) sent a box with 7 roses and 3 tulips to the Distribution Center #1.
[2019-09-14 05:01:45:845] [1459] [INFO] Distribution Center received a box with 6 roses and 4 tulips from provider #3 (Pablo Lamponne).
[2019-09-14 05:01:45:845] [1461] [INFO] Distribution Center received a box with 1 roses and 9 tulips from provider #1 (Mario Santos).
[2019-09-14 05:01:45:845] [1466] [INFO] Producer #1.4 (Gabriel Medina) sent a box with 2 roses and 8 tulips to the Distribution Center #1.
[2019-09-14 05:01:45:845] [1459] [INFO] Distribution Center received a box with 4 roses and 6 tulips from provider #3 (Pablo Lamponne).
[2019-09-14 05:01:45:845] [1466] [INFO] Producer #1.4 (Gabriel Medina) sent a box with 2 roses and 8 tulips to the Distribution Center #1.
[2019-09-14 05:01:45:845] [1461] [INFO] Distribution Center received a box with 4 roses and 6 tulips from provider #1 (Mario Santos).
[2019-09-14 05:01:45:845] [1466] [INFO] Producer #1.4 (Gabriel Medina) sent a box with 9 roses and 1 tulips to the Distribution Center #1.
[2019-09-14 05:01:45:845] [1459] [INFO] Distribution Center received a box with 8 roses and 2 tulips from provider #3 (Pablo Lamponne).
[2019-09-14 05:01:45:845] [1461] [INFO] Distribution Center received a box with 9 roses and 1 tulips from provider #1 (Mario Santos).
[2019-09-14 05:01:45:845] [1466] [INFO] Producer #1.4 (Gabriel Medina) sent a box with 8 roses and 2 tulips to the Distribution Center #1.
[2019-09-14 05:01:45:845] [1459] [INFO] Distribution Center received a box with 10 roses and 0 tulips from provider #3 (Pablo Lamponne).
[2019-09-14 05:01:45:845] [1466] [INFO] Producer #1.4 (Gabriel Medina) sent a box with 3 roses and 7 tulips to the Distribution Center #1.
[2019-09-14 05:01:45:845] [1462] [INFO] Producer #1.2 (Emilio Ravenna) sent a box with 3 roses and 7 tulips to the Distribution Center #1.
[2019-09-14 05:01:45:845] [1461] [INFO] Distribution Center received a box with 5 roses and 5 tulips from provider #1 (Mario Santos).
[2019-09-14 05:01:45:845] [1462] [INFO] Producer #1.2 (Emilio Ravenna) sent a box with 5 roses and 5 tulips to the Distribution Center #1.
[2019-09-14 05:01:45:845] [1466] [INFO] Producer #1.4 (Gabriel Medina) sent a box with 6 roses and 4 tulips to the Distribution Center #1.
[2019-09-14 05:01:45:845] [1462] [INFO] Producer #1.2 (Emilio Ravenna) sent a box with 6 roses and 4 tulips to the Distribution Center #1.
[2019-09-14 05:01:45:845] [1459] [INFO] Distribution Center received a box with 10 roses and 0 tulips from provider #3 (Pablo Lamponne).
[2019-09-14 05:01:45:845] [1461] [INFO] Distribution Center received a box with 9 roses and 1 tulips from provider #1 (Mario Santos).
[2019-09-14 05:01:45:845] [1462] [INFO] Producer #1.2 (Emilio Ravenna) sent a box with 1 roses and 9 tulips to the Distribution Center #1.
[2019-09-14 05:01:45:845] [1466] [INFO] Producer #1.4 (Gabriel Medina) sent a box with 2 roses and 8 tulips to the Distribution Center #1.
[2019-09-14 05:01:45:845] [1462] [INFO] Producer #1.2 (Emilio Ravenna) sent a box with 2 roses and 8 tulips to the Distribution Center #1.
[2019-09-14 05:01:45:845] [1466] [INFO] Producer #1.4 (Gabriel Medina) sent a box with 5 roses and 5 tulips to the Distribution Center #1.
[2019-09-14 05:01:45:845] [1461] [INFO] Distribution Center received a box with 0 roses and 10 tulips from provider #1 (Mario Santos).
[2019-09-14 05:01:45:845] [1459] [INFO] Distribution Center received a box with 6 roses and 4 tulips from provider #5 (Franco Milazzo).
[2019-09-14 05:01:45:845] [1462] [INFO] Producer #1.2 (Emilio Ravenna) sent a box with 3 roses and 7 tulips to the Distribution Center #1.
[2019-09-14 05:01:45:845] [1466] [INFO] Producer #1.4 (Gabriel Medina) sent a box with 7 roses and 3 tulips to the Distribution Center #1.
[2019-09-14 05:01:45:845] [1462] [INFO] Producer #1.2 (Emilio Ravenna) sent a box with 3 roses and 7 tulips to the Distribution Center #1.
[2019-09-14 05:01:45:845] [1462] [INFO] Producer #1.2 (Emilio Ravenna) sent a box with 4 roses and 6 tulips to the Distribution Center #1.
[2019-09-14 05:01:45:845] [1461] [INFO] Distribution Center received a box with 3 roses and 7 tulips from provider #1 (Mario Santos).
[2019-09-14 05:01:45:845] [1459] [INFO] Distribution Center received a box with 8 roses and 2 tulips from provider #5 (Franco Milazzo).
[2019-09-14 05:01:45:845] [1462] [INFO] Producer #1.2 (Emilio Ravenna) sent a box with 10 roses and 0 tulips to the Distribution Center #1.
[2019-09-14 05:01:45:845] [1462] [INFO] Producer #1.2 (Emilio Ravenna) sent a box with 10 roses and 0 tulips to the Distribution Center #1.
[2019-09-14 05:01:45:845] [1461] [INFO] Distribution Center received a box with 10 roses and 0 tulips from provider #1 (Mario Santos).
[2019-09-14 05:01:45:845] [1459] [INFO] Distribution Center received a box with 9 roses and 1 tulips from provider #5 (Franco Milazzo).
[2019-09-14 05:01:45:845] [1461] [INFO] Distribution Center received a box with 10 roses and 0 tulips from provider #1 (Mario Santos).
[2019-09-14 05:01:45:845] [1459] [INFO] Distribution Center received a box with 8 roses and 2 tulips from provider #5 (Franco Milazzo).
[2019-09-14 05:01:45:845] [1461] [INFO] Distribution Center received a box with 0 roses and 10 tulips from provider #2 (Emilio Ravenna).
[2019-09-14 05:01:45:845] [1459] [INFO] Distribution Center received a box with 7 roses and 3 tulips from provider #5 (Franco Milazzo).
[2019-09-14 05:01:45:846] [1461] [INFO] Distribution Center received a box with 7 roses and 3 tulips from provider #2 (Emilio Ravenna).
[2019-09-14 05:01:45:846] [1459] [INFO] Distribution Center received a box with 1 roses and 9 tulips from provider #5 (Franco Milazzo).
[2019-09-14 05:01:45:846] [1459] [INFO] Distribution Center received a box with 4 roses and 6 tulips from provider #5 (Franco Milazzo).
[2019-09-14 05:01:45:846] [1461] [INFO] Distribution Center received a box with 8 roses and 2 tulips from provider #2 (Emilio Ravenna).
[2019-09-14 05:01:45:846] [1459] [INFO] Distribution Center received a box with 5 roses and 5 tulips from provider #5 (Franco Milazzo).
[2019-09-14 05:01:45:846] [1461] [INFO] Distribution Center received a box with 1 roses and 9 tulips from provider #2 (Emilio Ravenna).
[2019-09-14 05:01:45:846] [1461] [INFO] Distribution Center received a box with 0 roses and 10 tulips from provider #2 (Emilio Ravenna).
[2019-09-14 05:01:45:846] [1459] [INFO] Distribution Center received a box with 4 roses and 6 tulips from provider #5 (Franco Milazzo).
[2019-09-14 05:01:45:846] [1469] [INFO] Producer #2.3 (Pablo Lamponne) sent a box with 7 roses and 3 tulips to the Distribution Center #2.
[2019-09-14 05:01:45:846] [1461] [INFO] Distribution Center received a box with 3 roses and 7 tulips from provider #2 (Emilio Ravenna).
[2019-09-14 05:01:45:846] [1459] [INFO] Distribution Center received a box with 0 roses and 10 tulips from provider #5 (Franco Milazzo).
[2019-09-14 05:01:45:846] [1469] [INFO] Producer #2.3 (Pablo Lamponne) sent a box with 8 roses and 2 tulips to the Distribution Center #2.
[2019-09-14 05:01:45:846] [1461] [INFO] Distribution Center received a box with 9 roses and 1 tulips from provider #2 (Emilio Ravenna).
[2019-09-14 05:01:45:846] [1469] [INFO] Producer #2.3 (Pablo Lamponne) sent a box with 1 roses and 9 tulips to the Distribution Center #2.
[2019-09-14 05:01:45:846] [1459] [INFO] Distribution Center received a box with 0 roses and 10 tulips from provider #4 (Gabriel Medina).
[2019-09-14 05:01:45:846] [1461] [INFO] Distribution Center received a box with 7 roses and 3 tulips from provider #2 (Emilio Ravenna).
[2019-09-14 05:01:45:846] [1470] [INFO] Producer #2.4 (Gabriel Medina) sent a box with 0 roses and 10 tulips to the Distribution Center #2.
[2019-09-14 05:01:45:846] [1469] [INFO] Producer #2.3 (Pablo Lamponne) sent a box with 1 roses and 9 tulips to the Distribution Center #2.
[2019-09-14 05:01:45:846] [1469] [INFO] Producer #2.3 (Pablo Lamponne) sent a box with 7 roses and 3 tulips to the Distribution Center #2.
[2019-09-14 05:01:45:846] [1459] [INFO] Distribution Center received a box with 1 roses and 9 tulips from provider #4 (Gabriel Medina).
[2019-09-14 05:01:45:846] [1470] [INFO] Producer #2.4 (Gabriel Medina) sent a box with 6 roses and 4 tulips to the Distribution Center #2.
[2019-09-14 05:01:45:846] [1461] [INFO] Distribution Center received a box with 7 roses and 3 tulips from provider #2 (Emilio Ravenna).
[2019-09-14 05:01:45:846] [1469] [INFO] Producer #2.3 (Pablo Lamponne) sent a box with 5 roses and 5 tulips to the Distribution Center #2.
[2019-09-14 05:01:45:846] [1470] [INFO] Producer #2.4 (Gabriel Medina) sent a box with 1 roses and 9 tulips to the Distribution Center #2.
[2019-09-14 05:01:45:846] [1459] [INFO] Distribution Center received a box with 1 roses and 9 tulips from provider #4 (Gabriel Medina).
[2019-09-14 05:01:45:846] [1461] [INFO] Distribution Center received a box with 5 roses and 5 tulips from provider #2 (Emilio Ravenna).
[2019-09-14 05:01:45:846] [1469] [INFO] Producer #2.3 (Pablo Lamponne) sent a box with 7 roses and 3 tulips to the Distribution Center #2.
[2019-09-14 05:01:45:846] [1470] [INFO] Producer #2.4 (Gabriel Medina) sent a box with 2 roses and 8 tulips to the Distribution Center #2.
[2019-09-14 05:01:45:846] [1470] [INFO] Producer #2.4 (Gabriel Medina) sent a box with 6 roses and 4 tulips to the Distribution Center #2.
[2019-09-14 05:01:45:846] [1469] [INFO] Producer #2.3 (Pablo Lamponne) sent a box with 7 roses and 3 tulips to the Distribution Center #2.
[2019-09-14 05:01:45:846] [1459] [INFO] Distribution Center received a box with 7 roses and 3 tulips from provider #4 (Gabriel Medina).
[2019-09-14 05:01:45:846] [1461] [INFO] Distribution Center received a box with 6 roses and 4 tulips from provider #3 (Pablo Lamponne).
[2019-09-14 05:01:45:846] [1470] [INFO] Producer #2.4 (Gabriel Medina) sent a box with 6 roses and 4 tulips to the Distribution Center #2.
[2019-09-14 05:01:45:846] [1469] [INFO] Producer #2.3 (Pablo Lamponne) sent a box with 2 roses and 8 tulips to the Distribution Center #2.
[2019-09-14 05:01:45:846] [1470] [INFO] Producer #2.4 (Gabriel Medina) sent a box with 1 roses and 9 tulips to the Distribution Center #2.
[2019-09-14 05:01:45:846] [1461] [INFO] Distribution Center received a box with 5 roses and 5 tulips from provider #3 (Pablo Lamponne).
[2019-09-14 05:01:45:846] [1459] [INFO] Distribution Center received a box with 2 roses and 8 tulips from provider #4 (Gabriel Medina).
[2019-09-14 05:01:45:846] [1469] [INFO] Producer #2.3 (Pablo Lamponne) sent a box with 4 roses and 6 tulips to the Distribution Center #2.
[2019-09-14 05:01:45:846] [1470] [INFO] Producer #2.4 (Gabriel Medina) sent a box with 8 roses and 2 tulips to the Distribution Center #2.
[2019-09-14 05:01:45:846] [1461] [INFO] Distribution Center received a box with 5 roses and 5 tulips from provider #3 (Pablo Lamponne).
[2019-09-14 05:01:45:846] [1459] [INFO] Distribution Center received a box with 5 roses and 5 tulips from provider #4 (Gabriel Medina).
[2019-09-14 05:01:45:846] [1470] [INFO] Producer #2.4 (Gabriel Medina) sent a box with 7 roses and 3 tulips to the Distribution Center #2.
[2019-09-14 05:01:45:846] [1470] [INFO] Producer #2.4 (Gabriel Medina) sent a box with 10 roses and 0 tulips to the Distribution Center #2.
[2019-09-14 05:01:45:846] [1461] [INFO] Distribution Center received a box with 4 roses and 6 tulips from provider #3 (Pablo Lamponne).
[2019-09-14 05:01:45:846] [1459] [INFO] Distribution Center received a box with 4 roses and 6 tulips from provider #2 (Emilio Ravenna).
[2019-09-14 05:01:45:846] [1461] [INFO] Distribution Center received a box with 6 roses and 4 tulips from provider #4 (Gabriel Medina).
[2019-09-14 05:01:45:846] [1459] [INFO] Distribution Center received a box with 3 roses and 7 tulips from provider #2 (Emilio Ravenna).
[2019-09-14 05:01:45:846] [1461] [INFO] Distribution Center received a box with 5 roses and 5 tulips from provider #3 (Pablo Lamponne).
[2019-09-14 05:01:45:846] [1459] [INFO] Distribution Center received a box with 9 roses and 1 tulips from provider #4 (Gabriel Medina).
[2019-09-14 05:01:45:847] [1461] [INFO] Distribution Center received a box with 2 roses and 8 tulips from provider #4 (Gabriel Medina).
[2019-09-14 05:01:45:846] [1471] [INFO] Producer #2.5 (Franco Milazzo) sent a box with 6 roses and 4 tulips to the Distribution Center #2.
[2019-09-14 05:01:45:847] [1459] [INFO] Distribution Center received a box with 8 roses and 2 tulips from provider #2 (Emilio Ravenna).
[2019-09-14 05:01:45:847] [1471] [INFO] Producer #2.5 (Franco Milazzo) sent a box with 0 roses and 10 tulips to the Distribution Center #2.
[2019-09-14 05:01:45:847] [1461] [INFO] Distribution Center received a box with 9 roses and 1 tulips from provider #3 (Pablo Lamponne).
[2019-09-14 05:01:45:847] [1471] [INFO] Producer #2.5 (Franco Milazzo) sent a box with 5 roses and 5 tulips to the Distribution Center #2.
[2019-09-14 05:01:45:847] [1459] [INFO] Distribution Center received a box with 1 roses and 9 tulips from provider #2 (Emilio Ravenna).
[2019-09-14 05:01:45:847] [1461] [INFO] Distribution Center received a box with 4 roses and 6 tulips from provider #4 (Gabriel Medina).
[2019-09-14 05:01:45:847] [1471] [INFO] Producer #2.5 (Franco Milazzo) sent a box with 6 roses and 4 tulips to the Distribution Center #2.
[2019-09-14 05:01:45:847] [1459] [INFO] Distribution Center received a box with 9 roses and 1 tulips from provider #4 (Gabriel Medina).
[2019-09-14 05:01:45:847] [1471] [INFO] Producer #2.5 (Franco Milazzo) sent a box with 6 roses and 4 tulips to the Distribution Center #2.
[2019-09-14 05:01:45:847] [1461] [INFO] Distribution Center received a box with 0 roses and 10 tulips from provider #3 (Pablo Lamponne).
[2019-09-14 05:01:45:847] [1471] [INFO] Producer #2.5 (Franco Milazzo) sent a box with 0 roses and 10 tulips to the Distribution Center #2.
[2019-09-14 05:01:45:847] [1459] [INFO] Distribution Center received a box with 0 roses and 10 tulips from provider #2 (Emilio Ravenna).
[2019-09-14 05:01:45:847] [1461] [INFO] Distribution Center received a box with 5 roses and 5 tulips from provider #4 (Gabriel Medina).
[2019-09-14 05:01:45:847] [1471] [INFO] Producer #2.5 (Franco Milazzo) sent a box with 1 roses and 9 tulips to the Distribution Center #2.
[2019-09-14 05:01:45:847] [1471] [INFO] Producer #2.5 (Franco Milazzo) sent a box with 8 roses and 2 tulips to the Distribution Center #2.
[2019-09-14 05:01:45:847] [1461] [INFO] Distribution Center received a box with 7 roses and 3 tulips from provider #4 (Gabriel Medina).
[2019-09-14 05:01:45:847] [1459] [INFO] Distribution Center received a box with 9 roses and 1 tulips from provider #4 (Gabriel Medina).
[2019-09-14 05:01:45:847] [1471] [INFO] Producer #2.5 (Franco Milazzo) sent a box with 10 roses and 0 tulips to the Distribution Center #2.
[2019-09-14 05:01:45:847] [1461] [INFO] Distribution Center received a box with 2 roses and 8 tulips from provider #3 (Pablo Lamponne).
[2019-09-14 05:01:45:847] [1459] [INFO] Distribution Center received a box with 2 roses and 8 tulips from provider #2 (Emilio Ravenna).
[2019-09-14 05:01:45:847] [1471] [INFO] Producer #2.5 (Franco Milazzo) sent a box with 10 roses and 0 tulips to the Distribution Center #2.
[2019-09-14 05:01:45:847] [1461] [INFO] Distribution Center received a box with 4 roses and 6 tulips from provider #4 (Gabriel Medina).
[2019-09-14 05:01:45:847] [1459] [INFO] Distribution Center received a box with 5 roses and 5 tulips from provider #2 (Emilio Ravenna).
[2019-09-14 05:01:45:847] [1461] [INFO] Distribution Center received a box with 7 roses and 3 tulips from provider #3 (Pablo Lamponne).
[2019-09-14 05:01:45:847] [1459] [INFO] Distribution Center received a box with 6 roses and 4 tulips from provider #4 (Gabriel Medina).
[2019-09-14 05:01:45:847] [1461] [INFO] Distribution Center received a box with 3 roses and 7 tulips from provider #4 (Gabriel Medina).
[2019-09-14 05:01:45:847] [1459] [INFO] Distribution Center received a box with 10 roses and 0 tulips from provider #2 (Emilio Ravenna).
[2019-09-14 05:01:45:847] [1461] [INFO] Distribution Center received a box with 8 roses and 2 tulips from provider #3 (Pablo Lamponne).
[2019-09-14 05:01:45:847] [1459] [INFO] Distribution Center received a box with 10 roses and 0 tulips from provider #2 (Emilio Ravenna).
[2019-09-14 05:01:45:847] [1461] [INFO] Distribution Center received a box with 2 roses and 8 tulips from provider #4 (Gabriel Medina).
[2019-09-14 05:01:45:847] [1459] [INFO] Distribution Center received a box with 10 roses and 0 tulips from provider #2 (Emilio Ravenna).
[2019-09-14 05:01:45:847] [1461] [INFO] Distribution Center received a box with 10 roses and 0 tulips from provider #4 (Gabriel Medina).
[2019-09-14 05:01:45:847] [1461] [INFO] Distribution Center received a box with 10 roses and 0 tulips from provider #4 (Gabriel Medina).
[2019-09-14 05:01:45:847] [1461] [INFO] Distribution Center received a box with 1 roses and 9 tulips from provider #5 (Franco Milazzo).
[2019-09-14 05:01:45:847] [1461] [INFO] Distribution Center received a box with 6 roses and 4 tulips from provider #5 (Franco Milazzo).
[2019-09-14 05:01:45:847] [1461] [INFO] Distribution Center received a box with 2 roses and 8 tulips from provider #5 (Franco Milazzo).
[2019-09-14 05:01:45:848] [1461] [INFO] Distribution Center received a box with 1 roses and 9 tulips from provider #5 (Franco Milazzo).
[2019-09-14 05:01:45:847] [1393] [INFO] Distribution Center #3 running in process with PID #1465.
[2019-09-14 05:01:45:848] [1461] [INFO] Distribution Center received a box with 0 roses and 10 tulips from provider #5 (Franco Milazzo).
[2019-09-14 05:01:45:848] [1393] [ERROR] Process 1405 finished with error code 2047090416
[2019-09-14 05:01:45:848] [1461] [INFO] Distribution Center received a box with 5 roses and 5 tulips from provider #5 (Franco Milazzo).
[2019-09-14 05:01:45:848] [1461] [INFO] Distribution Center received a box with 9 roses and 1 tulips from provider #5 (Franco Milazzo).
[2019-09-14 05:01:45:848] [1461] [INFO] Distribution Center received a box with 4 roses and 6 tulips from provider #5 (Franco Milazzo).
[2019-09-14 05:01:45:848] [1461] [INFO] Distribution Center received a box with 10 roses and 0 tulips from provider #5 (Franco Milazzo).
[2019-09-14 05:01:45:848] [1461] [INFO] Distribution Center received a box with 10 roses and 0 tulips from provider #5 (Franco Milazzo).
[2019-09-14 05:01:45:848] [1465] [INFO] Producer #3.1 running in process with PID #1472.
[2019-09-14 05:01:45:848] [1472] [INFO] Producer #3.1 (Mario Santos) sent a box with 4 roses and 6 tulips to the Distribution Center #3.
[2019-09-14 05:01:45:848] [1465] [INFO] Producer #3.2 running in process with PID #1473.
[2019-09-14 05:01:45:848] [1472] [INFO] Producer #3.1 (Mario Santos) sent a box with 9 roses and 1 tulips to the Distribution Center #3.
[2019-09-14 05:01:45:848] [1472] [INFO] Producer #3.1 (Mario Santos) sent a box with 9 roses and 1 tulips to the Distribution Center #3.
[2019-09-14 05:01:45:848] [1472] [INFO] Producer #3.1 (Mario Santos) sent a box with 5 roses and 5 tulips to the Distribution Center #3.
[2019-09-14 05:01:45:848] [1472] [INFO] Producer #3.1 (Mario Santos) sent a box with 7 roses and 3 tulips to the Distribution Center #3.
[2019-09-14 05:01:45:848] [1472] [INFO] Producer #3.1 (Mario Santos) sent a box with 7 roses and 3 tulips to the Distribution Center #3.
[2019-09-14 05:01:45:848] [1472] [INFO] Producer #3.1 (Mario Santos) sent a box with 9 roses and 1 tulips to the Distribution Center #3.
[2019-09-14 05:01:45:848] [1472] [INFO] Producer #3.1 (Mario Santos) sent a box with 5 roses and 5 tulips to the Distribution Center #3.
[2019-09-14 05:01:45:848] [1472] [INFO] Producer #3.1 (Mario Santos) sent a box with 2 roses and 8 tulips to the Distribution Center #3.
[2019-09-14 05:01:45:849] [1472] [INFO] Producer #3.1 (Mario Santos) sent a box with 3 roses and 7 tulips to the Distribution Center #3.
[2019-09-14 05:01:45:849] [1465] [INFO] Producer #3.3 running in process with PID #1474.
[2019-09-14 05:01:45:849] [1473] [INFO] Producer #3.2 (Emilio Ravenna) sent a box with 5 roses and 5 tulips to the Distribution Center #3.
[2019-09-14 05:01:45:849] [1473] [INFO] Producer #3.2 (Emilio Ravenna) sent a box with 3 roses and 7 tulips to the Distribution Center #3.
[2019-09-14 05:01:45:849] [1474] [INFO] Producer #3.3 (Pablo Lamponne) sent a box with 6 roses and 4 tulips to the Distribution Center #3.
[2019-09-14 05:01:45:849] [1473] [INFO] Producer #3.2 (Emilio Ravenna) sent a box with 6 roses and 4 tulips to the Distribution Center #3.
[2019-09-14 05:01:45:849] [1465] [INFO] Producer #3.4 running in process with PID #1475.
[2019-09-14 05:01:45:849] [1474] [INFO] Producer #3.3 (Pablo Lamponne) sent a box with 5 roses and 5 tulips to the Distribution Center #3.
[2019-09-14 05:01:45:849] [1473] [INFO] Producer #3.2 (Emilio Ravenna) sent a box with 6 roses and 4 tulips to the Distribution Center #3.
[2019-09-14 05:01:45:849] [1474] [INFO] Producer #3.3 (Pablo Lamponne) sent a box with 4 roses and 6 tulips to the Distribution Center #3.
[2019-09-14 05:01:45:849] [1473] [INFO] Producer #3.2 (Emilio Ravenna) sent a box with 8 roses and 2 tulips to the Distribution Center #3.
[2019-09-14 05:01:45:849] [1474] [INFO] Producer #3.3 (Pablo Lamponne) sent a box with 0 roses and 10 tulips to the Distribution Center #3.
[2019-09-14 05:01:45:849] [1473] [INFO] Producer #3.2 (Emilio Ravenna) sent a box with 0 roses and 10 tulips to the Distribution Center #3.
[2019-09-14 05:01:45:849] [1474] [INFO] Producer #3.3 (Pablo Lamponne) sent a box with 0 roses and 10 tulips to the Distribution Center #3.
[2019-09-14 05:01:45:849] [1473] [INFO] Producer #3.2 (Emilio Ravenna) sent a box with 2 roses and 8 tulips to the Distribution Center #3.
[2019-09-14 05:01:45:849] [1474] [INFO] Producer #3.3 (Pablo Lamponne) sent a box with 5 roses and 5 tulips to the Distribution Center #3.
[2019-09-14 05:01:45:849] [1474] [INFO] Producer #3.3 (Pablo Lamponne) sent a box with 0 roses and 10 tulips to the Distribution Center #3.
[2019-09-14 05:01:45:849] [1473] [INFO] Producer #3.2 (Emilio Ravenna) sent a box with 6 roses and 4 tulips to the Distribution Center #3.
[2019-09-14 05:01:45:849] [1474] [INFO] Producer #3.3 (Pablo Lamponne) sent a box with 5 roses and 5 tulips to the Distribution Center #3.
[2019-09-14 05:01:45:849] [1473] [INFO] Producer #3.2 (Emilio Ravenna) sent a box with 0 roses and 10 tulips to the Distribution Center #3.
[2019-09-14 05:01:45:849] [1474] [INFO] Producer #3.3 (Pablo Lamponne) sent a box with 10 roses and 0 tulips to the Distribution Center #3.
[2019-09-14 05:01:45:849] [1473] [INFO] Producer #3.2 (Emilio Ravenna) sent a box with 2 roses and 8 tulips to the Distribution Center #3.
[2019-09-14 05:01:45:849] [1474] [INFO] Producer #3.3 (Pablo Lamponne) sent a box with 10 roses and 0 tulips to the Distribution Center #3.
[2019-09-14 05:01:45:849] [1465] [INFO] Producer #3.5 running in process with PID #1476.
[2019-09-14 05:01:45:849] [1465] [INFO] Distribution Center received a box with 3 roses and 7 tulips from provider #1 (Mario Santos).
[2019-09-14 05:01:45:849] [1465] [INFO] Distribution Center received a box with 2 roses and 8 tulips from provider #1 (Mario Santos).
[2019-09-14 05:01:45:850] [1465] [INFO] Distribution Center received a box with 0 roses and 10 tulips from provider #1 (Mario Santos).
[2019-09-14 05:01:45:849] [1476] [INFO] Producer #3.5 (Franco Milazzo) sent a box with 7 roses and 3 tulips to the Distribution Center #3.
[2019-09-14 05:01:45:850] [1465] [INFO] Distribution Center received a box with 3 roses and 7 tulips from provider #1 (Mario Santos).
[2019-09-14 05:01:45:850] [1476] [INFO] Producer #3.5 (Franco Milazzo) sent a box with 5 roses and 5 tulips to the Distribution Center #3.
[2019-09-14 05:01:45:850] [1465] [INFO] Distribution Center received a box with 7 roses and 3 tulips from provider #1 (Mario Santos).
[2019-09-14 05:01:45:850] [1475] [INFO] Producer #3.4 (Gabriel Medina) sent a box with 2 roses and 8 tulips to the Distribution Center #3.
[2019-09-14 05:01:45:850] [1476] [INFO] Producer #3.5 (Franco Milazzo) sent a box with 3 roses and 7 tulips to the Distribution Center #3.
[2019-09-14 05:01:45:850] [1465] [INFO] Distribution Center received a box with 6 roses and 4 tulips from provider #1 (Mario Santos).
[2019-09-14 05:01:45:850] [1476] [INFO] Producer #3.5 (Franco Milazzo) sent a box with 3 roses and 7 tulips to the Distribution Center #3.
[2019-09-14 05:01:45:850] [1475] [INFO] Producer #3.4 (Gabriel Medina) sent a box with 2 roses and 8 tulips to the Distribution Center #3.
[2019-09-14 05:01:45:850] [1476] [INFO] Producer #3.5 (Franco Milazzo) sent a box with 0 roses and 10 tulips to the Distribution Center #3.
[2019-09-14 05:01:45:850] [1465] [INFO] Distribution Center received a box with 7 roses and 3 tulips from provider #1 (Mario Santos).
[2019-09-14 05:01:45:850] [1475] [INFO] Producer #3.4 (Gabriel Medina) sent a box with 1 roses and 9 tulips to the Distribution Center #3.
[2019-09-14 05:01:45:850] [1476] [INFO] Producer #3.5 (Franco Milazzo) sent a box with 2 roses and 8 tulips to the Distribution Center #3.
[2019-09-14 05:01:45:850] [1475] [INFO] Producer #3.4 (Gabriel Medina) sent a box with 8 roses and 2 tulips to the Distribution Center #3.
[2019-09-14 05:01:45:850] [1465] [INFO] Distribution Center received a box with 7 roses and 3 tulips from provider #1 (Mario Santos).
[2019-09-14 05:01:45:850] [1476] [INFO] Producer #3.5 (Franco Milazzo) sent a box with 9 roses and 1 tulips to the Distribution Center #3.
[2019-09-14 05:01:45:850] [1475] [INFO] Producer #3.4 (Gabriel Medina) sent a box with 8 roses and 2 tulips to the Distribution Center #3.
[2019-09-14 05:01:45:850] [1476] [INFO] Producer #3.5 (Franco Milazzo) sent a box with 6 roses and 4 tulips to the Distribution Center #3.
[2019-09-14 05:01:45:850] [1465] [INFO] Distribution Center received a box with 5 roses and 5 tulips from provider #1 (Mario Santos).
[2019-09-14 05:01:45:850] [1475] [INFO] Producer #3.4 (Gabriel Medina) sent a box with 3 roses and 7 tulips to the Distribution Center #3.
[2019-09-14 05:01:45:850] [1476] [INFO] Producer #3.5 (Franco Milazzo) sent a box with 8 roses and 2 tulips to the Distribution Center #3.
[2019-09-14 05:01:45:850] [1475] [INFO] Producer #3.4 (Gabriel Medina) sent a box with 5 roses and 5 tulips to the Distribution Center #3.
[2019-09-14 05:01:45:850] [1465] [INFO] Distribution Center received a box with 0 roses and 10 tulips from provider #1 (Mario Santos).
[2019-09-14 05:01:45:850] [1476] [INFO] Producer #3.5 (Franco Milazzo) sent a box with 9 roses and 1 tulips to the Distribution Center #3.
[2019-09-14 05:01:45:850] [1475] [INFO] Producer #3.4 (Gabriel Medina) sent a box with 5 roses and 5 tulips to the Distribution Center #3.
[2019-09-14 05:01:45:850] [1465] [INFO] Distribution Center received a box with 9 roses and 1 tulips from provider #2 (Emilio Ravenna).
[2019-09-14 05:01:45:850] [1475] [INFO] Producer #3.4 (Gabriel Medina) sent a box with 4 roses and 6 tulips to the Distribution Center #3.
[2019-09-14 05:01:45:850] [1475] [INFO] Producer #3.4 (Gabriel Medina) sent a box with 10 roses and 0 tulips to the Distribution Center #3.
[2019-09-14 05:01:45:850] [1465] [INFO] Distribution Center received a box with 6 roses and 4 tulips from provider #2 (Emilio Ravenna).
[2019-09-14 05:01:45:850] [1465] [INFO] Distribution Center received a box with 9 roses and 1 tulips from provider #3 (Pablo Lamponne).
[2019-09-14 05:01:45:850] [1465] [INFO] Distribution Center received a box with 7 roses and 3 tulips from provider #2 (Emilio Ravenna).
[2019-09-14 05:01:45:850] [1465] [INFO] Distribution Center received a box with 0 roses and 10 tulips from provider #3 (Pablo Lamponne).
[2019-09-14 05:01:45:850] [1465] [INFO] Distribution Center received a box with 6 roses and 4 tulips from provider #2 (Emilio Ravenna).
[2019-09-14 05:01:45:850] [1465] [INFO] Distribution Center received a box with 0 roses and 10 tulips from provider #3 (Pablo Lamponne).
[2019-09-14 05:01:45:851] [1465] [INFO] Distribution Center received a box with 5 roses and 5 tulips from provider #2 (Emilio Ravenna).
[2019-09-14 05:01:45:851] [1465] [INFO] Distribution Center received a box with 4 roses and 6 tulips from provider #3 (Pablo Lamponne).
[2019-09-14 05:01:45:851] [1465] [INFO] Distribution Center received a box with 9 roses and 1 tulips from provider #2 (Emilio Ravenna).
[2019-09-14 05:01:45:851] [1465] [INFO] Distribution Center received a box with 4 roses and 6 tulips from provider #3 (Pablo Lamponne).
[2019-09-14 05:01:45:851] [1465] [INFO] Distribution Center received a box with 0 roses and 10 tulips from provider #2 (Emilio Ravenna).
[2019-09-14 05:01:45:851] [1465] [INFO] Distribution Center received a box with 2 roses and 8 tulips from provider #3 (Pablo Lamponne).
[2019-09-14 05:01:45:851] [1465] [INFO] Distribution Center received a box with 6 roses and 4 tulips from provider #3 (Pablo Lamponne).
[2019-09-14 05:01:45:851] [1465] [INFO] Distribution Center received a box with 4 roses and 6 tulips from provider #2 (Emilio Ravenna).
[2019-09-14 05:01:45:851] [1465] [INFO] Distribution Center received a box with 10 roses and 0 tulips from provider #3 (Pablo Lamponne).
[2019-09-14 05:01:45:851] [1465] [INFO] Distribution Center received a box with 8 roses and 2 tulips from provider #2 (Emilio Ravenna).
[2019-09-14 05:01:45:851] [1465] [INFO] Distribution Center received a box with 10 roses and 0 tulips from provider #3 (Pablo Lamponne).
[2019-09-14 05:01:45:851] [1465] [INFO] Distribution Center received a box with 8 roses and 2 tulips from provider #2 (Emilio Ravenna).
[2019-09-14 05:01:45:851] [1465] [INFO] Distribution Center received a box with 10 roses and 0 tulips from provider #3 (Pablo Lamponne).
[2019-09-14 05:01:45:851] [1465] [INFO] Distribution Center received a box with 5 roses and 5 tulips from provider #5 (Franco Milazzo).
[2019-09-14 05:01:45:851] [1465] [INFO] Distribution Center received a box with 4 roses and 6 tulips from provider #5 (Franco Milazzo).
[2019-09-14 05:01:45:851] [1465] [INFO] Distribution Center received a box with 5 roses and 5 tulips from provider #5 (Franco Milazzo).
[2019-09-14 05:01:45:851] [1465] [INFO] Distribution Center received a box with 2 roses and 8 tulips from provider #4 (Gabriel Medina).
[2019-09-14 05:01:45:852] [1465] [INFO] Distribution Center received a box with 6 roses and 4 tulips from provider #5 (Franco Milazzo).
[2019-09-14 05:01:45:852] [1465] [INFO] Distribution Center received a box with 0 roses and 10 tulips from provider #4 (Gabriel Medina).
[2019-09-14 05:01:45:852] [1465] [INFO] Distribution Center received a box with 9 roses and 1 tulips from provider #5 (Franco Milazzo).
[2019-09-14 05:01:45:852] [1465] [INFO] Distribution Center received a box with 0 roses and 10 tulips from provider #4 (Gabriel Medina).
[2019-09-14 05:01:45:852] [1465] [INFO] Distribution Center received a box with 3 roses and 7 tulips from provider #5 (Franco Milazzo).
[2019-09-14 05:01:45:852] [1465] [INFO] Distribution Center received a box with 8 roses and 2 tulips from provider #4 (Gabriel Medina).
[2019-09-14 05:01:45:852] [1465] [INFO] Distribution Center received a box with 0 roses and 10 tulips from provider #5 (Franco Milazzo).
[2019-09-14 05:01:45:852] [1465] [INFO] Distribution Center received a box with 8 roses and 2 tulips from provider #4 (Gabriel Medina).
[2019-09-14 05:01:45:852] [1465] [INFO] Distribution Center received a box with 5 roses and 5 tulips from provider #5 (Franco Milazzo).
[2019-09-14 05:01:45:852] [1465] [INFO] Distribution Center received a box with 8 roses and 2 tulips from provider #4 (Gabriel Medina).
[2019-09-14 05:01:45:852] [1465] [INFO] Distribution Center received a box with 1 roses and 9 tulips from provider #5 (Franco Milazzo).
[2019-09-14 05:01:45:852] [1465] [INFO] Distribution Center received a box with 9 roses and 1 tulips from provider #4 (Gabriel Medina).
[2019-09-14 05:01:45:852] [1465] [INFO] Distribution Center received a box with 10 roses and 0 tulips from provider #5 (Franco Milazzo).
[2019-09-14 05:01:45:852] [1465] [INFO] Distribution Center received a box with 4 roses and 6 tulips from provider #4 (Gabriel Medina).
[2019-09-14 05:01:45:852] [1465] [INFO] Distribution Center received a box with 3 roses and 7 tulips from provider #4 (Gabriel Medina).
[2019-09-14 05:01:45:852] [1465] [INFO] Distribution Center received a box with 10 roses and 0 tulips from provider #4 (Gabriel Medina).
