[2019-09-18 00:24:16.938] [13166] [INFO] Initialized Logger in process with PID #13175
[2019-09-18 00:24:16.939] [13166] [INFO] Initialized Stats Center in process with PID #13176
[2019-09-18 00:24:34.374] [13166] [INFO] Main program finished.
[2019-09-18 18:35:54.107] [4440] [INFO] Initialized Logger in process with PID #4446
[2019-09-18 18:35:54.108] [4440] [INFO] Initialized Stats Center in process with PID #4447
[2019-09-18 18:35:57.186] [4440] [INFO] Main system running in process with PID #4440.
[2019-09-18 18:35:57.187] [4440] [INFO] Distribution Center #1 running in process with PID #4450.
[2019-09-18 18:35:57.187] [4450] [INFO] Producer #1.1 running in process with PID #4451.
[2019-09-18 18:35:57.188] [4451] [DEBUG] Producer #1.1 (Mario Santos) current stock: 100 roses and 100 tulips.
[2019-09-18 18:35:57.188] [4450] [INFO] Producer #1.2 running in process with PID #4452.
[2019-09-18 18:35:57.188] [4451] [DEBUG] Producer #1.1 (Mario Santos) current stock: 99 roses and 91 tulips.
[2019-09-18 18:35:57.188] [4451] [INFO] Producer #1.1 (Mario Santos) sent a box with 1 roses and 9 tulips to the Distribution Center #1.
[2019-09-18 18:35:57.188] [4451] [DEBUG] Producer #1.1 (Mario Santos) current stock: 96 roses and 84 tulips.
[2019-09-18 18:35:57.188] [4451] [INFO] Producer #1.1 (Mario Santos) sent a box with 3 roses and 7 tulips to the Distribution Center #1.
[2019-09-18 18:35:57.188] [4451] [DEBUG] Producer #1.1 (Mario Santos) current stock: 91 roses and 79 tulips.
[2019-09-18 18:35:57.188] [4451] [INFO] Producer #1.1 (Mario Santos) sent a box with 5 roses and 5 tulips to the Distribution Center #1.
[2019-09-18 18:35:57.188] [4451] [DEBUG] Producer #1.1 (Mario Santos) current stock: 82 roses and 78 tulips.
[2019-09-18 18:35:57.188] [4451] [INFO] Producer #1.1 (Mario Santos) sent a box with 9 roses and 1 tulips to the Distribution Center #1.
[2019-09-18 18:35:57.188] [4451] [DEBUG] Producer #1.1 (Mario Santos) current stock: 76 roses and 74 tulips.
[2019-09-18 18:35:57.188] [4451] [INFO] Producer #1.1 (Mario Santos) sent a box with 6 roses and 4 tulips to the Distribution Center #1.
[2019-09-18 18:35:57.188] [4451] [DEBUG] Producer #1.1 (Mario Santos) current stock: 74 roses and 66 tulips.
[2019-09-18 18:35:57.188] [4451] [INFO] Producer #1.1 (Mario Santos) sent a box with 2 roses and 8 tulips to the Distribution Center #1.
[2019-09-18 18:35:57.188] [4450] [INFO] Producer #1.3 running in process with PID #4453.
[2019-09-18 18:35:57.188] [4451] [DEBUG] Producer #1.1 (Mario Santos) current stock: 71 roses and 59 tulips.
[2019-09-18 18:35:57.188] [4452] [DEBUG] Producer #1.2 (Emilio Ravenna) current stock: 100 roses and 100 tulips.
[2019-09-18 18:35:57.188] [4451] [INFO] Producer #1.1 (Mario Santos) sent a box with 3 roses and 7 tulips to the Distribution Center #1.
[2019-09-18 18:35:57.188] [4451] [DEBUG] Producer #1.1 (Mario Santos) current stock: 64 roses and 56 tulips.
[2019-09-18 18:35:57.188] [4452] [DEBUG] Producer #1.2 (Emilio Ravenna) current stock: 91 roses and 99 tulips.
[2019-09-18 18:35:57.188] [4451] [INFO] Producer #1.1 (Mario Santos) sent a box with 7 roses and 3 tulips to the Distribution Center #1.
[2019-09-18 18:35:57.188] [4452] [INFO] Producer #1.2 (Emilio Ravenna) sent a box with 9 roses and 1 tulips to the Distribution Center #1.
[2019-09-18 18:35:57.188] [4451] [DEBUG] Producer #1.1 (Mario Santos) current stock: 61 roses and 49 tulips.
[2019-09-18 18:35:57.188] [4451] [INFO] Producer #1.1 (Mario Santos) sent a box with 3 roses and 7 tulips to the Distribution Center #1.
[2019-09-18 18:35:57.188] [4452] [DEBUG] Producer #1.2 (Emilio Ravenna) current stock: 86 roses and 94 tulips.
[2019-09-18 18:35:57.188] [4452] [INFO] Producer #1.2 (Emilio Ravenna) sent a box with 5 roses and 5 tulips to the Distribution Center #1.
[2019-09-18 18:35:57.188] [4451] [DEBUG] Producer #1.1 (Mario Santos) current stock: 53 roses and 47 tulips.
[2019-09-18 18:35:57.188] [4451] [INFO] Producer #1.1 (Mario Santos) sent a box with 8 roses and 2 tulips to the Distribution Center #1.
[2019-09-18 18:35:57.188] [4452] [DEBUG] Producer #1.2 (Emilio Ravenna) current stock: 86 roses and 84 tulips.
[2019-09-18 18:35:57.188] [4451] [DEBUG] Producer #1.1 (Mario Santos) current stock: 47 roses and 43 tulips.
[2019-09-18 18:35:57.188] [4451] [INFO] Producer #1.1 (Mario Santos) sent a box with 6 roses and 4 tulips to the Distribution Center #1.
[2019-09-18 18:35:57.188] [4452] [INFO] Producer #1.2 (Emilio Ravenna) sent a box with 0 roses and 10 tulips to the Distribution Center #1.
[2019-09-18 18:35:57.188] [4451] [DEBUG] Producer #1.1 (Mario Santos) current stock: 45 roses and 35 tulips.
[2019-09-18 18:35:57.188] [4450] [INFO] Producer #1.4 running in process with PID #4454.
[2019-09-18 18:35:57.188] [4451] [INFO] Producer #1.1 (Mario Santos) sent a box with 2 roses and 8 tulips to the Distribution Center #1.
[2019-09-18 18:35:57.188] [4452] [DEBUG] Producer #1.2 (Emilio Ravenna) current stock: 85 roses and 75 tulips.
[2019-09-18 18:35:57.188] [4451] [DEBUG] Producer #1.1 (Mario Santos) current stock: 41 roses and 29 tulips.
[2019-09-18 18:35:57.188] [4452] [INFO] Producer #1.2 (Emilio Ravenna) sent a box with 1 roses and 9 tulips to the Distribution Center #1.
[2019-09-18 18:35:57.188] [4451] [INFO] Producer #1.1 (Mario Santos) sent a box with 4 roses and 6 tulips to the Distribution Center #1.
[2019-09-18 18:35:57.188] [4451] [DEBUG] Producer #1.1 (Mario Santos) current stock: 35 roses and 25 tulips.
[2019-09-18 18:35:57.188] [4452] [DEBUG] Producer #1.2 (Emilio Ravenna) current stock: 83 roses and 67 tulips.
[2019-09-18 18:35:57.188] [4451] [INFO] Producer #1.1 (Mario Santos) sent a box with 6 roses and 4 tulips to the Distribution Center #1.
[2019-09-18 18:35:57.188] [4452] [INFO] Producer #1.2 (Emilio Ravenna) sent a box with 2 roses and 8 tulips to the Distribution Center #1.
[2019-09-18 18:35:57.188] [4451] [DEBUG] Producer #1.1 (Mario Santos) current stock: 33 roses and 17 tulips.
[2019-09-18 18:35:57.188] [4451] [INFO] Producer #1.1 (Mario Santos) sent a box with 2 roses and 8 tulips to the Distribution Center #1.
[2019-09-18 18:35:57.188] [4452] [DEBUG] Producer #1.2 (Emilio Ravenna) current stock: 74 roses and 66 tulips.
[2019-09-18 18:35:57.188] [4451] [DEBUG] Producer #1.1 (Mario Santos) current stock: 26 roses and 14 tulips.
[2019-09-18 18:35:57.188] [4452] [INFO] Producer #1.2 (Emilio Ravenna) sent a box with 9 roses and 1 tulips to the Distribution Center #1.
[2019-09-18 18:35:57.189] [4451] [INFO] Producer #1.1 (Mario Santos) sent a box with 7 roses and 3 tulips to the Distribution Center #1.
[2019-09-18 18:35:57.189] [4452] [DEBUG] Producer #1.2 (Emilio Ravenna) current stock: 67 roses and 63 tulips.
[2019-09-18 18:35:57.189] [4451] [DEBUG] Producer #1.1 (Mario Santos) current stock: 22 roses and 8 tulips.
[2019-09-18 18:35:57.189] [4452] [INFO] Producer #1.2 (Emilio Ravenna) sent a box with 7 roses and 3 tulips to the Distribution Center #1.
[2019-09-18 18:35:57.189] [4451] [INFO] Producer #1.1 (Mario Santos) sent a box with 4 roses and 6 tulips to the Distribution Center #1.
[2019-09-18 18:35:57.189] [4450] [INFO] Producer #1.5 running in process with PID #4455.
[2019-09-18 18:35:57.189] [4452] [DEBUG] Producer #1.2 (Emilio Ravenna) current stock: 61 roses and 59 tulips.
[2019-09-18 18:35:57.189] [4451] [DEBUG] Producer #1.1 (Mario Santos) current stock: 18 roses and 2 tulips.
[2019-09-18 18:35:57.189] [4452] [INFO] Producer #1.2 (Emilio Ravenna) sent a box with 6 roses and 4 tulips to the Distribution Center #1.
[2019-09-18 18:35:57.189] [4451] [INFO] Producer #1.1 (Mario Santos) sent a box with 4 roses and 6 tulips to the Distribution Center #1.
[2019-09-18 18:35:57.189] [4454] [DEBUG] Producer #1.4 (Gabriel Medina) current stock: 100 roses and 100 tulips.
[2019-09-18 18:35:57.189] [4452] [DEBUG] Producer #1.2 (Emilio Ravenna) current stock: 53 roses and 57 tulips.
[2019-09-18 18:35:57.189] [4451] [DEBUG] Producer #1.1 (Mario Santos) current stock: 10 roses and 0 tulips.
[2019-09-18 18:35:57.189] [4454] [DEBUG] Producer #1.4 (Gabriel Medina) current stock: 99 roses and 91 tulips.
[2019-09-18 18:35:57.189] [4452] [INFO] Producer #1.2 (Emilio Ravenna) sent a box with 8 roses and 2 tulips to the Distribution Center #1.
[2019-09-18 18:35:57.189] [4451] [INFO] Producer #1.1 (Mario Santos) sent a box with 8 roses and 2 tulips to the Distribution Center #1.
[2019-09-18 18:35:57.189] [4454] [INFO] Producer #1.4 (Gabriel Medina) sent a box with 1 roses and 9 tulips to the Distribution Center #1.
[2019-09-18 18:35:57.189] [4452] [DEBUG] Producer #1.2 (Emilio Ravenna) current stock: 51 roses and 49 tulips.
[2019-09-18 18:35:57.189] [4451] [DEBUG] Producer #1.1 (Mario Santos) current stock: 0 roses and 0 tulips.
[2019-09-18 18:35:57.189] [4454] [DEBUG] Producer #1.4 (Gabriel Medina) current stock: 90 roses and 90 tulips.
[2019-09-18 18:35:57.189] [4452] [INFO] Producer #1.2 (Emilio Ravenna) sent a box with 2 roses and 8 tulips to the Distribution Center #1.
[2019-09-18 18:35:57.189] [4451] [INFO] Producer #1.1 (Mario Santos) sent a box with 10 roses and 0 tulips to the Distribution Center #1.
[2019-09-18 18:35:57.189] [4454] [INFO] Producer #1.4 (Gabriel Medina) sent a box with 9 roses and 1 tulips to the Distribution Center #1.
[2019-09-18 18:35:57.189] [4452] [DEBUG] Producer #1.2 (Emilio Ravenna) current stock: 51 roses and 39 tulips.
[2019-09-18 18:35:57.189] [4454] [DEBUG] Producer #1.4 (Gabriel Medina) current stock: 90 roses and 80 tulips.
[2019-09-18 18:35:57.189] [4451] [INFO] Producer #1.1 (Mario Santos) pipe destroyed.
[2019-09-18 18:35:57.189] [4452] [INFO] Producer #1.2 (Emilio Ravenna) sent a box with 0 roses and 10 tulips to the Distribution Center #1.
[2019-09-18 18:35:57.189] [4450] [INFO] Seller #1.1 running in process with PID #4456.
[2019-09-18 18:35:57.189] [4454] [INFO] Producer #1.4 (Gabriel Medina) sent a box with 0 roses and 10 tulips to the Distribution Center #1.
[2019-09-18 18:35:57.189] [4452] [DEBUG] Producer #1.2 (Emilio Ravenna) current stock: 44 roses and 36 tulips.
[2019-09-18 18:35:57.189] [4454] [DEBUG] Producer #1.4 (Gabriel Medina) current stock: 89 roses and 71 tulips.
[2019-09-18 18:35:57.189] [4455] [DEBUG] Producer #1.5 (Franco Milazzo) current stock: 100 roses and 100 tulips.
[2019-09-18 18:35:57.189] [4452] [INFO] Producer #1.2 (Emilio Ravenna) sent a box with 7 roses and 3 tulips to the Distribution Center #1.
[2019-09-18 18:35:57.189] [4454] [INFO] Producer #1.4 (Gabriel Medina) sent a box with 1 roses and 9 tulips to the Distribution Center #1.
[2019-09-18 18:35:57.189] [4455] [DEBUG] Producer #1.5 (Franco Milazzo) current stock: 95 roses and 95 tulips.
[2019-09-18 18:35:57.189] [4452] [DEBUG] Producer #1.2 (Emilio Ravenna) current stock: 40 roses and 30 tulips.
[2019-09-18 18:35:57.189] [4454] [DEBUG] Producer #1.4 (Gabriel Medina) current stock: 86 roses and 64 tulips.
[2019-09-18 18:35:57.189] [4455] [INFO] Producer #1.5 (Franco Milazzo) sent a box with 5 roses and 5 tulips to the Distribution Center #1.
[2019-09-18 18:35:57.189] [4452] [INFO] Producer #1.2 (Emilio Ravenna) sent a box with 4 roses and 6 tulips to the Distribution Center #1.
[2019-09-18 18:35:57.189] [4454] [INFO] Producer #1.4 (Gabriel Medina) sent a box with 3 roses and 7 tulips to the Distribution Center #1.
[2019-09-18 18:35:57.189] [4455] [DEBUG] Producer #1.5 (Franco Milazzo) current stock: 89 roses and 91 tulips.
[2019-09-18 18:35:57.189] [4452] [DEBUG] Producer #1.2 (Emilio Ravenna) current stock: 38 roses and 22 tulips.
[2019-09-18 18:35:57.189] [4454] [DEBUG] Producer #1.4 (Gabriel Medina) current stock: 83 roses and 57 tulips.
[2019-09-18 18:35:57.189] [4455] [INFO] Producer #1.5 (Franco Milazzo) sent a box with 6 roses and 4 tulips to the Distribution Center #1.
[2019-09-18 18:35:57.189] [4452] [INFO] Producer #1.2 (Emilio Ravenna) sent a box with 2 roses and 8 tulips to the Distribution Center #1.
[2019-09-18 18:35:57.189] [4454] [INFO] Producer #1.4 (Gabriel Medina) sent a box with 3 roses and 7 tulips to the Distribution Center #1.
[2019-09-18 18:35:57.189] [4455] [DEBUG] Producer #1.5 (Franco Milazzo) current stock: 88 roses and 82 tulips.
[2019-09-18 18:35:57.189] [4452] [DEBUG] Producer #1.2 (Emilio Ravenna) current stock: 29 roses and 21 tulips.
[2019-09-18 18:35:57.189] [4454] [DEBUG] Producer #1.4 (Gabriel Medina) current stock: 80 roses and 50 tulips.
[2019-09-18 18:35:57.189] [4455] [INFO] Producer #1.5 (Franco Milazzo) sent a box with 1 roses and 9 tulips to the Distribution Center #1.
[2019-09-18 18:35:57.189] [4452] [INFO] Producer #1.2 (Emilio Ravenna) sent a box with 9 roses and 1 tulips to the Distribution Center #1.
[2019-09-18 18:35:57.189] [4454] [INFO] Producer #1.4 (Gabriel Medina) sent a box with 3 roses and 7 tulips to the Distribution Center #1.
[2019-09-18 18:35:57.189] [4450] [INFO] Seller #1.2 running in process with PID #4457.
[2019-09-18 18:35:57.189] [4455] [DEBUG] Producer #1.5 (Franco Milazzo) current stock: 88 roses and 72 tulips.
[2019-09-18 18:35:57.189] [4454] [DEBUG] Producer #1.4 (Gabriel Medina) current stock: 78 roses and 42 tulips.
[2019-09-18 18:35:57.189] [4452] [DEBUG] Producer #1.2 (Emilio Ravenna) current stock: 21 roses and 19 tulips.
[2019-09-18 18:35:57.189] [4455] [INFO] Producer #1.5 (Franco Milazzo) sent a box with 0 roses and 10 tulips to the Distribution Center #1.
[2019-09-18 18:35:57.189] [4454] [INFO] Producer #1.4 (Gabriel Medina) sent a box with 2 roses and 8 tulips to the Distribution Center #1.
[2019-09-18 18:35:57.189] [4452] [INFO] Producer #1.2 (Emilio Ravenna) sent a box with 8 roses and 2 tulips to the Distribution Center #1.
[2019-09-18 18:35:57.189] [4455] [DEBUG] Producer #1.5 (Franco Milazzo) current stock: 83 roses and 67 tulips.
[2019-09-18 18:35:57.189] [4454] [DEBUG] Producer #1.4 (Gabriel Medina) current stock: 73 roses and 37 tulips.
[2019-09-18 18:35:57.189] [4452] [DEBUG] Producer #1.2 (Emilio Ravenna) current stock: 14 roses and 16 tulips.
[2019-09-18 18:35:57.189] [4455] [INFO] Producer #1.5 (Franco Milazzo) sent a box with 5 roses and 5 tulips to the Distribution Center #1.
[2019-09-18 18:35:57.189] [4454] [INFO] Producer #1.4 (Gabriel Medina) sent a box with 5 roses and 5 tulips to the Distribution Center #1.
[2019-09-18 18:35:57.189] [4452] [INFO] Producer #1.2 (Emilio Ravenna) sent a box with 7 roses and 3 tulips to the Distribution Center #1.
[2019-09-18 18:35:57.189] [4455] [DEBUG] Producer #1.5 (Franco Milazzo) current stock: 81 roses and 59 tulips.
[2019-09-18 18:35:57.189] [4452] [DEBUG] Producer #1.2 (Emilio Ravenna) current stock: 8 roses and 12 tulips.
[2019-09-18 18:35:57.189] [4454] [DEBUG] Producer #1.4 (Gabriel Medina) current stock: 68 roses and 32 tulips.
[2019-09-18 18:35:57.189] [4455] [INFO] Producer #1.5 (Franco Milazzo) sent a box with 2 roses and 8 tulips to the Distribution Center #1.
[2019-09-18 18:35:57.189] [4452] [INFO] Producer #1.2 (Emilio Ravenna) sent a box with 6 roses and 4 tulips to the Distribution Center #1.
[2019-09-18 18:35:57.189] [4454] [INFO] Producer #1.4 (Gabriel Medina) sent a box with 5 roses and 5 tulips to the Distribution Center #1.
[2019-09-18 18:35:57.189] [4455] [DEBUG] Producer #1.5 (Franco Milazzo) current stock: 73 roses and 57 tulips.
[2019-09-18 18:35:57.189] [4454] [DEBUG] Producer #1.4 (Gabriel Medina) current stock: 68 roses and 22 tulips.
[2019-09-18 18:35:57.189] [4455] [INFO] Producer #1.5 (Franco Milazzo) sent a box with 8 roses and 2 tulips to the Distribution Center #1.
[2019-09-18 18:35:57.189] [4452] [DEBUG] Producer #1.2 (Emilio Ravenna) current stock: 5 roses and 5 tulips.
[2019-09-18 18:35:57.189] [4454] [INFO] Producer #1.4 (Gabriel Medina) sent a box with 0 roses and 10 tulips to the Distribution Center #1.
[2019-09-18 18:35:57.189] [4452] [INFO] Producer #1.2 (Emilio Ravenna) sent a box with 3 roses and 7 tulips to the Distribution Center #1.
[2019-09-18 18:35:57.189] [4450] [INFO] Seller #1.3 running in process with PID #4458.
[2019-09-18 18:35:57.189] [4455] [DEBUG] Producer #1.5 (Franco Milazzo) current stock: 69 roses and 51 tulips.
[2019-09-18 18:35:57.189] [4455] [INFO] Producer #1.5 (Franco Milazzo) sent a box with 4 roses and 6 tulips to the Distribution Center #1.
[2019-09-18 18:35:57.189] [4454] [DEBUG] Producer #1.4 (Gabriel Medina) current stock: 63 roses and 17 tulips.
[2019-09-18 18:35:57.189] [4452] [DEBUG] Producer #1.2 (Emilio Ravenna) current stock: 0 roses and 0 tulips.
[2019-09-18 18:35:57.190] [4454] [INFO] Producer #1.4 (Gabriel Medina) sent a box with 5 roses and 5 tulips to the Distribution Center #1.
[2019-09-18 18:35:57.190] [4452] [INFO] Producer #1.2 (Emilio Ravenna) sent a box with 5 roses and 5 tulips to the Distribution Center #1.
[2019-09-18 18:35:57.190] [4455] [DEBUG] Producer #1.5 (Franco Milazzo) current stock: 62 roses and 48 tulips.
[2019-09-18 18:35:57.190] [4455] [INFO] Producer #1.5 (Franco Milazzo) sent a box with 7 roses and 3 tulips to the Distribution Center #1.
[2019-09-18 18:35:57.190] [4454] [DEBUG] Producer #1.4 (Gabriel Medina) current stock: 60 roses and 10 tulips.
[2019-09-18 18:35:57.190] [4452] [INFO] Producer #1.2 (Emilio Ravenna) pipe destroyed.
[2019-09-18 18:35:57.190] [4454] [INFO] Producer #1.4 (Gabriel Medina) sent a box with 3 roses and 7 tulips to the Distribution Center #1.
[2019-09-18 18:35:57.190] [4455] [DEBUG] Producer #1.5 (Franco Milazzo) current stock: 59 roses and 41 tulips.
[2019-09-18 18:35:57.190] [4455] [INFO] Producer #1.5 (Franco Milazzo) sent a box with 3 roses and 7 tulips to the Distribution Center #1.
[2019-09-18 18:35:57.190] [4454] [DEBUG] Producer #1.4 (Gabriel Medina) current stock: 56 roses and 4 tulips.
[2019-09-18 18:35:57.190] [4454] [INFO] Producer #1.4 (Gabriel Medina) sent a box with 4 roses and 6 tulips to the Distribution Center #1.
[2019-09-18 18:35:57.190] [4455] [DEBUG] Producer #1.5 (Franco Milazzo) current stock: 56 roses and 34 tulips.
[2019-09-18 18:35:57.190] [4455] [INFO] Producer #1.5 (Franco Milazzo) sent a box with 3 roses and 7 tulips to the Distribution Center #1.
[2019-09-18 18:35:57.190] [4454] [DEBUG] Producer #1.4 (Gabriel Medina) current stock: 47 roses and 3 tulips.
[2019-09-18 18:35:57.190] [4450] [INFO] Seller #1.4 running in process with PID #4459.
[2019-09-18 18:35:57.190] [4455] [DEBUG] Producer #1.5 (Franco Milazzo) current stock: 49 roses and 31 tulips.
[2019-09-18 18:35:57.190] [4454] [INFO] Producer #1.4 (Gabriel Medina) sent a box with 9 roses and 1 tulips to the Distribution Center #1.
[2019-09-18 18:35:57.190] [4455] [INFO] Producer #1.5 (Franco Milazzo) sent a box with 7 roses and 3 tulips to the Distribution Center #1.
[2019-09-18 18:35:57.190] [4454] [DEBUG] Producer #1.4 (Gabriel Medina) current stock: 40 roses and 0 tulips.
[2019-09-18 18:35:57.190] [4455] [DEBUG] Producer #1.5 (Franco Milazzo) current stock: 40 roses and 30 tulips.
[2019-09-18 18:35:57.190] [4454] [INFO] Producer #1.4 (Gabriel Medina) sent a box with 7 roses and 3 tulips to the Distribution Center #1.
[2019-09-18 18:35:57.190] [4455] [INFO] Producer #1.5 (Franco Milazzo) sent a box with 9 roses and 1 tulips to the Distribution Center #1.
[2019-09-18 18:35:57.190] [4454] [DEBUG] Producer #1.4 (Gabriel Medina) current stock: 30 roses and 0 tulips.
[2019-09-18 18:35:57.190] [4455] [DEBUG] Producer #1.5 (Franco Milazzo) current stock: 37 roses and 23 tulips.
[2019-09-18 18:35:57.190] [4454] [INFO] Producer #1.4 (Gabriel Medina) sent a box with 10 roses and 0 tulips to the Distribution Center #1.
[2019-09-18 18:35:57.190] [4455] [INFO] Producer #1.5 (Franco Milazzo) sent a box with 3 roses and 7 tulips to the Distribution Center #1.
[2019-09-18 18:35:57.190] [4454] [DEBUG] Producer #1.4 (Gabriel Medina) current stock: 20 roses and 0 tulips.
[2019-09-18 18:35:57.190] [4455] [DEBUG] Producer #1.5 (Franco Milazzo) current stock: 31 roses and 19 tulips.
[2019-09-18 18:35:57.190] [4454] [INFO] Producer #1.4 (Gabriel Medina) sent a box with 10 roses and 0 tulips to the Distribution Center #1.
[2019-09-18 18:35:57.190] [4455] [INFO] Producer #1.5 (Franco Milazzo) sent a box with 6 roses and 4 tulips to the Distribution Center #1.
[2019-09-18 18:35:57.190] [4454] [DEBUG] Producer #1.4 (Gabriel Medina) current stock: 10 roses and 0 tulips.
[2019-09-18 18:35:57.190] [4455] [DEBUG] Producer #1.5 (Franco Milazzo) current stock: 27 roses and 13 tulips.
[2019-09-18 18:35:57.190] [4450] [INFO] Seller #1.5 running in process with PID #4460.
[2019-09-18 18:35:57.190] [4454] [INFO] Producer #1.4 (Gabriel Medina) sent a box with 10 roses and 0 tulips to the Distribution Center #1.
[2019-09-18 18:35:57.190] [4455] [INFO] Producer #1.5 (Franco Milazzo) sent a box with 4 roses and 6 tulips to the Distribution Center #1.
[2019-09-18 18:35:57.190] [4454] [DEBUG] Producer #1.4 (Gabriel Medina) current stock: 0 roses and 0 tulips.
[2019-09-18 18:35:57.190] [4455] [DEBUG] Producer #1.5 (Franco Milazzo) current stock: 23 roses and 7 tulips.
[2019-09-18 18:35:57.190] [4454] [INFO] Producer #1.4 (Gabriel Medina) sent a box with 10 roses and 0 tulips to the Distribution Center #1.
[2019-09-18 18:35:57.190] [4455] [INFO] Producer #1.5 (Franco Milazzo) sent a box with 4 roses and 6 tulips to the Distribution Center #1.
[2019-09-18 18:35:57.190] [4454] [INFO] Producer #1.4 (Gabriel Medina) pipe destroyed.
[2019-09-18 18:35:57.190] [4455] [DEBUG] Producer #1.5 (Franco Milazzo) current stock: 15 roses and 5 tulips.
[2019-09-18 18:35:57.190] [4455] [INFO] Producer #1.5 (Franco Milazzo) sent a box with 8 roses and 2 tulips to the Distribution Center #1.
[2019-09-18 18:35:57.190] [4455] [DEBUG] Producer #1.5 (Franco Milazzo) current stock: 10 roses and 0 tulips.
[2019-09-18 18:35:57.190] [4455] [INFO] Producer #1.5 (Franco Milazzo) sent a box with 5 roses and 5 tulips to the Distribution Center #1.
[2019-09-18 18:35:57.190] [4455] [DEBUG] Producer #1.5 (Franco Milazzo) current stock: 0 roses and 0 tulips.
[2019-09-18 18:35:57.190] [4450] [INFO] Classifier #1 running in process with PID #4462.
[2019-09-18 18:35:57.190] [4455] [INFO] Producer #1.5 (Franco Milazzo) sent a box with 10 roses and 0 tulips to the Distribution Center #1.
[2019-09-18 18:35:57.190] [4455] [INFO] Producer #1.5 (Franco Milazzo) pipe destroyed.
[2019-09-18 18:35:57.190] [4456] [INFO] Client Simulator # 1.1 running in process 4461.
[2019-09-18 18:35:57.190] [4456] [INFO] Seller # 1.1 started to listen for requests.
[2019-09-18 18:35:57.191] [4461] [INFO] Generating request for Client #1 in Sale Point #1.1: 4 roses and 5 tulips.
[2019-09-18 18:35:57.191] [4453] [DEBUG] Producer #1.3 (Pablo Lamponne) current stock: 100 roses and 100 tulips.
[2019-09-18 18:35:57.191] [4461] [INFO] Generating request for Client #2 in Sale Point #1.1: 9 roses and 8 tulips.
[2019-09-18 18:35:57.191] [4453] [DEBUG] Producer #1.3 (Pablo Lamponne) current stock: 96 roses and 94 tulips.
[2019-09-18 18:35:57.191] [4461] [INFO] Generating request for Client #3 in Sale Point #1.1: 0 roses and 9 tulips.
[2019-09-18 18:35:57.191] [4453] [INFO] Producer #1.3 (Pablo Lamponne) sent a box with 4 roses and 6 tulips to the Distribution Center #1.
[2019-09-18 18:35:57.191] [4461] [INFO] Generating request for Client #4 in Sale Point #1.1: 1 roses and 8 tulips.
[2019-09-18 18:35:57.191] [4456] [INFO] Seller # 1.1 received a request for 4 roses and 4 tulips.
[2019-09-18 18:35:57.191] [4453] [DEBUG] Producer #1.3 (Pablo Lamponne) current stock: 95 roses and 85 tulips.
[2019-09-18 18:35:57.191] [4461] [INFO] Generating request for Client #5 in Sale Point #1.1: 9 roses and 1 tulips.
[2019-09-18 18:35:57.191] [4453] [INFO] Producer #1.3 (Pablo Lamponne) sent a box with 1 roses and 9 tulips to the Distribution Center #1.
[2019-09-18 18:35:57.191] [4456] [INFO] Seller # 1.1 received a request for 4 roses and 9 tulips.
[2019-09-18 18:35:57.191] [4453] [DEBUG] Producer #1.3 (Pablo Lamponne) current stock: 87 roses and 83 tulips.
[2019-09-18 18:35:57.191] [4453] [INFO] Producer #1.3 (Pablo Lamponne) sent a box with 8 roses and 2 tulips to the Distribution Center #1.
[2019-09-18 18:35:57.191] [4456] [INFO] Seller # 1.1 received a request for 4 roses and 0 tulips.
[2019-09-18 18:35:57.191] [4453] [DEBUG] Producer #1.3 (Pablo Lamponne) current stock: 84 roses and 76 tulips.
[2019-09-18 18:35:57.191] [4453] [INFO] Producer #1.3 (Pablo Lamponne) sent a box with 3 roses and 7 tulips to the Distribution Center #1.
[2019-09-18 18:35:57.191] [4456] [INFO] Seller # 1.1 received a request for 4 roses and 1 tulips.
[2019-09-18 18:35:57.191] [4453] [DEBUG] Producer #1.3 (Pablo Lamponne) current stock: 81 roses and 69 tulips.
[2019-09-18 18:35:57.191] [4456] [INFO] Seller # 1.1 received a request for 4 roses and 9 tulips.
[2019-09-18 18:35:57.191] [4453] [INFO] Producer #1.3 (Pablo Lamponne) sent a box with 3 roses and 7 tulips to the Distribution Center #1.
[2019-09-18 18:35:57.191] [4453] [DEBUG] Producer #1.3 (Pablo Lamponne) current stock: 72 roses and 68 tulips.
[2019-09-18 18:35:57.191] [4457] [INFO] Client Simulator # 1.2 running in process 4463.
[2019-09-18 18:35:57.191] [4453] [INFO] Producer #1.3 (Pablo Lamponne) sent a box with 9 roses and 1 tulips to the Distribution Center #1.
[2019-09-18 18:35:57.191] [4457] [INFO] Seller # 1.2 started to listen for requests.
[2019-09-18 18:35:57.191] [4453] [DEBUG] Producer #1.3 (Pablo Lamponne) current stock: 72 roses and 58 tulips.
[2019-09-18 18:35:57.191] [4462] [INFO] Classifier #1 received a box with 1 roses and 9 tulips from provider #1 (Mario Santos).
[2019-09-18 18:35:57.191] [4453] [INFO] Producer #1.3 (Pablo Lamponne) sent a box with 0 roses and 10 tulips to the Distribution Center #1.
[2019-09-18 18:35:57.191] [4453] [DEBUG] Producer #1.3 (Pablo Lamponne) current stock: 65 roses and 55 tulips.
[2019-09-18 18:35:57.191] [4462] [DEBUG] Current stock in Distribution Center #1: 1 roses and 9 tulips.
[2019-09-18 18:35:57.191] [4453] [INFO] Producer #1.3 (Pablo Lamponne) sent a box with 7 roses and 3 tulips to the Distribution Center #1.
[2019-09-18 18:35:57.191] [4462] [INFO] Classifier #1 received a box with 3 roses and 7 tulips from provider #1 (Mario Santos).
[2019-09-18 18:35:57.191] [4453] [DEBUG] Producer #1.3 (Pablo Lamponne) current stock: 65 roses and 45 tulips.
[2019-09-18 18:35:57.191] [4453] [INFO] Producer #1.3 (Pablo Lamponne) sent a box with 0 roses and 10 tulips to the Distribution Center #1.
[2019-09-18 18:35:57.191] [4462] [DEBUG] Current stock in Distribution Center #1: 4 roses and 16 tulips.
[2019-09-18 18:35:57.191] [4453] [DEBUG] Producer #1.3 (Pablo Lamponne) current stock: 58 roses and 42 tulips.
[2019-09-18 18:35:57.192] [4462] [INFO] Classifier #1 received a box with 5 roses and 5 tulips from provider #1 (Mario Santos).
[2019-09-18 18:35:57.192] [4453] [INFO] Producer #1.3 (Pablo Lamponne) sent a box with 7 roses and 3 tulips to the Distribution Center #1.
[2019-09-18 18:35:57.191] [4463] [INFO] Generating request for Client #1 in Sale Point #1.2: 4 roses and 5 tulips.
[2019-09-18 18:35:57.192] [4462] [DEBUG] Current stock in Distribution Center #1: 9 roses and 21 tulips.
[2019-09-18 18:35:57.192] [4453] [DEBUG] Producer #1.3 (Pablo Lamponne) current stock: 54 roses and 36 tulips.
[2019-09-18 18:35:57.192] [4463] [INFO] Generating request for Client #2 in Sale Point #1.2: 2 roses and 7 tulips.
[2019-09-18 18:35:57.192] [4453] [INFO] Producer #1.3 (Pablo Lamponne) sent a box with 4 roses and 6 tulips to the Distribution Center #1.
[2019-09-18 18:35:57.192] [4462] [INFO] Classifier #1 received a box with 9 roses and 1 tulips from provider #1 (Mario Santos).
[2019-09-18 18:35:57.192] [4463] [INFO] Generating request for Client #3 in Sale Point #1.2: 2 roses and 3 tulips.
[2019-09-18 18:35:57.192] [4453] [DEBUG] Producer #1.3 (Pablo Lamponne) current stock: 49 roses and 31 tulips.
[2019-09-18 18:35:57.192] [4453] [INFO] Producer #1.3 (Pablo Lamponne) sent a box with 5 roses and 5 tulips to the Distribution Center #1.
[2019-09-18 18:35:57.192] [4462] [DEBUG] Current stock in Distribution Center #1: 18 roses and 22 tulips.
[2019-09-18 18:35:57.192] [4463] [INFO] Generating request for Client #4 in Sale Point #1.2: 5 roses and 1 tulips.
[2019-09-18 18:35:57.192] [4453] [DEBUG] Producer #1.3 (Pablo Lamponne) current stock: 40 roses and 30 tulips.
[2019-09-18 18:35:57.192] [4463] [INFO] Generating request for Client #5 in Sale Point #1.2: 8 roses and 2 tulips.
[2019-09-18 18:35:57.192] [4456] [INFO] Client Simulator #1.1 successfully ended without errors.
[2019-09-18 18:35:57.192] [4462] [INFO] Classifier #1 received a box with 6 roses and 4 tulips from provider #1 (Mario Santos).
[2019-09-18 18:35:57.192] [4453] [INFO] Producer #1.3 (Pablo Lamponne) sent a box with 9 roses and 1 tulips to the Distribution Center #1.
[2019-09-18 18:35:57.192] [4459] [INFO] Client Simulator # 1.4 running in process 4464.
[2019-09-18 18:35:57.192] [4462] [DEBUG] Current stock in Distribution Center #1: 24 roses and 26 tulips.
[2019-09-18 18:35:57.192] [4453] [DEBUG] Producer #1.3 (Pablo Lamponne) current stock: 37 roses and 23 tulips.
[2019-09-18 18:35:57.192] [4459] [INFO] Seller # 1.4 started to listen for requests.
[2019-09-18 18:35:57.192] [4453] [INFO] Producer #1.3 (Pablo Lamponne) sent a box with 3 roses and 7 tulips to the Distribution Center #1.
[2019-09-18 18:35:57.192] [4462] [INFO] Classifier #1 received a box with 2 roses and 8 tulips from provider #1 (Mario Santos).
[2019-09-18 18:35:57.192] [4453] [DEBUG] Producer #1.3 (Pablo Lamponne) current stock: 31 roses and 19 tulips.
[2019-09-18 18:35:57.192] [4462] [DEBUG] Current stock in Distribution Center #1: 26 roses and 34 tulips.
[2019-09-18 18:35:57.192] [4453] [INFO] Producer #1.3 (Pablo Lamponne) sent a box with 6 roses and 4 tulips to the Distribution Center #1.
[2019-09-18 18:35:57.192] [4453] [DEBUG] Producer #1.3 (Pablo Lamponne) current stock: 23 roses and 17 tulips.
[2019-09-18 18:35:57.192] [4462] [INFO] Classifier #1 received a box with 3 roses and 7 tulips from provider #1 (Mario Santos).
[2019-09-18 18:35:57.192] [4453] [INFO] Producer #1.3 (Pablo Lamponne) sent a box with 8 roses and 2 tulips to the Distribution Center #1.
[2019-09-18 18:35:57.192] [4462] [DEBUG] Current stock in Distribution Center #1: 29 roses and 41 tulips.
[2019-09-18 18:35:57.192] [4453] [DEBUG] Producer #1.3 (Pablo Lamponne) current stock: 19 roses and 11 tulips.
[2019-09-18 18:35:57.192] [4462] [INFO] Classifier #1 received a box with 7 roses and 3 tulips from provider #1 (Mario Santos).
[2019-09-18 18:35:57.192] [4453] [INFO] Producer #1.3 (Pablo Lamponne) sent a box with 4 roses and 6 tulips to the Distribution Center #1.
[2019-09-18 18:35:57.192] [4460] [INFO] Client Simulator # 1.5 running in process 4465.
[2019-09-18 18:35:57.192] [4462] [DEBUG] Current stock in Distribution Center #1: 36 roses and 44 tulips.
[2019-09-18 18:35:57.192] [4453] [DEBUG] Producer #1.3 (Pablo Lamponne) current stock: 17 roses and 3 tulips.
[2019-09-18 18:35:57.192] [4460] [INFO] Seller # 1.5 started to listen for requests.
[2019-09-18 18:35:57.192] [4453] [INFO] Producer #1.3 (Pablo Lamponne) sent a box with 2 roses and 8 tulips to the Distribution Center #1.
[2019-09-18 18:35:57.192] [4462] [INFO] Classifier #1 received a box with 9 roses and 1 tulips from provider #2 (Emilio Ravenna).
[2019-09-18 18:35:57.192] [4453] [DEBUG] Producer #1.3 (Pablo Lamponne) current stock: 10 roses and 0 tulips.
[2019-09-18 18:35:57.192] [4462] [DEBUG] Current stock in Distribution Center #1: 45 roses and 45 tulips.
[2019-09-18 18:35:57.192] [4453] [INFO] Producer #1.3 (Pablo Lamponne) sent a box with 7 roses and 3 tulips to the Distribution Center #1.
[2019-09-18 18:35:57.192] [4453] [DEBUG] Producer #1.3 (Pablo Lamponne) current stock: 0 roses and 0 tulips.
[2019-09-18 18:35:57.192] [4462] [INFO] Classifier #1 received a box with 3 roses and 7 tulips from provider #1 (Mario Santos).
[2019-09-18 18:35:57.192] [4457] [INFO] Seller # 1.2 received a request for 4 roses and 4 tulips.
[2019-09-18 18:35:57.192] [4453] [INFO] Producer #1.3 (Pablo Lamponne) sent a box with 10 roses and 0 tulips to the Distribution Center #1.
[2019-09-18 18:35:57.192] [4462] [DEBUG] Current stock in Distribution Center #1: 48 roses and 52 tulips.
[2019-09-18 18:35:57.192] [4457] [INFO] Seller # 1.2 received a request for 4 roses and 2 tulips.
[2019-09-18 18:35:57.192] [4453] [INFO] Producer #1.3 (Pablo Lamponne) pipe destroyed.
[2019-09-18 18:35:57.192] [4462] [INFO] Classifier #1 received a box with 5 roses and 5 tulips from provider #2 (Emilio Ravenna).
[2019-09-18 18:35:57.192] [4457] [INFO] Seller # 1.2 received a request for 4 roses and 2 tulips.
[2019-09-18 18:35:57.192] [4462] [DEBUG] Current stock in Distribution Center #1: 53 roses and 57 tulips.
[2019-09-18 18:35:57.192] [4457] [INFO] Seller # 1.2 received a request for 4 roses and 5 tulips.
[2019-09-18 18:35:57.192] [4462] [INFO] Classifier #1 received a box with 8 roses and 2 tulips from provider #1 (Mario Santos).
[2019-09-18 18:35:57.192] [4457] [INFO] Seller # 1.2 received a request for 4 roses and 8 tulips.
[2019-09-18 18:35:57.192] [4462] [DEBUG] Current stock in Distribution Center #1: 61 roses and 59 tulips.
[2019-09-18 18:35:57.192] [4457] [INFO] Client Simulator #1.2 successfully ended without errors.
[2019-09-18 18:35:57.193] [4462] [INFO] Classifier #1 received a box with 6 roses and 4 tulips from provider #1 (Mario Santos).
[2019-09-18 18:35:57.193] [4462] [DEBUG] Current stock in Distribution Center #1: 67 roses and 63 tulips.
[2019-09-18 18:35:57.193] [4462] [INFO] Classifier #1 received a box with 0 roses and 10 tulips from provider #2 (Emilio Ravenna).
[2019-09-18 18:35:57.193] [4462] [DEBUG] Current stock in Distribution Center #1: 67 roses and 73 tulips.
[2019-09-18 18:35:57.193] [4462] [INFO] Classifier #1 received a box with 2 roses and 8 tulips from provider #1 (Mario Santos).
[2019-09-18 18:35:57.193] [4458] [INFO] Client Simulator # 1.3 running in process 4466.
[2019-09-18 18:35:57.193] [4462] [DEBUG] Current stock in Distribution Center #1: 69 roses and 81 tulips.
[2019-09-18 18:35:57.193] [4458] [INFO] Seller # 1.3 started to listen for requests.
[2019-09-18 18:35:57.193] [4462] [INFO] Classifier #1 received a box with 1 roses and 9 tulips from provider #2 (Emilio Ravenna).
[2019-09-18 18:35:57.193] [4462] [DEBUG] Current stock in Distribution Center #1: 70 roses and 90 tulips.
[2019-09-18 18:35:57.193] [4465] [INFO] Generating request for Client #1 in Sale Point #1.5: 5 roses and 4 tulips.
[2019-09-18 18:35:57.193] [4466] [INFO] Generating request for Client #1 in Sale Point #1.3: 2 roses and 1 tulips.
[2019-09-18 18:35:57.193] [4462] [INFO] Classifier #1 received a box with 4 roses and 6 tulips from provider #1 (Mario Santos).
[2019-09-18 18:35:57.193] [4465] [INFO] Generating request for Client #2 in Sale Point #1.5: 0 roses and 3 tulips.
[2019-09-18 18:35:57.193] [4462] [DEBUG] Current stock in Distribution Center #1: 74 roses and 96 tulips.
[2019-09-18 18:35:57.193] [4465] [INFO] Generating request for Client #3 in Sale Point #1.5: 9 roses and 6 tulips.
[2019-09-18 18:35:57.193] [4450] [INFO] Every Producer in Center # 1 finished successfully without errors.
[2019-09-18 18:35:57.193] [4466] [INFO] Generating request for Client #2 in Sale Point #1.3: 4 roses and 1 tulips.
[2019-09-18 18:35:57.193] [4465] [INFO] Generating request for Client #4 in Sale Point #1.5: 1 roses and 0 tulips.
[2019-09-18 18:35:57.193] [4466] [INFO] Generating request for Client #3 in Sale Point #1.3: 9 roses and 2 tulips.
[2019-09-18 18:35:57.193] [4462] [INFO] Classifier #1 received a box with 6 roses and 4 tulips from provider #1 (Mario Santos).
[2019-09-18 18:35:57.193] [4465] [INFO] Generating request for Client #5 in Sale Point #1.5: 0 roses and 2 tulips.
[2019-09-18 18:35:57.193] [4460] [INFO] Seller # 1.5 received a request for 4 roses and 5 tulips.
[2019-09-18 18:35:57.193] [4466] [INFO] Generating request for Client #4 in Sale Point #1.3: 2 roses and 8 tulips.
[2019-09-18 18:35:57.193] [4462] [DEBUG] Current stock in Distribution Center #1: 80 roses and 100 tulips.
[2019-09-18 18:35:57.193] [4460] [INFO] Seller # 1.5 received a request for 4 roses and 0 tulips.
[2019-09-18 18:35:57.193] [4462] [INFO] Classifier #1 received a box with 2 roses and 8 tulips from provider #2 (Emilio Ravenna).
[2019-09-18 18:35:57.193] [4458] [INFO] Seller # 1.3 received a request for 4 roses and 2 tulips.
[2019-09-18 18:35:57.193] [4460] [INFO] Seller # 1.5 received a request for 4 roses and 9 tulips.
[2019-09-18 18:35:57.193] [4462] [DEBUG] Current stock in Distribution Center #1: 82 roses and 108 tulips.
[2019-09-18 18:35:57.193] [4458] [INFO] Seller # 1.3 received a request for 4 roses and 4 tulips.
[2019-09-18 18:35:57.193] [4466] [INFO] Generating request for Client #5 in Sale Point #1.3: 0 roses and 7 tulips.
[2019-09-18 18:35:57.193] [4460] [INFO] Seller # 1.5 received a request for 4 roses and 1 tulips.
[2019-09-18 18:35:57.193] [4462] [INFO] Classifier #1 received a box with 2 roses and 8 tulips from provider #1 (Mario Santos).
[2019-09-18 18:35:57.193] [4458] [INFO] Seller # 1.3 received a request for 4 roses and 9 tulips.
[2019-09-18 18:35:57.193] [4460] [INFO] Seller # 1.5 received a request for 4 roses and 0 tulips.
[2019-09-18 18:35:57.193] [4462] [DEBUG] Current stock in Distribution Center #1: 84 roses and 116 tulips.
[2019-09-18 18:35:57.193] [4458] [INFO] Seller # 1.3 received a request for 4 roses and 2 tulips.
[2019-09-18 18:35:57.193] [4458] [INFO] Seller # 1.3 received a request for 4 roses and 0 tulips.
[2019-09-18 18:35:57.193] [4462] [INFO] Classifier #1 received a box with 9 roses and 1 tulips from provider #2 (Emilio Ravenna).
[2019-09-18 18:35:57.193] [4462] [DEBUG] Current stock in Distribution Center #1: 93 roses and 117 tulips.
[2019-09-18 18:35:57.193] [4462] [INFO] Classifier #1 received a box with 7 roses and 3 tulips from provider #1 (Mario Santos).
[2019-09-18 18:35:57.193] [4462] [DEBUG] Current stock in Distribution Center #1: 100 roses and 120 tulips.
[2019-09-18 18:35:57.194] [4462] [INFO] Classifier #1 received a box with 7 roses and 3 tulips from provider #2 (Emilio Ravenna).
[2019-09-18 18:35:57.194] [4462] [DEBUG] Current stock in Distribution Center #1: 107 roses and 123 tulips.
[2019-09-18 18:35:57.194] [4462] [INFO] Classifier #1 received a box with 4 roses and 6 tulips from provider #1 (Mario Santos).
[2019-09-18 18:35:57.194] [4464] [INFO] Generating request for Client #1 in Sale Point #1.4: 7 roses and 1 tulips.
[2019-09-18 18:35:57.194] [4462] [DEBUG] Current stock in Distribution Center #1: 111 roses and 129 tulips.
[2019-09-18 18:35:57.194] [4464] [INFO] Generating request for Client #2 in Sale Point #1.4: 8 roses and 7 tulips.
[2019-09-18 18:35:57.194] [4462] [INFO] Classifier #1 received a box with 6 roses and 4 tulips from provider #2 (Emilio Ravenna).
[2019-09-18 18:35:57.194] [4464] [INFO] Generating request for Client #3 in Sale Point #1.4: 8 roses and 3 tulips.
[2019-09-18 18:35:57.194] [4462] [DEBUG] Current stock in Distribution Center #1: 117 roses and 133 tulips.
[2019-09-18 18:35:57.194] [4464] [INFO] Generating request for Client #4 in Sale Point #1.4: 2 roses and 9 tulips.
[2019-09-18 18:35:57.194] [4459] [INFO] Seller # 1.4 received a request for 4 roses and 7 tulips.
[2019-09-18 18:35:57.194] [4464] [INFO] Generating request for Client #5 in Sale Point #1.4: 0 roses and 9 tulips.
[2019-09-18 18:35:57.194] [4460] [INFO] Client Simulator #1.5 successfully ended without errors.
[2019-09-18 18:35:57.194] [4462] [INFO] Classifier #1 received a box with 4 roses and 6 tulips from provider #1 (Mario Santos).
[2019-09-18 18:35:57.194] [4459] [INFO] Seller # 1.4 received a request for 4 roses and 8 tulips.
[2019-09-18 18:35:57.194] [4462] [DEBUG] Current stock in Distribution Center #1: 121 roses and 139 tulips.
[2019-09-18 18:35:57.194] [4459] [INFO] Seller # 1.4 received a request for 4 roses and 8 tulips.
[2019-09-18 18:35:57.194] [4462] [INFO] Classifier #1 received a box with 8 roses and 2 tulips from provider #2 (Emilio Ravenna).
[2019-09-18 18:35:57.194] [4459] [INFO] Seller # 1.4 received a request for 4 roses and 2 tulips.
[2019-09-18 18:35:57.194] [4458] [INFO] Client Simulator #1.3 successfully ended without errors.
[2019-09-18 18:35:57.194] [4462] [DEBUG] Current stock in Distribution Center #1: 129 roses and 141 tulips.
[2019-09-18 18:35:57.194] [4459] [INFO] Seller # 1.4 received a request for 4 roses and 0 tulips.
[2019-09-18 18:35:57.194] [4462] [INFO] Classifier #1 received a box with 8 roses and 2 tulips from provider #1 (Mario Santos).
[2019-09-18 18:35:57.194] [4462] [DEBUG] Current stock in Distribution Center #1: 137 roses and 143 tulips.
[2019-09-18 18:35:57.194] [4462] [INFO] Classifier #1 received a box with 1 roses and 9 tulips from provider #4 (Gabriel Medina).
[2019-09-18 18:35:57.194] [4462] [DEBUG] Current stock in Distribution Center #1: 138 roses and 152 tulips.
[2019-09-18 18:35:57.194] [4462] [INFO] Classifier #1 received a box with 2 roses and 8 tulips from provider #2 (Emilio Ravenna).
[2019-09-18 18:35:57.194] [4462] [DEBUG] Current stock in Distribution Center #1: 140 roses and 160 tulips.
[2019-09-18 18:35:57.194] [4462] [INFO] Classifier #1 received a box with 10 roses and 0 tulips from provider #1 (Mario Santos).
[2019-09-18 18:35:57.194] [4462] [DEBUG] Current stock in Distribution Center #1: 150 roses and 160 tulips.
[2019-09-18 18:35:57.194] [4462] [INFO] Classifier #1 received a box with 9 roses and 1 tulips from provider #4 (Gabriel Medina).
[2019-09-18 18:35:57.194] [4462] [DEBUG] Current stock in Distribution Center #1: 159 roses and 161 tulips.
[2019-09-18 18:35:57.194] [4459] [INFO] Client Simulator #1.4 successfully ended without errors.
[2019-09-18 18:35:57.194] [4462] [INFO] Classifier #1 received a box with 0 roses and 10 tulips from provider #2 (Emilio Ravenna).
[2019-09-18 18:35:57.195] [4462] [DEBUG] Current stock in Distribution Center #1: 159 roses and 171 tulips.
[2019-09-18 18:35:57.195] [4462] [INFO] Classifier #1 received a box with 0 roses and 10 tulips from provider #4 (Gabriel Medina).
[2019-09-18 18:35:57.195] [4462] [DEBUG] Current stock in Distribution Center #1: 159 roses and 181 tulips.
[2019-09-18 18:35:57.195] [4462] [INFO] Classifier #1 received a box with 7 roses and 3 tulips from provider #2 (Emilio Ravenna).
[2019-09-18 18:35:57.195] [4462] [DEBUG] Current stock in Distribution Center #1: 166 roses and 184 tulips.
[2019-09-18 18:35:57.195] [4462] [INFO] Classifier #1 received a box with 1 roses and 9 tulips from provider #4 (Gabriel Medina).
[2019-09-18 18:35:57.195] [4462] [DEBUG] Current stock in Distribution Center #1: 167 roses and 193 tulips.
[2019-09-18 18:35:57.195] [4462] [INFO] Classifier #1 received a box with 5 roses and 5 tulips from provider #5 (Franco Milazzo).
[2019-09-18 18:35:57.195] [4462] [DEBUG] Current stock in Distribution Center #1: 172 roses and 198 tulips.
[2019-09-18 18:35:57.195] [4462] [INFO] Classifier #1 received a box with 4 roses and 6 tulips from provider #2 (Emilio Ravenna).
[2019-09-18 18:35:57.195] [4462] [DEBUG] Current stock in Distribution Center #1: 176 roses and 204 tulips.
[2019-09-18 18:35:57.195] [4462] [INFO] Classifier #1 received a box with 3 roses and 7 tulips from provider #4 (Gabriel Medina).
[2019-09-18 18:35:57.195] [4462] [DEBUG] Current stock in Distribution Center #1: 179 roses and 211 tulips.
[2019-09-18 18:35:57.195] [4462] [INFO] Classifier #1 received a box with 6 roses and 4 tulips from provider #5 (Franco Milazzo).
[2019-09-18 18:35:57.195] [4462] [DEBUG] Current stock in Distribution Center #1: 185 roses and 215 tulips.
[2019-09-18 18:35:57.195] [4450] [INFO] Every Seller in Center # 1 finished successfully without errors.
[2019-09-18 18:35:57.195] [4462] [INFO] Classifier #1 received a box with 2 roses and 8 tulips from provider #2 (Emilio Ravenna).
[2019-09-18 18:35:57.195] [4462] [DEBUG] Current stock in Distribution Center #1: 187 roses and 223 tulips.
[2019-09-18 18:35:57.195] [4462] [INFO] Classifier #1 received a box with 3 roses and 7 tulips from provider #4 (Gabriel Medina).
[2019-09-18 18:35:57.195] [4462] [DEBUG] Current stock in Distribution Center #1: 190 roses and 230 tulips.
[2019-09-18 18:35:57.195] [4462] [INFO] Classifier #1 received a box with 1 roses and 9 tulips from provider #5 (Franco Milazzo).
[2019-09-18 18:35:57.195] [4462] [DEBUG] Current stock in Distribution Center #1: 191 roses and 239 tulips.
[2019-09-18 18:35:57.195] [4462] [INFO] Classifier #1 received a box with 9 roses and 1 tulips from provider #2 (Emilio Ravenna).
[2019-09-18 18:35:57.195] [4462] [DEBUG] Current stock in Distribution Center #1: 200 roses and 240 tulips.
[2019-09-18 18:35:57.195] [4462] [INFO] Classifier #1 received a box with 3 roses and 7 tulips from provider #4 (Gabriel Medina).
[2019-09-18 18:35:57.195] [4462] [DEBUG] Current stock in Distribution Center #1: 203 roses and 247 tulips.
[2019-09-18 18:35:57.195] [4462] [INFO] Classifier #1 received a box with 0 roses and 10 tulips from provider #5 (Franco Milazzo).
[2019-09-18 18:35:57.195] [4462] [DEBUG] Current stock in Distribution Center #1: 203 roses and 257 tulips.
[2019-09-18 18:35:57.195] [4462] [INFO] Classifier #1 received a box with 2 roses and 8 tulips from provider #4 (Gabriel Medina).
[2019-09-18 18:35:57.195] [4462] [DEBUG] Current stock in Distribution Center #1: 205 roses and 265 tulips.
[2019-09-18 18:35:57.196] [4462] [INFO] Classifier #1 received a box with 8 roses and 2 tulips from provider #2 (Emilio Ravenna).
[2019-09-18 18:35:57.196] [4462] [DEBUG] Current stock in Distribution Center #1: 213 roses and 267 tulips.
[2019-09-18 18:35:57.196] [4462] [INFO] Classifier #1 received a box with 5 roses and 5 tulips from provider #5 (Franco Milazzo).
[2019-09-18 18:35:57.196] [4462] [DEBUG] Current stock in Distribution Center #1: 218 roses and 272 tulips.
[2019-09-18 18:35:57.196] [4462] [INFO] Classifier #1 received a box with 5 roses and 5 tulips from provider #4 (Gabriel Medina).
[2019-09-18 18:35:57.196] [4462] [DEBUG] Current stock in Distribution Center #1: 223 roses and 277 tulips.
[2019-09-18 18:35:57.196] [4462] [INFO] Classifier #1 received a box with 7 roses and 3 tulips from provider #2 (Emilio Ravenna).
[2019-09-18 18:35:57.196] [4462] [DEBUG] Current stock in Distribution Center #1: 230 roses and 280 tulips.
[2019-09-18 18:35:57.196] [4462] [INFO] Classifier #1 received a box with 2 roses and 8 tulips from provider #5 (Franco Milazzo).
[2019-09-18 18:35:57.196] [4462] [DEBUG] Current stock in Distribution Center #1: 232 roses and 288 tulips.
[2019-09-18 18:35:57.196] [4462] [INFO] Classifier #1 received a box with 6 roses and 4 tulips from provider #2 (Emilio Ravenna).
[2019-09-18 18:35:57.196] [4462] [DEBUG] Current stock in Distribution Center #1: 238 roses and 292 tulips.
[2019-09-18 18:35:57.196] [4462] [INFO] Classifier #1 received a box with 5 roses and 5 tulips from provider #4 (Gabriel Medina).
[2019-09-18 18:35:57.196] [4462] [DEBUG] Current stock in Distribution Center #1: 243 roses and 297 tulips.
[2019-09-18 18:35:57.196] [4462] [INFO] Classifier #1 received a box with 8 roses and 2 tulips from provider #5 (Franco Milazzo).
[2019-09-18 18:35:57.196] [4462] [DEBUG] Current stock in Distribution Center #1: 251 roses and 299 tulips.
[2019-09-18 18:35:57.196] [4462] [INFO] Classifier #1 received a box with 0 roses and 10 tulips from provider #4 (Gabriel Medina).
[2019-09-18 18:35:57.196] [4462] [DEBUG] Current stock in Distribution Center #1: 251 roses and 309 tulips.
[2019-09-18 18:35:57.196] [4462] [INFO] Classifier #1 received a box with 3 roses and 7 tulips from provider #2 (Emilio Ravenna).
[2019-09-18 18:35:57.196] [4462] [DEBUG] Current stock in Distribution Center #1: 254 roses and 316 tulips.
[2019-09-18 18:35:57.196] [4462] [INFO] Classifier #1 received a box with 4 roses and 6 tulips from provider #5 (Franco Milazzo).
[2019-09-18 18:35:57.196] [4462] [DEBUG] Current stock in Distribution Center #1: 258 roses and 322 tulips.
[2019-09-18 18:35:57.196] [4462] [INFO] Classifier #1 received a box with 5 roses and 5 tulips from provider #4 (Gabriel Medina).
[2019-09-18 18:35:57.196] [4462] [DEBUG] Current stock in Distribution Center #1: 263 roses and 327 tulips.
[2019-09-18 18:35:57.196] [4462] [INFO] Classifier #1 received a box with 5 roses and 5 tulips from provider #2 (Emilio Ravenna).
[2019-09-18 18:35:57.196] [4462] [DEBUG] Current stock in Distribution Center #1: 268 roses and 332 tulips.
[2019-09-18 18:35:57.196] [4462] [INFO] Classifier #1 received a box with 7 roses and 3 tulips from provider #5 (Franco Milazzo).
[2019-09-18 18:35:57.196] [4462] [DEBUG] Current stock in Distribution Center #1: 275 roses and 335 tulips.
[2019-09-18 18:35:57.196] [4462] [INFO] Classifier #1 received a box with 3 roses and 7 tulips from provider #4 (Gabriel Medina).
[2019-09-18 18:35:57.196] [4462] [DEBUG] Current stock in Distribution Center #1: 278 roses and 342 tulips.
[2019-09-18 18:35:57.196] [4462] [INFO] Classifier #1 received a box with 3 roses and 7 tulips from provider #5 (Franco Milazzo).
[2019-09-18 18:35:57.196] [4462] [DEBUG] Current stock in Distribution Center #1: 281 roses and 349 tulips.
[2019-09-18 18:35:57.196] [4462] [INFO] Classifier #1 received a box with 4 roses and 6 tulips from provider #4 (Gabriel Medina).
[2019-09-18 18:35:57.197] [4462] [DEBUG] Current stock in Distribution Center #1: 285 roses and 355 tulips.
[2019-09-18 18:35:57.197] [4462] [INFO] Classifier #1 received a box with 3 roses and 7 tulips from provider #5 (Franco Milazzo).
[2019-09-18 18:35:57.197] [4462] [DEBUG] Current stock in Distribution Center #1: 288 roses and 362 tulips.
[2019-09-18 18:35:57.197] [4462] [INFO] Classifier #1 received a box with 9 roses and 1 tulips from provider #4 (Gabriel Medina).
[2019-09-18 18:35:57.197] [4462] [DEBUG] Current stock in Distribution Center #1: 297 roses and 363 tulips.
[2019-09-18 18:35:57.197] [4462] [INFO] Classifier #1 received a box with 7 roses and 3 tulips from provider #5 (Franco Milazzo).
[2019-09-18 18:35:57.197] [4462] [DEBUG] Current stock in Distribution Center #1: 304 roses and 366 tulips.
[2019-09-18 18:35:57.197] [4462] [INFO] Classifier #1 received a box with 7 roses and 3 tulips from provider #4 (Gabriel Medina).
[2019-09-18 18:35:57.197] [4462] [DEBUG] Current stock in Distribution Center #1: 311 roses and 369 tulips.
[2019-09-18 18:35:57.197] [4462] [INFO] Classifier #1 received a box with 9 roses and 1 tulips from provider #5 (Franco Milazzo).
[2019-09-18 18:35:57.197] [4462] [DEBUG] Current stock in Distribution Center #1: 320 roses and 370 tulips.
[2019-09-18 18:35:57.197] [4462] [INFO] Classifier #1 received a box with 10 roses and 0 tulips from provider #4 (Gabriel Medina).
[2019-09-18 18:35:57.197] [4462] [DEBUG] Current stock in Distribution Center #1: 330 roses and 370 tulips.
[2019-09-18 18:35:57.197] [4462] [INFO] Classifier #1 received a box with 3 roses and 7 tulips from provider #5 (Franco Milazzo).
[2019-09-18 18:35:57.197] [4462] [DEBUG] Current stock in Distribution Center #1: 333 roses and 377 tulips.
[2019-09-18 18:35:57.197] [4462] [INFO] Classifier #1 received a box with 10 roses and 0 tulips from provider #4 (Gabriel Medina).
[2019-09-18 18:35:57.197] [4462] [DEBUG] Current stock in Distribution Center #1: 343 roses and 377 tulips.
[2019-09-18 18:35:57.197] [4462] [INFO] Classifier #1 received a box with 6 roses and 4 tulips from provider #5 (Franco Milazzo).
[2019-09-18 18:35:57.197] [4462] [DEBUG] Current stock in Distribution Center #1: 349 roses and 381 tulips.
[2019-09-18 18:35:57.197] [4462] [INFO] Classifier #1 received a box with 10 roses and 0 tulips from provider #4 (Gabriel Medina).
[2019-09-18 18:35:57.197] [4462] [DEBUG] Current stock in Distribution Center #1: 359 roses and 381 tulips.
[2019-09-18 18:35:57.197] [4462] [INFO] Classifier #1 received a box with 4 roses and 6 tulips from provider #5 (Franco Milazzo).
[2019-09-18 18:35:57.197] [4462] [DEBUG] Current stock in Distribution Center #1: 363 roses and 387 tulips.
[2019-09-18 18:35:57.197] [4462] [INFO] Classifier #1 received a box with 10 roses and 0 tulips from provider #4 (Gabriel Medina).
[2019-09-18 18:35:57.197] [4462] [DEBUG] Current stock in Distribution Center #1: 373 roses and 387 tulips.
[2019-09-18 18:35:57.197] [4462] [INFO] Classifier #1 received a box with 4 roses and 6 tulips from provider #5 (Franco Milazzo).
[2019-09-18 18:35:57.197] [4462] [DEBUG] Current stock in Distribution Center #1: 377 roses and 393 tulips.
[2019-09-18 18:35:57.197] [4462] [INFO] Classifier #1 received a box with 8 roses and 2 tulips from provider #5 (Franco Milazzo).
[2019-09-18 18:35:57.197] [4462] [DEBUG] Current stock in Distribution Center #1: 385 roses and 395 tulips.
[2019-09-18 18:35:57.197] [4462] [INFO] Classifier #1 received a box with 5 roses and 5 tulips from provider #5 (Franco Milazzo).
[2019-09-18 18:35:57.197] [4462] [DEBUG] Current stock in Distribution Center #1: 390 roses and 400 tulips.
[2019-09-18 18:35:57.198] [4462] [INFO] Classifier #1 received a box with 10 roses and 0 tulips from provider #5 (Franco Milazzo).
[2019-09-18 18:35:57.198] [4462] [DEBUG] Current stock in Distribution Center #1: 400 roses and 400 tulips.
[2019-09-18 18:35:57.198] [4462] [INFO] Classifier #1 received a box with 4 roses and 6 tulips from provider #3 (Pablo Lamponne).
[2019-09-18 18:35:57.198] [4462] [DEBUG] Current stock in Distribution Center #1: 404 roses and 406 tulips.
[2019-09-18 18:35:57.198] [4462] [INFO] Classifier #1 received a box with 1 roses and 9 tulips from provider #3 (Pablo Lamponne).
[2019-09-18 18:35:57.198] [4462] [DEBUG] Current stock in Distribution Center #1: 405 roses and 415 tulips.
[2019-09-18 18:35:57.198] [4462] [INFO] Classifier #1 received a box with 8 roses and 2 tulips from provider #3 (Pablo Lamponne).
[2019-09-18 18:35:57.198] [4462] [DEBUG] Current stock in Distribution Center #1: 413 roses and 417 tulips.
[2019-09-18 18:35:57.198] [4462] [INFO] Classifier #1 received a box with 3 roses and 7 tulips from provider #3 (Pablo Lamponne).
[2019-09-18 18:35:57.198] [4462] [DEBUG] Current stock in Distribution Center #1: 416 roses and 424 tulips.
[2019-09-18 18:35:57.198] [4462] [INFO] Classifier #1 received a box with 3 roses and 7 tulips from provider #3 (Pablo Lamponne).
[2019-09-18 18:35:57.198] [4462] [DEBUG] Current stock in Distribution Center #1: 419 roses and 431 tulips.
[2019-09-18 18:35:57.198] [4462] [INFO] Classifier #1 received a box with 9 roses and 1 tulips from provider #3 (Pablo Lamponne).
[2019-09-18 18:35:57.198] [4462] [DEBUG] Current stock in Distribution Center #1: 428 roses and 432 tulips.
[2019-09-18 18:35:57.198] [4462] [INFO] Classifier #1 received a box with 0 roses and 10 tulips from provider #3 (Pablo Lamponne).
[2019-09-18 18:35:57.198] [4462] [DEBUG] Current stock in Distribution Center #1: 428 roses and 442 tulips.
[2019-09-18 18:35:57.198] [4462] [INFO] Classifier #1 received a box with 7 roses and 3 tulips from provider #3 (Pablo Lamponne).
[2019-09-18 18:35:57.198] [4462] [DEBUG] Current stock in Distribution Center #1: 435 roses and 445 tulips.
[2019-09-18 18:35:57.198] [4462] [INFO] Classifier #1 received a box with 0 roses and 10 tulips from provider #3 (Pablo Lamponne).
[2019-09-18 18:35:57.198] [4462] [DEBUG] Current stock in Distribution Center #1: 435 roses and 455 tulips.
[2019-09-18 18:35:57.198] [4462] [INFO] Classifier #1 received a box with 7 roses and 3 tulips from provider #3 (Pablo Lamponne).
[2019-09-18 18:35:57.198] [4462] [DEBUG] Current stock in Distribution Center #1: 442 roses and 458 tulips.
[2019-09-18 18:35:57.198] [4462] [INFO] Classifier #1 received a box with 4 roses and 6 tulips from provider #3 (Pablo Lamponne).
[2019-09-18 18:35:57.198] [4462] [DEBUG] Current stock in Distribution Center #1: 446 roses and 464 tulips.
[2019-09-18 18:35:57.198] [4462] [INFO] Classifier #1 received a box with 5 roses and 5 tulips from provider #3 (Pablo Lamponne).
[2019-09-18 18:35:57.198] [4462] [DEBUG] Current stock in Distribution Center #1: 451 roses and 469 tulips.
[2019-09-18 18:35:57.198] [4462] [INFO] Classifier #1 received a box with 9 roses and 1 tulips from provider #3 (Pablo Lamponne).
[2019-09-18 18:35:57.198] [4462] [DEBUG] Current stock in Distribution Center #1: 460 roses and 470 tulips.
[2019-09-18 18:35:57.198] [4462] [INFO] Classifier #1 received a box with 3 roses and 7 tulips from provider #3 (Pablo Lamponne).
[2019-09-18 18:35:57.198] [4462] [DEBUG] Current stock in Distribution Center #1: 463 roses and 477 tulips.
[2019-09-18 18:35:57.198] [4462] [INFO] Classifier #1 received a box with 6 roses and 4 tulips from provider #3 (Pablo Lamponne).
[2019-09-18 18:35:57.198] [4462] [DEBUG] Current stock in Distribution Center #1: 469 roses and 481 tulips.
[2019-09-18 18:35:57.198] [4462] [INFO] Classifier #1 received a box with 8 roses and 2 tulips from provider #3 (Pablo Lamponne).
[2019-09-18 18:35:57.198] [4462] [DEBUG] Current stock in Distribution Center #1: 477 roses and 483 tulips.
[2019-09-18 18:35:57.199] [4462] [INFO] Classifier #1 received a box with 4 roses and 6 tulips from provider #3 (Pablo Lamponne).
[2019-09-18 18:35:57.199] [4462] [DEBUG] Current stock in Distribution Center #1: 481 roses and 489 tulips.
[2019-09-18 18:35:57.199] [4462] [INFO] Classifier #1 received a box with 2 roses and 8 tulips from provider #3 (Pablo Lamponne).
[2019-09-18 18:35:57.199] [4462] [DEBUG] Current stock in Distribution Center #1: 483 roses and 497 tulips.
[2019-09-18 18:35:57.199] [4462] [INFO] Classifier #1 received a box with 7 roses and 3 tulips from provider #3 (Pablo Lamponne).
[2019-09-18 18:35:57.199] [4462] [DEBUG] Current stock in Distribution Center #1: 490 roses and 500 tulips.
[2019-09-18 18:35:57.199] [4462] [INFO] Classifier #1 received a box with 10 roses and 0 tulips from provider #3 (Pablo Lamponne).
[2019-09-18 18:35:57.199] [4462] [DEBUG] Current stock in Distribution Center #1: 500 roses and 500 tulips.
[2019-09-18 18:35:57.199] [4462] [INFO] Classifier #1 pipe destroyed.
[2019-09-18 18:35:57.199] [4450] [INFO] Classifier in Center #1 successfully ended without errors.
[2019-09-18 18:35:57.199] [4450] [INFO] Producers pipe in Distribution Center #1 destroyed.
[2019-09-18 18:35:57.199] [4450] [INFO] Requests pipe in Distribution Center #1 destroyed.
[2019-09-18 18:35:57.199] [4450] [INFO] Distribution pipe #1 in Distribution Center #1 destroyed.
[2019-09-18 18:35:57.200] [4450] [INFO] Distribution pipe #2 in Distribution Center #1 destroyed.
[2019-09-18 18:35:57.200] [4450] [INFO] Distribution pipe #3 in Distribution Center #1 destroyed.
[2019-09-18 18:35:57.200] [4450] [INFO] Distribution pipe #4 in Distribution Center #1 destroyed.
[2019-09-18 18:35:57.200] [4450] [INFO] Distribution pipe #5 in Distribution Center #1 destroyed.
[2019-09-18 18:35:57.200] [4440] [INFO] Every Distribution Center finished successfully without errors.
[2019-09-18 18:35:57.200] [4440] [INFO] System finished successfully.
[2019-09-18 18:35:58.371] [4440] [INFO] Main program finished.
